#
# There is insufficient memory for the Java Runtime Environment to continue.
# Native memory allocation (malloc) failed to allocate 974896 bytes for Chunk::new
# Possible reasons:
#   The system is out of physical RAM or swap space
#   The process is running with CompressedOops enabled, and the Java Heap may be blocking the growth of the native heap
# Possible solutions:
#   Reduce memory load on the system
#   Increase physical memory or swap space
#   Check if swap backing store is full
#   Decrease Java heap size (-Xmx/-Xms)
#   Decrease number of Java threads
#   Decrease Java thread stack sizes (-Xss)
#   Set larger code cache with -XX:ReservedCodeCacheSize=
#   JVM is running with Unscaled Compressed Oops mode in which the Java heap is
#     placed in the first 4GB address space. The Java Heap base address is the
#     maximum limit for the native heap growth. Please use -XX:HeapBaseMinAddress
#     to set the Java Heap base and to place the Java Heap above 4GB virtual address.
# This output file may be truncated or incomplete.
#
#  Out of Memory Error (src/hotspot/share/memory/arena.cpp:197), pid=6796, tid=1844
#
# JRE version: OpenJDK Runtime Environment (11.0.15) (build 11.0.15+0-b2043.56-8887301)
# Java VM: OpenJDK 64-Bit Server VM (11.0.15+0-b2043.56-8887301, mixed mode, tiered, compressed oops, g1 gc, windows-amd64)
# No core dump will be written. Minidumps are not enabled by default on client versions of Windows
#

---------------  S U M M A R Y ------------

Command Line: --add-opens=java.base/java.util=ALL-UNNAMED --add-opens=java.base/java.lang=ALL-UNNAMED --add-opens=java.base/java.lang.invoke=ALL-UNNAMED --add-opens=java.base/java.util=ALL-UNNAMED --add-opens=java.prefs/java.util.prefs=ALL-UNNAMED --add-opens=java.prefs/java.util.prefs=ALL-UNNAMED --add-opens=java.base/java.nio.charset=ALL-UNNAMED --add-opens=java.base/java.net=ALL-UNNAMED --add-opens=java.base/java.util.concurrent.atomic=ALL-UNNAMED -Xmx2048m -Dfile.encoding=UTF-8 -Duser.country=RU -Duser.language=ru -Duser.variant org.gradle.launcher.daemon.bootstrap.GradleDaemon 7.5

Host: Intel(R) Core(TM) i5-9300H CPU @ 2.40GHz, 8 cores, 15G,  Windows 10 , 64 bit Build 18362 (10.0.18362.329)
Time: Mon May 15 17:06:47 2023 RTZ 2 (зима) elapsed time: 76.954061 seconds (0d 0h 1m 16s)

---------------  T H R E A D  ---------------

Current thread (0x0000021d4a80d000):  JavaThread "C2 CompilerThread1" daemon [_thread_in_native, id=1844, stack(0x0000002e80600000,0x0000002e80700000)]


Current CompileTask:
C2:  76954 12754       4       sun.invoke.util.VerifyAccess::isClassAccessible (182 bytes)

Stack: [0x0000002e80600000,0x0000002e80700000]
Native frames: (J=compiled Java code, j=interpreted, Vv=VM code, C=native code)
V  [jvm.dll+0x64135a]
V  [jvm.dll+0x7d39f9]
V  [jvm.dll+0x7d51b9]
V  [jvm.dll+0x7d58a3]
V  [jvm.dll+0x2691c5]
V  [jvm.dll+0xc1a5c]
V  [jvm.dll+0xc200c]
V  [jvm.dll+0x3774a7]
V  [jvm.dll+0x1b3732]
V  [jvm.dll+0x22163e]
V  [jvm.dll+0x220498]
V  [jvm.dll+0x19e851]
V  [jvm.dll+0x230479]
V  [jvm.dll+0x22e5ef]
V  [jvm.dll+0x794de1]
V  [jvm.dll+0x78dc24]
V  [jvm.dll+0x6400f6]
C  [ucrtbase.dll+0x20e72]
C  [KERNEL32.DLL+0x17bd4]
C  [ntdll.dll+0x6ced1]


---------------  P R O C E S S  ---------------

Threads class SMR info:
_java_thread_list=0x0000021d4965a950, length=152, elements={
0x0000021d248ab800, 0x0000021d3f5bf000, 0x0000021d3f5c0800, 0x0000021d3f622000,
0x0000021d3f623000, 0x0000021d3f624000, 0x0000021d3f627000, 0x0000021d3f62d800,
0x0000021d3f630800, 0x0000021d3f79b800, 0x0000021d405f5800, 0x0000021d415b3800,
0x0000021d409e4800, 0x0000021d41c56800, 0x0000021d40d7b800, 0x0000021d40c70800,
0x0000021d40c71000, 0x0000021d40c72800, 0x0000021d410cf000, 0x0000021d41aab000,
0x0000021d41aa8800, 0x0000021d41aaa800, 0x0000021d41aa6000, 0x0000021d41aa7000,
0x0000021d41aac000, 0x0000021d41aa8000, 0x0000021d41aa9800, 0x0000021d41aac800,
0x0000021d3fd7f000, 0x0000021d3fd81000, 0x0000021d3fd80800, 0x0000021d3fd82000,
0x0000021d3fd83000, 0x0000021d3fd83800, 0x0000021d3fd84800, 0x0000021d3fd7f800,
0x0000021d3fd8c000, 0x0000021d3fd86000, 0x0000021d3fd87000, 0x0000021d3fd8c800,
0x0000021d3fd88800, 0x0000021d3fd8a000, 0x0000021d3fd89800, 0x0000021d3fd8b000,
0x0000021d3fd8d800, 0x0000021d3fd87800, 0x0000021d40a7f800, 0x0000021d40a82000,
0x0000021d40a7d000, 0x0000021d40a7d800, 0x0000021d40a80000, 0x0000021d40a81000,
0x0000021d40a83800, 0x0000021d40a82800, 0x0000021d40a7e800, 0x0000021d42b5e000,
0x0000021d42b5d000, 0x0000021d42b5c000, 0x0000021d42b5e800, 0x0000021d42b59000,
0x0000021d42b5a800, 0x0000021d42b5b800, 0x0000021d42b5f800, 0x0000021d42b59800,
0x0000021d42b62800, 0x0000021d42b63800, 0x0000021d42b60000, 0x0000021d42b64800,
0x0000021d42b61000, 0x0000021d42b65000, 0x0000021d42b66000, 0x0000021d42b67800,
0x0000021d42b66800, 0x0000021d42b62000, 0x0000021d45a2d000, 0x0000021d45a31000,
0x0000021d45a2e000, 0x0000021d45a33800, 0x0000021d45a32000, 0x0000021d45a30000,
0x0000021d45a2f800, 0x0000021d45a34800, 0x0000021d45a32800, 0x0000021d45a2e800,
0x0000021d45a3a000, 0x0000021d45a39000, 0x0000021d45a36000, 0x0000021d45a38800,
0x0000021d45a3b000, 0x0000021d45a37000, 0x0000021d45a37800, 0x0000021d45a35000,
0x0000021d45a3b800, 0x0000021d45cb2800, 0x0000021d45cac800, 0x0000021d45cad800,
0x0000021d45cae800, 0x0000021d45cb4000, 0x0000021d45cb5000, 0x0000021d45cb1800,
0x0000021d45cb3000, 0x0000021d45cb0000, 0x0000021d45caf000, 0x0000021d45cb5800,
0x0000021d45cb6800, 0x0000021d45cb0800, 0x0000021d45cba800, 0x0000021d45cb7800,
0x0000021d45cb8000, 0x0000021d45cb9000, 0x0000021d45cb9800, 0x0000021d45cbb800,
0x0000021d3fd4b800, 0x0000021d3fd4a000, 0x0000021d3fd4c800, 0x0000021d3fd4b000,
0x0000021d3fd4d800, 0x0000021d3fd49800, 0x0000021d3fd53000, 0x0000021d3fd4e000,
0x0000021d3fd4f000, 0x0000021d3fd51800, 0x0000021d3fd50800, 0x0000021d3fd54000,
0x0000021d3fd55800, 0x0000021d3fd54800, 0x0000021d3fd50000, 0x0000021d3fd58000,
0x0000021d3fd56800, 0x0000021d3fd57000, 0x0000021d3fd52800, 0x0000021d432a5000,
0x0000021d432a6000, 0x0000021d432a8000, 0x0000021d432ab800, 0x0000021d432ac800,
0x0000021d432a6800, 0x0000021d432aa800, 0x0000021d432a9000, 0x0000021d432aa000,
0x0000021d432ad000, 0x0000021d432a7800, 0x0000021d432b3000, 0x0000021d432b1000,
0x0000021d432ae000, 0x0000021d432af000, 0x0000021d432af800, 0x0000021d432b2000,
0x0000021d432b3800, 0x0000021d47631800, 0x0000021d4a80d000, 0x0000021d4a80e000
}

Java Threads: ( => current thread )
  0x0000021d248ab800 JavaThread "main" [_thread_blocked, id=14572, stack(0x0000002ef6100000,0x0000002ef6200000)]
  0x0000021d3f5bf000 JavaThread "Reference Handler" daemon [_thread_blocked, id=7552, stack(0x0000002ef6800000,0x0000002ef6900000)]
  0x0000021d3f5c0800 JavaThread "Finalizer" daemon [_thread_blocked, id=9656, stack(0x0000002ef6900000,0x0000002ef6a00000)]
  0x0000021d3f622000 JavaThread "Signal Dispatcher" daemon [_thread_blocked, id=13820, stack(0x0000002ef6a00000,0x0000002ef6b00000)]
  0x0000021d3f623000 JavaThread "Attach Listener" daemon [_thread_blocked, id=16192, stack(0x0000002ef6b00000,0x0000002ef6c00000)]
  0x0000021d3f624000 JavaThread "Service Thread" daemon [_thread_blocked, id=1392, stack(0x0000002ef6c00000,0x0000002ef6d00000)]
  0x0000021d3f627000 JavaThread "C2 CompilerThread0" daemon [_thread_blocked, id=8700, stack(0x0000002ef6d00000,0x0000002ef6e00000)]
  0x0000021d3f62d800 JavaThread "C1 CompilerThread0" daemon [_thread_blocked, id=8848, stack(0x0000002ef6e00000,0x0000002ef6f00000)]
  0x0000021d3f630800 JavaThread "Sweeper thread" daemon [_thread_blocked, id=3048, stack(0x0000002ef6f00000,0x0000002ef7000000)]
  0x0000021d3f79b800 JavaThread "Common-Cleaner" daemon [_thread_blocked, id=12932, stack(0x0000002ef7000000,0x0000002ef7100000)]
  0x0000021d405f5800 JavaThread "Daemon health stats" [_thread_blocked, id=13240, stack(0x0000002ef7800000,0x0000002ef7900000)]
  0x0000021d415b3800 JavaThread "Incoming local TCP Connector on port 50129" [_thread_in_native, id=13780, stack(0x0000002ef7700000,0x0000002ef7800000)]
  0x0000021d409e4800 JavaThread "Daemon periodic checks" [_thread_blocked, id=4128, stack(0x0000002ef7900000,0x0000002ef7a00000)]
  0x0000021d41c56800 JavaThread "Daemon" [_thread_blocked, id=7896, stack(0x0000002ef7a00000,0x0000002ef7b00000)]
  0x0000021d40d7b800 JavaThread "Handler for socket connection from /127.0.0.1:50129 to /127.0.0.1:50130" [_thread_in_native, id=4748, stack(0x0000002ef7b00000,0x0000002ef7c00000)]
  0x0000021d40c70800 JavaThread "Cancel handler" [_thread_blocked, id=16188, stack(0x0000002ef7c00000,0x0000002ef7d00000)]
  0x0000021d40c71000 JavaThread "Daemon worker" [_thread_blocked, id=8864, stack(0x0000002ef7d00000,0x0000002ef7e00000)]
  0x0000021d40c72800 JavaThread "Asynchronous log dispatcher for DefaultDaemonConnection: socket connection from /127.0.0.1:50129 to /127.0.0.1:50130" [_thread_blocked, id=4384, stack(0x0000002ef7e00000,0x0000002ef7f00000)]
  0x0000021d410cf000 JavaThread "Daemon client event forwarder" [_thread_blocked, id=11596, stack(0x0000002ef8000000,0x0000002ef8100000)]
  0x0000021d41aab000 JavaThread "Cache worker for journal cache (D:\PRG\ANDROID\caches\journal-1)" [_thread_blocked, id=7856, stack(0x0000002ef8100000,0x0000002ef8200000)]
  0x0000021d41aa8800 JavaThread "File lock request listener" [_thread_in_native, id=9212, stack(0x0000002ef8200000,0x0000002ef8300000)]
  0x0000021d41aaa800 JavaThread "Cache worker for file hash cache (D:\PRG\ANDROID\caches\7.5\fileHashes)" [_thread_blocked, id=7136, stack(0x0000002ef8600000,0x0000002ef8700000)]
  0x0000021d41aa6000 JavaThread "File watcher server" daemon [_thread_in_native, id=11616, stack(0x0000002ef8700000,0x0000002ef8800000)]
  0x0000021d41aa7000 JavaThread "File watcher consumer" daemon [_thread_blocked, id=3184, stack(0x0000002ef8800000,0x0000002ef8900000)]
  0x0000021d41aac000 JavaThread "Cache worker for checksums cache (D:\PRG\ANDROID\PROEKT\KalkVad_2_10\.gradle\7.5\checksums)" [_thread_blocked, id=5280, stack(0x0000002ef8900000,0x0000002ef8a00000)]
  0x0000021d41aa8000 JavaThread "Cache worker for cache directory md-rule (D:\PRG\ANDROID\caches\7.5\md-rule)" [_thread_blocked, id=12964, stack(0x0000002ef8a00000,0x0000002ef8b00000)]
  0x0000021d41aa9800 JavaThread "Cache worker for file content cache (D:\PRG\ANDROID\caches\7.5\fileContent)" [_thread_blocked, id=10948, stack(0x0000002ef8b00000,0x0000002ef8c00000)]
  0x0000021d41aac800 JavaThread "Cache worker for file hash cache (D:\PRG\ANDROID\PROEKT\KalkVad_2_10\.gradle\7.5\fileHashes)" [_thread_blocked, id=9908, stack(0x0000002ef8c00000,0x0000002ef8d00000)]
  0x0000021d3fd7f000 JavaThread "Cache worker for cache directory md-supplier (D:\PRG\ANDROID\caches\7.5\md-supplier)" [_thread_blocked, id=5480, stack(0x0000002ef8d00000,0x0000002ef8e00000)]
  0x0000021d3fd81000 JavaThread "Cache worker for execution history cache (D:\PRG\ANDROID\caches\7.5\executionHistory)" [_thread_blocked, id=3800, stack(0x0000002ef8e00000,0x0000002ef8f00000)]
  0x0000021d3fd80800 JavaThread "jar transforms" [_thread_blocked, id=7872, stack(0x0000002ef8f00000,0x0000002ef9000000)]
  0x0000021d3fd82000 JavaThread "jar transforms Thread 2" [_thread_blocked, id=10380, stack(0x0000002ef9000000,0x0000002ef9100000)]
  0x0000021d3fd83000 JavaThread "jar transforms Thread 3" [_thread_blocked, id=11400, stack(0x0000002ef9100000,0x0000002ef9200000)]
  0x0000021d3fd83800 JavaThread "jar transforms Thread 4" [_thread_blocked, id=10516, stack(0x0000002ef9400000,0x0000002ef9500000)]
  0x0000021d3fd84800 JavaThread "Cache worker for dependencies-accessors (D:\PRG\ANDROID\PROEKT\KalkVad_2_10\.gradle\7.5\dependencies-accessors)" [_thread_blocked, id=8984, stack(0x0000002ef9500000,0x0000002ef9600000)]
  0x0000021d3fd7f800 JavaThread "jar transforms Thread 5" [_thread_blocked, id=9788, stack(0x0000002ef9200000,0x0000002ef9300000)]
  0x0000021d3fd8c000 JavaThread "Cache worker for Build Output Cleanup Cache (D:\PRG\ANDROID\PROEKT\KalkVad_2_10\.gradle\buildOutputCleanup)" [_thread_blocked, id=2040, stack(0x0000002ef9300000,0x0000002ef9400000)]
  0x0000021d3fd86000 JavaThread "Unconstrained build operations" [_thread_blocked, id=9968, stack(0x0000002ef9600000,0x0000002ef9700000)]
  0x0000021d3fd87000 JavaThread "Unconstrained build operations Thread 2" [_thread_blocked, id=2092, stack(0x0000002ef9700000,0x0000002ef9800000)]
  0x0000021d3fd8c800 JavaThread "Unconstrained build operations Thread 3" [_thread_blocked, id=15588, stack(0x0000002ef9800000,0x0000002ef9900000)]
  0x0000021d3fd88800 JavaThread "Unconstrained build operations Thread 4" [_thread_blocked, id=13316, stack(0x0000002ef9900000,0x0000002ef9a00000)]
  0x0000021d3fd8a000 JavaThread "Unconstrained build operations Thread 5" [_thread_blocked, id=14712, stack(0x0000002ef9a00000,0x0000002ef9b00000)]
  0x0000021d3fd89800 JavaThread "Unconstrained build operations Thread 6" [_thread_blocked, id=6640, stack(0x0000002ef9b00000,0x0000002ef9c00000)]
  0x0000021d3fd8b000 JavaThread "Unconstrained build operations Thread 7" [_thread_blocked, id=3156, stack(0x0000002ef9c00000,0x0000002ef9d00000)]
  0x0000021d3fd8d800 JavaThread "Unconstrained build operations Thread 8" [_thread_blocked, id=14644, stack(0x0000002ef9d00000,0x0000002ef9e00000)]
  0x0000021d3fd87800 JavaThread "Unconstrained build operations Thread 9" [_thread_blocked, id=14128, stack(0x0000002ef9e00000,0x0000002ef9f00000)]
  0x0000021d40a7f800 JavaThread "Unconstrained build operations Thread 10" [_thread_blocked, id=14616, stack(0x0000002ef9f00000,0x0000002efa000000)]
  0x0000021d40a82000 JavaThread "Unconstrained build operations Thread 11" [_thread_blocked, id=7196, stack(0x0000002efa000000,0x0000002efa100000)]
  0x0000021d40a7d000 JavaThread "Unconstrained build operations Thread 12" [_thread_blocked, id=14240, stack(0x0000002efa100000,0x0000002efa200000)]
  0x0000021d40a7d800 JavaThread "Unconstrained build operations Thread 13" [_thread_blocked, id=11364, stack(0x0000002efa200000,0x0000002efa300000)]
  0x0000021d40a80000 JavaThread "Unconstrained build operations Thread 14" [_thread_blocked, id=15996, stack(0x0000002efa300000,0x0000002efa400000)]
  0x0000021d40a81000 JavaThread "Unconstrained build operations Thread 15" [_thread_blocked, id=11956, stack(0x0000002efa400000,0x0000002efa500000)]
  0x0000021d40a83800 JavaThread "Unconstrained build operations Thread 16" [_thread_blocked, id=8988, stack(0x0000002efa500000,0x0000002efa600000)]
  0x0000021d40a82800 JavaThread "Unconstrained build operations Thread 17" [_thread_blocked, id=8876, stack(0x0000002efa600000,0x0000002efa700000)]
  0x0000021d40a7e800 JavaThread "Unconstrained build operations Thread 18" [_thread_blocked, id=15372, stack(0x0000002efa700000,0x0000002efa800000)]
  0x0000021d42b5e000 JavaThread "Unconstrained build operations Thread 19" [_thread_blocked, id=16360, stack(0x0000002efa800000,0x0000002efa900000)]
  0x0000021d42b5d000 JavaThread "Unconstrained build operations Thread 20" [_thread_blocked, id=15184, stack(0x0000002efa900000,0x0000002efaa00000)]
  0x0000021d42b5c000 JavaThread "Unconstrained build operations Thread 21" [_thread_blocked, id=14420, stack(0x0000002efaa00000,0x0000002efab00000)]
  0x0000021d42b5e800 JavaThread "Unconstrained build operations Thread 22" [_thread_blocked, id=5248, stack(0x0000002efab00000,0x0000002efac00000)]
  0x0000021d42b59000 JavaThread "Unconstrained build operations Thread 23" [_thread_blocked, id=15888, stack(0x0000002efac00000,0x0000002efad00000)]
  0x0000021d42b5a800 JavaThread "Unconstrained build operations Thread 24" [_thread_blocked, id=1608, stack(0x0000002efad00000,0x0000002efae00000)]
  0x0000021d42b5b800 JavaThread "Unconstrained build operations Thread 25" [_thread_blocked, id=9924, stack(0x0000002efae00000,0x0000002efaf00000)]
  0x0000021d42b5f800 JavaThread "Unconstrained build operations Thread 26" [_thread_blocked, id=16184, stack(0x0000002efaf00000,0x0000002efb000000)]
  0x0000021d42b59800 JavaThread "Unconstrained build operations Thread 27" [_thread_blocked, id=11588, stack(0x0000002efb000000,0x0000002efb100000)]
  0x0000021d42b62800 JavaThread "Unconstrained build operations Thread 28" [_thread_blocked, id=14388, stack(0x0000002efb100000,0x0000002efb200000)]
  0x0000021d42b63800 JavaThread "Unconstrained build operations Thread 29" [_thread_blocked, id=12348, stack(0x0000002efb200000,0x0000002efb300000)]
  0x0000021d42b60000 JavaThread "Unconstrained build operations Thread 30" [_thread_blocked, id=14552, stack(0x0000002efb300000,0x0000002efb400000)]
  0x0000021d42b64800 JavaThread "Unconstrained build operations Thread 31" [_thread_blocked, id=1988, stack(0x0000002efb400000,0x0000002efb500000)]
  0x0000021d42b61000 JavaThread "Unconstrained build operations Thread 32" [_thread_blocked, id=13504, stack(0x0000002efb500000,0x0000002efb600000)]
  0x0000021d42b65000 JavaThread "Unconstrained build operations Thread 33" [_thread_blocked, id=9300, stack(0x0000002efb600000,0x0000002efb700000)]
  0x0000021d42b66000 JavaThread "Unconstrained build operations Thread 34" [_thread_blocked, id=15256, stack(0x0000002efb700000,0x0000002efb800000)]
  0x0000021d42b67800 JavaThread "Unconstrained build operations Thread 35" [_thread_blocked, id=14980, stack(0x0000002efb800000,0x0000002efb900000)]
  0x0000021d42b66800 JavaThread "Unconstrained build operations Thread 36" [_thread_blocked, id=10040, stack(0x0000002efb900000,0x0000002efba00000)]
  0x0000021d42b62000 JavaThread "Unconstrained build operations Thread 37" [_thread_blocked, id=3704, stack(0x0000002efba00000,0x0000002efbb00000)]
  0x0000021d45a2d000 JavaThread "Unconstrained build operations Thread 38" [_thread_blocked, id=8860, stack(0x0000002efbb00000,0x0000002efbc00000)]
  0x0000021d45a31000 JavaThread "Unconstrained build operations Thread 39" [_thread_blocked, id=9428, stack(0x0000002efbc00000,0x0000002efbd00000)]
  0x0000021d45a2e000 JavaThread "Unconstrained build operations Thread 40" [_thread_blocked, id=13344, stack(0x0000002efbd00000,0x0000002efbe00000)]
  0x0000021d45a33800 JavaThread "Unconstrained build operations Thread 41" [_thread_blocked, id=14400, stack(0x0000002efbe00000,0x0000002efbf00000)]
  0x0000021d45a32000 JavaThread "Unconstrained build operations Thread 42" [_thread_blocked, id=7712, stack(0x0000002efbf00000,0x0000002efc000000)]
  0x0000021d45a30000 JavaThread "Unconstrained build operations Thread 43" [_thread_blocked, id=7056, stack(0x0000002efc000000,0x0000002efc100000)]
  0x0000021d45a2f800 JavaThread "Unconstrained build operations Thread 44" [_thread_blocked, id=4752, stack(0x0000002efc100000,0x0000002efc200000)]
  0x0000021d45a34800 JavaThread "Unconstrained build operations Thread 45" [_thread_blocked, id=7788, stack(0x0000002efc200000,0x0000002efc300000)]
  0x0000021d45a32800 JavaThread "Unconstrained build operations Thread 46" [_thread_blocked, id=12256, stack(0x0000002efc300000,0x0000002efc400000)]
  0x0000021d45a2e800 JavaThread "Unconstrained build operations Thread 47" [_thread_blocked, id=15632, stack(0x0000002efc400000,0x0000002efc500000)]
  0x0000021d45a3a000 JavaThread "Unconstrained build operations Thread 48" [_thread_blocked, id=284, stack(0x0000002efc500000,0x0000002efc600000)]
  0x0000021d45a39000 JavaThread "Unconstrained build operations Thread 49" [_thread_blocked, id=12228, stack(0x0000002efc600000,0x0000002efc700000)]
  0x0000021d45a36000 JavaThread "Unconstrained build operations Thread 50" [_thread_blocked, id=2580, stack(0x0000002efc700000,0x0000002efc800000)]
  0x0000021d45a38800 JavaThread "Unconstrained build operations Thread 51" [_thread_blocked, id=14204, stack(0x0000002efc800000,0x0000002efc900000)]
  0x0000021d45a3b000 JavaThread "Unconstrained build operations Thread 52" [_thread_blocked, id=12580, stack(0x0000002efc900000,0x0000002efca00000)]
  0x0000021d45a37000 JavaThread "Unconstrained build operations Thread 53" [_thread_blocked, id=12612, stack(0x0000002efca00000,0x0000002efcb00000)]
  0x0000021d45a37800 JavaThread "Unconstrained build operations Thread 54" [_thread_blocked, id=14392, stack(0x0000002efcb00000,0x0000002efcc00000)]
  0x0000021d45a35000 JavaThread "Unconstrained build operations Thread 55" [_thread_blocked, id=1112, stack(0x0000002efcc00000,0x0000002efcd00000)]
  0x0000021d45a3b800 JavaThread "Unconstrained build operations Thread 56" [_thread_blocked, id=13804, stack(0x0000002efcd00000,0x0000002efce00000)]
  0x0000021d45cb2800 JavaThread "Unconstrained build operations Thread 57" [_thread_blocked, id=16136, stack(0x0000002efce00000,0x0000002efcf00000)]
  0x0000021d45cac800 JavaThread "Unconstrained build operations Thread 58" [_thread_blocked, id=3272, stack(0x0000002efcf00000,0x0000002efd000000)]
  0x0000021d45cad800 JavaThread "Unconstrained build operations Thread 59" [_thread_blocked, id=11488, stack(0x0000002efd000000,0x0000002efd100000)]
  0x0000021d45cae800 JavaThread "Unconstrained build operations Thread 60" [_thread_blocked, id=15652, stack(0x0000002efd100000,0x0000002efd200000)]
  0x0000021d45cb4000 JavaThread "Unconstrained build operations Thread 61" [_thread_blocked, id=12144, stack(0x0000002efd200000,0x0000002efd300000)]
  0x0000021d45cb5000 JavaThread "Unconstrained build operations Thread 62" [_thread_blocked, id=9296, stack(0x0000002efd300000,0x0000002efd400000)]
  0x0000021d45cb1800 JavaThread "Unconstrained build operations Thread 63" [_thread_blocked, id=10032, stack(0x0000002efd400000,0x0000002efd500000)]
  0x0000021d45cb3000 JavaThread "Unconstrained build operations Thread 64" [_thread_blocked, id=9640, stack(0x0000002efd500000,0x0000002efd600000)]
  0x0000021d45cb0000 JavaThread "Unconstrained build operations Thread 65" [_thread_blocked, id=8980, stack(0x0000002efd600000,0x0000002efd700000)]
  0x0000021d45caf000 JavaThread "Unconstrained build operations Thread 66" [_thread_blocked, id=13080, stack(0x0000002efd700000,0x0000002efd800000)]
  0x0000021d45cb5800 JavaThread "Unconstrained build operations Thread 67" [_thread_blocked, id=13588, stack(0x0000002efd800000,0x0000002efd900000)]
  0x0000021d45cb6800 JavaThread "Unconstrained build operations Thread 68" [_thread_blocked, id=736, stack(0x0000002efd900000,0x0000002efda00000)]
  0x0000021d45cb0800 JavaThread "Unconstrained build operations Thread 69" [_thread_blocked, id=10028, stack(0x0000002efda00000,0x0000002efdb00000)]
  0x0000021d45cba800 JavaThread "Unconstrained build operations Thread 70" [_thread_blocked, id=14696, stack(0x0000002efdb00000,0x0000002efdc00000)]
  0x0000021d45cb7800 JavaThread "Unconstrained build operations Thread 71" [_thread_blocked, id=14152, stack(0x0000002efdc00000,0x0000002efdd00000)]
  0x0000021d45cb8000 JavaThread "Unconstrained build operations Thread 72" [_thread_blocked, id=15332, stack(0x0000002efdd00000,0x0000002efde00000)]
  0x0000021d45cb9000 JavaThread "Unconstrained build operations Thread 73" [_thread_blocked, id=5148, stack(0x0000002efde00000,0x0000002efdf00000)]
  0x0000021d45cb9800 JavaThread "Unconstrained build operations Thread 74" [_thread_blocked, id=14456, stack(0x0000002efdf00000,0x0000002efe000000)]
  0x0000021d45cbb800 JavaThread "Unconstrained build operations Thread 75" [_thread_blocked, id=10020, stack(0x0000002efe000000,0x0000002efe100000)]
  0x0000021d3fd4b800 JavaThread "Unconstrained build operations Thread 76" [_thread_blocked, id=14724, stack(0x0000002efe100000,0x0000002efe200000)]
  0x0000021d3fd4a000 JavaThread "Unconstrained build operations Thread 77" [_thread_blocked, id=15968, stack(0x0000002efe200000,0x0000002efe300000)]
  0x0000021d3fd4c800 JavaThread "Unconstrained build operations Thread 78" [_thread_blocked, id=8664, stack(0x0000002efe400000,0x0000002efe500000)]
  0x0000021d3fd4b000 JavaThread "Unconstrained build operations Thread 79" [_thread_blocked, id=10832, stack(0x0000002efe500000,0x0000002efe600000)]
  0x0000021d3fd4d800 JavaThread "Unconstrained build operations Thread 80" [_thread_blocked, id=10924, stack(0x0000002efe600000,0x0000002efe700000)]
  0x0000021d3fd49800 JavaThread "jar transforms Thread 6" [_thread_blocked, id=10980, stack(0x0000002efe700000,0x0000002efe800000)]
  0x0000021d3fd53000 JavaThread "jar transforms Thread 7" [_thread_blocked, id=11112, stack(0x0000002efe800000,0x0000002efe900000)]
  0x0000021d3fd4e000 JavaThread "jar transforms Thread 8" [_thread_blocked, id=6316, stack(0x0000002efe900000,0x0000002efea00000)]
  0x0000021d3fd4f000 JavaThread "build event listener" [_thread_blocked, id=10808, stack(0x0000002efeb00000,0x0000002efec00000)]
  0x0000021d3fd51800 JavaThread "Memory manager" [_thread_blocked, id=5736, stack(0x0000002efed00000,0x0000002efee00000)]
  0x0000021d3fd50800 JavaThread "pool-3-thread-1" [_thread_blocked, id=404, stack(0x0000002efec00000,0x0000002efed00000)]
  0x0000021d3fd54000 JavaThread "build event listener" [_thread_blocked, id=3660, stack(0x0000002efee00000,0x0000002efef00000)]
  0x0000021d3fd55800 JavaThread "included builds" [_thread_blocked, id=15192, stack(0x0000002efef00000,0x0000002eff000000)]
  0x0000021d3fd54800 JavaThread "Execution worker" [_thread_blocked, id=2496, stack(0x0000002eff000000,0x0000002eff100000)]
  0x0000021d3fd50000 JavaThread "Execution worker Thread 2" [_thread_blocked, id=15464, stack(0x0000002eff100000,0x0000002eff200000)]
  0x0000021d3fd58000 JavaThread "Execution worker Thread 3" [_thread_blocked, id=12428, stack(0x0000002eff200000,0x0000002eff300000)]
  0x0000021d3fd56800 JavaThread "Execution worker Thread 4" [_thread_blocked, id=10248, stack(0x0000002eff300000,0x0000002eff400000)]
  0x0000021d3fd57000 JavaThread "Execution worker Thread 5" [_thread_blocked, id=14772, stack(0x0000002eff400000,0x0000002eff500000)]
  0x0000021d3fd52800 JavaThread "Execution worker Thread 6" [_thread_blocked, id=9316, stack(0x0000002eff500000,0x0000002eff600000)]
  0x0000021d432a5000 JavaThread "Execution worker Thread 7" [_thread_blocked, id=10576, stack(0x0000002eff600000,0x0000002eff700000)]
  0x0000021d432a6000 JavaThread "Cache worker for execution history cache (D:\PRG\ANDROID\PROEKT\KalkVad_2_10\.gradle\7.5\executionHistory)" [_thread_blocked, id=14704, stack(0x0000002eff700000,0x0000002eff800000)]
  0x0000021d432a8000 JavaThread "Cache worker for Java compile cache (D:\PRG\ANDROID\caches\7.5\javaCompile)" [_thread_blocked, id=13356, stack(0x0000002effa00000,0x0000002effb00000)]
  0x0000021d432ab800 JavaThread "Build operations" [_thread_blocked, id=15776, stack(0x0000002ef5e00000,0x0000002ef5f00000)]
  0x0000021d432ac800 JavaThread "Build operations Thread 2" [_thread_blocked, id=13108, stack(0x0000002effb00000,0x0000002effc00000)]
  0x0000021d432a6800 JavaThread "Build operations Thread 3" [_thread_blocked, id=9864, stack(0x0000002effc00000,0x0000002effd00000)]
  0x0000021d432aa800 JavaThread "Build operations Thread 4" [_thread_blocked, id=12660, stack(0x0000002effd00000,0x0000002effe00000)]
  0x0000021d432a9000 JavaThread "Build operations Thread 5" [_thread_blocked, id=9964, stack(0x0000002effe00000,0x0000002efff00000)]
  0x0000021d432aa000 JavaThread "Build operations Thread 6" [_thread_blocked, id=1076, stack(0x0000002efff00000,0x0000002f00000000)]
  0x0000021d432ad000 JavaThread "Build operations Thread 7" [_thread_blocked, id=6788, stack(0x0000002e80000000,0x0000002e80100000)]
  0x0000021d432a7800 JavaThread "Build operations Thread 8" [_thread_blocked, id=16244, stack(0x0000002e80100000,0x0000002e80200000)]
  0x0000021d432b3000 JavaThread "WorkerExecutor Queue" [_thread_blocked, id=8072, stack(0x0000002e80200000,0x0000002e80300000)]
  0x0000021d432b1000 JavaThread "WorkerExecutor Queue Thread 2" [_thread_in_native, id=13848, stack(0x0000002e80300000,0x0000002e80400000)]
  0x0000021d432ae000 JavaThread "WorkerExecutor Queue Thread 3" [_thread_blocked, id=3788, stack(0x0000002e80400000,0x0000002e80500000)]
  0x0000021d432af000 JavaThread "WorkerExecutor Queue Thread 4" [_thread_blocked, id=15008, stack(0x0000002e80500000,0x0000002e80600000)]
  0x0000021d432af800 JavaThread "WorkerExecutor Queue Thread 5" [_thread_blocked, id=7324, stack(0x0000002e80700000,0x0000002e80800000)]
  0x0000021d432b2000 JavaThread "WorkerExecutor Queue Thread 7" [_thread_blocked, id=16280, stack(0x0000002e80900000,0x0000002e80a00000)]
  0x0000021d432b3800 JavaThread "WorkerExecutor Queue Thread 8" [_thread_blocked, id=10292, stack(0x0000002e80a00000,0x0000002e80b00000)]
  0x0000021d47631800 JavaThread "WorkerExecutor Queue Thread 9" [_thread_blocked, id=13220, stack(0x0000002e80b00000,0x0000002e80c00000)]
=>0x0000021d4a80d000 JavaThread "C2 CompilerThread1" daemon [_thread_in_native, id=1844, stack(0x0000002e80600000,0x0000002e80700000)]
  0x0000021d4a80e000 JavaThread "C2 CompilerThread2" daemon [_thread_blocked, id=14380, stack(0x0000002e80800000,0x0000002e80900000)]

Other Threads:
  0x0000021d3f5bd000 VMThread "VM Thread" [stack: 0x0000002ef6700000,0x0000002ef6800000] [id=9528]
  0x0000021d3f79c800 WatcherThread [stack: 0x0000002ef7100000,0x0000002ef7200000] [id=10568]
  0x0000021d248c1000 GCTaskThread "GC Thread#0" [stack: 0x0000002ef6200000,0x0000002ef6300000] [id=13752]
  0x0000021d405e0800 GCTaskThread "GC Thread#1" [stack: 0x0000002ef7200000,0x0000002ef7300000] [id=11468]
  0x0000021d3fae9800 GCTaskThread "GC Thread#2" [stack: 0x0000002ef7300000,0x0000002ef7400000] [id=7264]
  0x0000021d3f96d800 GCTaskThread "GC Thread#3" [stack: 0x0000002ef7400000,0x0000002ef7500000] [id=8052]
  0x0000021d405db800 GCTaskThread "GC Thread#4" [stack: 0x0000002ef7500000,0x0000002ef7600000] [id=10744]
  0x0000021d4085e800 GCTaskThread "GC Thread#5" [stack: 0x0000002ef7600000,0x0000002ef7700000] [id=8]
  0x0000021d3ff3b800 GCTaskThread "GC Thread#6" [stack: 0x0000002ef8300000,0x0000002ef8400000] [id=14756]
  0x0000021d3f731000 GCTaskThread "GC Thread#7" [stack: 0x0000002ef8400000,0x0000002ef8500000] [id=5916]
  0x0000021d248f2800 ConcurrentGCThread "G1 Main Marker" [stack: 0x0000002ef6300000,0x0000002ef6400000] [id=3764]
  0x0000021d248f3800 ConcurrentGCThread "G1 Conc#0" [stack: 0x0000002ef6400000,0x0000002ef6500000] [id=16148]
  0x0000021d41091800 ConcurrentGCThread "G1 Conc#1" [stack: 0x0000002ef8500000,0x0000002ef8600000] [id=8284]
  0x0000021d3ec06800 ConcurrentGCThread "G1 Refine#0" [stack: 0x0000002ef6500000,0x0000002ef6600000] [id=12664]
  0x0000021d46d14000 ConcurrentGCThread "G1 Refine#1" [stack: 0x0000002ef5f00000,0x0000002ef6000000] [id=3992]
  0x0000021d46d11000 ConcurrentGCThread "G1 Refine#2" [stack: 0x0000002ef6000000,0x0000002ef6100000] [id=15380]
  0x0000021d46d12000 ConcurrentGCThread "G1 Refine#3" [stack: 0x0000002eff800000,0x0000002eff900000] [id=12552]
  0x0000021d46d0f800 ConcurrentGCThread "G1 Refine#4" [stack: 0x0000002eff900000,0x0000002effa00000] [id=8092]
  0x0000021d3ec07800 ConcurrentGCThread "G1 Young RemSet Sampling" [stack: 0x0000002ef6600000,0x0000002ef6700000] [id=13868]

Threads with active compile tasks:
C2 CompilerThread1    77095 12754       4       sun.invoke.util.VerifyAccess::isClassAccessible (182 bytes)

VM state:not at safepoint (normal execution)

VM Mutex/Monitor currently owned by a thread: None

Heap address: 0x0000000080000000, size: 2048 MB, Compressed Oops mode: 32-bit
Narrow klass base: 0x0000000000000000, Narrow klass shift: 3
Compressed class space size: 1073741824 Address: 0x0000000100000000

Heap:
 garbage-first heap   total 260096K, used 125094K [0x0000000080000000, 0x0000000100000000)
  region size 1024K, 37 young (37888K), 5 survivors (5120K)
 Metaspace       used 104971K, capacity 108031K, committed 108208K, reserved 1146880K
  class space    used 13576K, capacity 14726K, committed 14848K, reserved 1048576K
Heap Regions: E=young(eden), S=young(survivor), O=old, HS=humongous(starts), HC=humongous(continues), CS=collection set, F=free, A=archive, TAMS=top-at-mark-start (previous, next)
|   0|0x0000000080000000, 0x0000000080100000, 0x0000000080100000|100%| O|  |TAMS 0x0000000080100000, 0x0000000080000000| Untracked 
|   1|0x0000000080100000, 0x0000000080200000, 0x0000000080200000|100%| O|  |TAMS 0x0000000080200000, 0x0000000080100000| Untracked 
|   2|0x0000000080200000, 0x0000000080300000, 0x0000000080300000|100%| O|  |TAMS 0x0000000080300000, 0x0000000080200000| Untracked 
|   3|0x0000000080300000, 0x0000000080400000, 0x0000000080400000|100%|HS|  |TAMS 0x0000000080400000, 0x0000000080300000| Complete 
|   4|0x0000000080400000, 0x0000000080500000, 0x0000000080500000|100%|HC|  |TAMS 0x0000000080500000, 0x0000000080400000| Complete 
|   5|0x0000000080500000, 0x0000000080600000, 0x0000000080600000|100%|HC|  |TAMS 0x0000000080600000, 0x0000000080500000| Complete 
|   6|0x0000000080600000, 0x0000000080700000, 0x0000000080700000|100%| O|  |TAMS 0x0000000080700000, 0x0000000080600000| Untracked 
|   7|0x0000000080700000, 0x0000000080800000, 0x0000000080800000|100%| O|  |TAMS 0x0000000080800000, 0x0000000080700000| Untracked 
|   8|0x0000000080800000, 0x0000000080900000, 0x0000000080900000|100%| O|  |TAMS 0x0000000080900000, 0x0000000080800000| Untracked 
|   9|0x0000000080900000, 0x0000000080a00000, 0x0000000080a00000|100%| O|  |TAMS 0x0000000080a00000, 0x0000000080900000| Untracked 
|  10|0x0000000080a00000, 0x0000000080b00000, 0x0000000080b00000|100%| O|  |TAMS 0x0000000080b00000, 0x0000000080a00000| Untracked 
|  11|0x0000000080b00000, 0x0000000080c00000, 0x0000000080c00000|100%| O|  |TAMS 0x0000000080c00000, 0x0000000080b00000| Untracked 
|  12|0x0000000080c00000, 0x0000000080d00000, 0x0000000080d00000|100%| O|  |TAMS 0x0000000080d00000, 0x0000000080c00000| Untracked 
|  13|0x0000000080d00000, 0x0000000080e00000, 0x0000000080e00000|100%| O|  |TAMS 0x0000000080e00000, 0x0000000080d00000| Untracked 
|  14|0x0000000080e00000, 0x0000000080f00000, 0x0000000080f00000|100%| O|  |TAMS 0x0000000080f00000, 0x0000000080e00000| Untracked 
|  15|0x0000000080f00000, 0x0000000081000000, 0x0000000081000000|100%| O|  |TAMS 0x0000000081000000, 0x0000000080f00000| Untracked 
|  16|0x0000000081000000, 0x0000000081100000, 0x0000000081100000|100%| O|  |TAMS 0x0000000081100000, 0x0000000081000000| Untracked 
|  17|0x0000000081100000, 0x0000000081200000, 0x0000000081200000|100%|HS|  |TAMS 0x0000000081200000, 0x0000000081100000| Complete 
|  18|0x0000000081200000, 0x0000000081300000, 0x0000000081300000|100%|HS|  |TAMS 0x0000000081300000, 0x0000000081200000| Complete 
|  19|0x0000000081300000, 0x0000000081400000, 0x0000000081400000|100%| O|  |TAMS 0x0000000081400000, 0x0000000081300000| Untracked 
|  20|0x0000000081400000, 0x0000000081500000, 0x0000000081500000|100%| O|  |TAMS 0x0000000081500000, 0x0000000081400000| Untracked 
|  21|0x0000000081500000, 0x0000000081600000, 0x0000000081600000|100%| O|  |TAMS 0x0000000081600000, 0x0000000081500000| Untracked 
|  22|0x0000000081600000, 0x0000000081700000, 0x0000000081700000|100%| O|  |TAMS 0x0000000081700000, 0x0000000081600000| Untracked 
|  23|0x0000000081700000, 0x0000000081800000, 0x0000000081800000|100%| O|  |TAMS 0x0000000081800000, 0x0000000081700000| Untracked 
|  24|0x0000000081800000, 0x0000000081900000, 0x0000000081900000|100%| O|  |TAMS 0x0000000081900000, 0x0000000081800000| Untracked 
|  25|0x0000000081900000, 0x0000000081a00000, 0x0000000081a00000|100%| O|  |TAMS 0x0000000081a00000, 0x0000000081900000| Untracked 
|  26|0x0000000081a00000, 0x0000000081b00000, 0x0000000081b00000|100%| O|  |TAMS 0x0000000081b00000, 0x0000000081a00000| Untracked 
|  27|0x0000000081b00000, 0x0000000081c00000, 0x0000000081c00000|100%| O|  |TAMS 0x0000000081c00000, 0x0000000081b00000| Untracked 
|  28|0x0000000081c00000, 0x0000000081d00000, 0x0000000081d00000|100%| O|  |TAMS 0x0000000081d00000, 0x0000000081c00000| Untracked 
|  29|0x0000000081d00000, 0x0000000081e00000, 0x0000000081e00000|100%| O|  |TAMS 0x0000000081e00000, 0x0000000081d00000| Untracked 
|  30|0x0000000081e00000, 0x0000000081f00000, 0x0000000081f00000|100%| O|  |TAMS 0x0000000081f00000, 0x0000000081e00000| Untracked 
|  31|0x0000000081f00000, 0x0000000082000000, 0x0000000082000000|100%| O|  |TAMS 0x0000000082000000, 0x0000000081f00000| Untracked 
|  32|0x0000000082000000, 0x0000000082100000, 0x0000000082100000|100%| O|  |TAMS 0x0000000082100000, 0x0000000082000000| Untracked 
|  33|0x0000000082100000, 0x0000000082200000, 0x0000000082200000|100%| O|  |TAMS 0x0000000082200000, 0x0000000082100000| Untracked 
|  34|0x0000000082200000, 0x0000000082300000, 0x0000000082300000|100%| O|  |TAMS 0x0000000082300000, 0x0000000082200000| Untracked 
|  35|0x0000000082300000, 0x0000000082400000, 0x0000000082400000|100%| O|  |TAMS 0x0000000082400000, 0x0000000082300000| Untracked 
|  36|0x0000000082400000, 0x0000000082500000, 0x0000000082500000|100%| O|  |TAMS 0x0000000082500000, 0x0000000082400000| Untracked 
|  37|0x0000000082500000, 0x0000000082600000, 0x0000000082600000|100%| O|  |TAMS 0x0000000082600000, 0x0000000082500000| Untracked 
|  38|0x0000000082600000, 0x0000000082700000, 0x0000000082700000|100%| O|  |TAMS 0x0000000082700000, 0x0000000082600000| Untracked 
|  39|0x0000000082700000, 0x0000000082800000, 0x0000000082800000|100%| O|  |TAMS 0x0000000082800000, 0x0000000082700000| Untracked 
|  40|0x0000000082800000, 0x0000000082900000, 0x0000000082900000|100%| O|  |TAMS 0x0000000082900000, 0x0000000082800000| Untracked 
|  41|0x0000000082900000, 0x0000000082a00000, 0x0000000082a00000|100%| O|  |TAMS 0x0000000082a00000, 0x0000000082900000| Untracked 
|  42|0x0000000082a00000, 0x0000000082b00000, 0x0000000082b00000|100%| O|  |TAMS 0x0000000082b00000, 0x0000000082a00000| Untracked 
|  43|0x0000000082b00000, 0x0000000082c00000, 0x0000000082c00000|100%| O|  |TAMS 0x0000000082c00000, 0x0000000082b00000| Untracked 
|  44|0x0000000082c00000, 0x0000000082d00000, 0x0000000082d00000|100%| O|  |TAMS 0x0000000082d00000, 0x0000000082c00000| Untracked 
|  45|0x0000000082d00000, 0x0000000082e00000, 0x0000000082e00000|100%| O|  |TAMS 0x0000000082e00000, 0x0000000082d00000| Untracked 
|  46|0x0000000082e00000, 0x0000000082f00000, 0x0000000082f00000|100%| O|  |TAMS 0x0000000082f00000, 0x0000000082e00000| Untracked 
|  47|0x0000000082f00000, 0x0000000083000000, 0x0000000083000000|100%| O|  |TAMS 0x0000000083000000, 0x0000000082f00000| Untracked 
|  48|0x0000000083000000, 0x0000000083100000, 0x0000000083100000|100%| O|  |TAMS 0x0000000083100000, 0x0000000083000000| Untracked 
|  49|0x0000000083100000, 0x0000000083200000, 0x0000000083200000|100%| O|  |TAMS 0x0000000083200000, 0x0000000083100000| Untracked 
|  50|0x0000000083200000, 0x0000000083300000, 0x0000000083300000|100%| O|  |TAMS 0x0000000083300000, 0x0000000083200000| Untracked 
|  51|0x0000000083300000, 0x0000000083400000, 0x0000000083400000|100%| O|  |TAMS 0x0000000083400000, 0x0000000083300000| Untracked 
|  52|0x0000000083400000, 0x0000000083500000, 0x0000000083500000|100%| O|  |TAMS 0x0000000083500000, 0x0000000083400000| Untracked 
|  53|0x0000000083500000, 0x0000000083600000, 0x0000000083600000|100%| O|  |TAMS 0x0000000083600000, 0x0000000083500000| Untracked 
|  54|0x0000000083600000, 0x0000000083700000, 0x0000000083700000|100%| O|  |TAMS 0x0000000083700000, 0x0000000083600000| Untracked 
|  55|0x0000000083700000, 0x0000000083800000, 0x0000000083800000|100%| O|  |TAMS 0x0000000083800000, 0x0000000083700000| Untracked 
|  56|0x0000000083800000, 0x0000000083900000, 0x0000000083900000|100%|HS|  |TAMS 0x0000000083900000, 0x0000000083800000| Complete 
|  57|0x0000000083900000, 0x0000000083a00000, 0x0000000083a00000|100%|HC|  |TAMS 0x0000000083a00000, 0x0000000083900000| Complete 
|  58|0x0000000083a00000, 0x0000000083b00000, 0x0000000083b00000|100%| O|  |TAMS 0x0000000083b00000, 0x0000000083a00000| Untracked 
|  59|0x0000000083b00000, 0x0000000083c00000, 0x0000000083c00000|100%| O|  |TAMS 0x0000000083c00000, 0x0000000083b00000| Untracked 
|  60|0x0000000083c00000, 0x0000000083d00000, 0x0000000083d00000|100%| O|  |TAMS 0x0000000083d00000, 0x0000000083c00000| Untracked 
|  61|0x0000000083d00000, 0x0000000083e00000, 0x0000000083e00000|100%| O|  |TAMS 0x0000000083e00000, 0x0000000083d00000| Untracked 
|  62|0x0000000083e00000, 0x0000000083f00000, 0x0000000083f00000|100%| O|  |TAMS 0x0000000083f00000, 0x0000000083e00000| Untracked 
|  63|0x0000000083f00000, 0x0000000084000000, 0x0000000084000000|100%| O|  |TAMS 0x0000000084000000, 0x0000000083f00000| Untracked 
|  64|0x0000000084000000, 0x0000000084100000, 0x0000000084100000|100%| O|  |TAMS 0x0000000084100000, 0x0000000084000000| Untracked 
|  65|0x0000000084100000, 0x0000000084200000, 0x0000000084200000|100%| O|  |TAMS 0x0000000084200000, 0x0000000084100000| Untracked 
|  66|0x0000000084200000, 0x0000000084300000, 0x0000000084300000|100%| O|  |TAMS 0x0000000084300000, 0x0000000084200000| Untracked 
|  67|0x0000000084300000, 0x0000000084400000, 0x0000000084400000|100%| O|  |TAMS 0x0000000084400000, 0x0000000084300000| Untracked 
|  68|0x0000000084400000, 0x0000000084500000, 0x0000000084500000|100%| O|  |TAMS 0x0000000084500000, 0x0000000084400000| Untracked 
|  69|0x0000000084500000, 0x0000000084600000, 0x0000000084600000|100%| O|  |TAMS 0x0000000084600000, 0x0000000084500000| Untracked 
|  70|0x0000000084600000, 0x0000000084700000, 0x0000000084700000|100%| O|  |TAMS 0x0000000084700000, 0x0000000084600000| Untracked 
|  71|0x0000000084700000, 0x0000000084800000, 0x0000000084800000|100%| O|  |TAMS 0x0000000084800000, 0x0000000084700000| Untracked 
|  72|0x0000000084800000, 0x0000000084900000, 0x0000000084900000|100%| O|  |TAMS 0x0000000084900000, 0x0000000084800000| Untracked 
|  73|0x0000000084900000, 0x0000000084a00000, 0x0000000084a00000|100%| O|  |TAMS 0x0000000084a00000, 0x0000000084900000| Untracked 
|  74|0x0000000084a00000, 0x0000000084b00000, 0x0000000084b00000|100%| O|  |TAMS 0x0000000084b00000, 0x0000000084a00000| Untracked 
|  75|0x0000000084b00000, 0x0000000084c00000, 0x0000000084c00000|100%| O|  |TAMS 0x0000000084c00000, 0x0000000084b00000| Untracked 
|  76|0x0000000084c00000, 0x0000000084d00000, 0x0000000084d00000|100%| O|  |TAMS 0x0000000084d00000, 0x0000000084c00000| Untracked 
|  77|0x0000000084d00000, 0x0000000084e00000, 0x0000000084e00000|100%| O|  |TAMS 0x0000000084e00000, 0x0000000084d00000| Untracked 
|  78|0x0000000084e00000, 0x0000000084f00000, 0x0000000084f00000|100%| O|  |TAMS 0x0000000084f00000, 0x0000000084e00000| Untracked 
|  79|0x0000000084f00000, 0x0000000085000000, 0x0000000085000000|100%| O|  |TAMS 0x0000000085000000, 0x0000000084f00000| Untracked 
|  80|0x0000000085000000, 0x0000000085100000, 0x0000000085100000|100%| O|  |TAMS 0x0000000085100000, 0x0000000085000000| Untracked 
|  81|0x0000000085100000, 0x0000000085200000, 0x0000000085200000|100%| O|  |TAMS 0x0000000085200000, 0x0000000085100000| Untracked 
|  82|0x0000000085200000, 0x0000000085300000, 0x0000000085300000|100%| O|  |TAMS 0x0000000085300000, 0x0000000085200000| Untracked 
|  83|0x0000000085300000, 0x0000000085400000, 0x0000000085400000|100%| O|  |TAMS 0x0000000085400000, 0x0000000085300000| Untracked 
|  84|0x0000000085400000, 0x0000000085500000, 0x0000000085500000|100%| O|  |TAMS 0x0000000085500000, 0x0000000085400000| Untracked 
|  85|0x0000000085500000, 0x0000000085600000, 0x0000000085600000|100%| O|  |TAMS 0x0000000085600000, 0x0000000085500000| Untracked 
|  86|0x0000000085600000, 0x0000000085700000, 0x0000000085700000|100%| O|  |TAMS 0x0000000085700000, 0x0000000085600000| Untracked 
|  87|0x0000000085700000, 0x000000008576b200, 0x0000000085800000| 41%| O|  |TAMS 0x000000008576b200, 0x0000000085700000| Untracked 
|  88|0x0000000085800000, 0x0000000085800000, 0x0000000085900000|  0%| F|  |TAMS 0x0000000085800000, 0x0000000085800000| Untracked 
|  89|0x0000000085900000, 0x0000000085900000, 0x0000000085a00000|  0%| F|  |TAMS 0x0000000085900000, 0x0000000085900000| Untracked 
|  90|0x0000000085a00000, 0x0000000085a00000, 0x0000000085b00000|  0%| F|  |TAMS 0x0000000085a00000, 0x0000000085a00000| Untracked 
|  91|0x0000000085b00000, 0x0000000085b00000, 0x0000000085c00000|  0%| F|  |TAMS 0x0000000085b00000, 0x0000000085b00000| Untracked 
|  92|0x0000000085c00000, 0x0000000085c00000, 0x0000000085d00000|  0%| F|  |TAMS 0x0000000085c00000, 0x0000000085c00000| Untracked 
|  93|0x0000000085d00000, 0x0000000085d00000, 0x0000000085e00000|  0%| F|  |TAMS 0x0000000085d00000, 0x0000000085d00000| Untracked 
|  94|0x0000000085e00000, 0x0000000085e00000, 0x0000000085f00000|  0%| F|  |TAMS 0x0000000085e00000, 0x0000000085e00000| Untracked 
|  95|0x0000000085f00000, 0x0000000085f00000, 0x0000000086000000|  0%| F|  |TAMS 0x0000000085f00000, 0x0000000085f00000| Untracked 
|  96|0x0000000086000000, 0x0000000086000000, 0x0000000086100000|  0%| F|  |TAMS 0x0000000086000000, 0x0000000086000000| Untracked 
|  97|0x0000000086100000, 0x0000000086100000, 0x0000000086200000|  0%| F|  |TAMS 0x0000000086100000, 0x0000000086100000| Untracked 
|  98|0x0000000086200000, 0x0000000086200000, 0x0000000086300000|  0%| F|  |TAMS 0x0000000086200000, 0x0000000086200000| Untracked 
|  99|0x0000000086300000, 0x0000000086300000, 0x0000000086400000|  0%| F|  |TAMS 0x0000000086300000, 0x0000000086300000| Untracked 
| 100|0x0000000086400000, 0x0000000086400000, 0x0000000086500000|  0%| F|  |TAMS 0x0000000086400000, 0x0000000086400000| Untracked 
| 101|0x0000000086500000, 0x0000000086500000, 0x0000000086600000|  0%| F|  |TAMS 0x0000000086500000, 0x0000000086500000| Untracked 
| 102|0x0000000086600000, 0x0000000086600000, 0x0000000086700000|  0%| F|  |TAMS 0x0000000086600000, 0x0000000086600000| Untracked 
| 103|0x0000000086700000, 0x0000000086700000, 0x0000000086800000|  0%| F|  |TAMS 0x0000000086700000, 0x0000000086700000| Untracked 
| 104|0x0000000086800000, 0x0000000086800000, 0x0000000086900000|  0%| F|  |TAMS 0x0000000086800000, 0x0000000086800000| Untracked 
| 105|0x0000000086900000, 0x0000000086900000, 0x0000000086a00000|  0%| F|  |TAMS 0x0000000086900000, 0x0000000086900000| Untracked 
| 106|0x0000000086a00000, 0x0000000086a00000, 0x0000000086b00000|  0%| F|  |TAMS 0x0000000086a00000, 0x0000000086a00000| Untracked 
| 107|0x0000000086b00000, 0x0000000086b00000, 0x0000000086c00000|  0%| F|  |TAMS 0x0000000086b00000, 0x0000000086b00000| Untracked 
| 108|0x0000000086c00000, 0x0000000086c00000, 0x0000000086d00000|  0%| F|  |TAMS 0x0000000086c00000, 0x0000000086c00000| Untracked 
| 109|0x0000000086d00000, 0x0000000086d00000, 0x0000000086e00000|  0%| F|  |TAMS 0x0000000086d00000, 0x0000000086d00000| Untracked 
| 110|0x0000000086e00000, 0x0000000086e00000, 0x0000000086f00000|  0%| F|  |TAMS 0x0000000086e00000, 0x0000000086e00000| Untracked 
| 111|0x0000000086f00000, 0x0000000086f00000, 0x0000000087000000|  0%| F|  |TAMS 0x0000000086f00000, 0x0000000086f00000| Untracked 
| 112|0x0000000087000000, 0x0000000087000000, 0x0000000087100000|  0%| F|  |TAMS 0x0000000087000000, 0x0000000087000000| Untracked 
| 113|0x0000000087100000, 0x0000000087100000, 0x0000000087200000|  0%| F|  |TAMS 0x0000000087100000, 0x0000000087100000| Untracked 
| 114|0x0000000087200000, 0x0000000087200000, 0x0000000087300000|  0%| F|  |TAMS 0x0000000087200000, 0x0000000087200000| Untracked 
| 115|0x0000000087300000, 0x0000000087300000, 0x0000000087400000|  0%| F|  |TAMS 0x0000000087300000, 0x0000000087300000| Untracked 
| 116|0x0000000087400000, 0x0000000087400000, 0x0000000087500000|  0%| F|  |TAMS 0x0000000087400000, 0x0000000087400000| Untracked 
| 117|0x0000000087500000, 0x0000000087500000, 0x0000000087600000|  0%| F|  |TAMS 0x0000000087500000, 0x0000000087500000| Untracked 
| 118|0x0000000087600000, 0x0000000087600000, 0x0000000087700000|  0%| F|  |TAMS 0x0000000087600000, 0x0000000087600000| Untracked 
| 119|0x0000000087700000, 0x0000000087700000, 0x0000000087800000|  0%| F|  |TAMS 0x0000000087700000, 0x0000000087700000| Untracked 
| 120|0x0000000087800000, 0x0000000087800000, 0x0000000087900000|  0%| F|  |TAMS 0x0000000087800000, 0x0000000087800000| Untracked 
| 121|0x0000000087900000, 0x0000000087900000, 0x0000000087a00000|  0%| F|  |TAMS 0x0000000087900000, 0x0000000087900000| Untracked 
| 122|0x0000000087a00000, 0x0000000087a00000, 0x0000000087b00000|  0%| F|  |TAMS 0x0000000087a00000, 0x0000000087a00000| Untracked 
| 123|0x0000000087b00000, 0x0000000087b00000, 0x0000000087c00000|  0%| F|  |TAMS 0x0000000087b00000, 0x0000000087b00000| Untracked 
| 124|0x0000000087c00000, 0x0000000087c00000, 0x0000000087d00000|  0%| F|  |TAMS 0x0000000087c00000, 0x0000000087c00000| Untracked 
| 125|0x0000000087d00000, 0x0000000087d00000, 0x0000000087e00000|  0%| F|  |TAMS 0x0000000087d00000, 0x0000000087d00000| Untracked 
| 126|0x0000000087e00000, 0x0000000087e00000, 0x0000000087f00000|  0%| F|  |TAMS 0x0000000087e00000, 0x0000000087e00000| Untracked 
| 127|0x0000000087f00000, 0x0000000087f00000, 0x0000000088000000|  0%| F|  |TAMS 0x0000000087f00000, 0x0000000087f00000| Untracked 
| 128|0x0000000088000000, 0x0000000088000000, 0x0000000088100000|  0%| F|  |TAMS 0x0000000088000000, 0x0000000088000000| Untracked 
| 129|0x0000000088100000, 0x0000000088100000, 0x0000000088200000|  0%| F|  |TAMS 0x0000000088100000, 0x0000000088100000| Untracked 
| 130|0x0000000088200000, 0x0000000088200000, 0x0000000088300000|  0%| F|  |TAMS 0x0000000088200000, 0x0000000088200000| Untracked 
| 131|0x0000000088300000, 0x0000000088300000, 0x0000000088400000|  0%| F|  |TAMS 0x0000000088300000, 0x0000000088300000| Untracked 
| 132|0x0000000088400000, 0x0000000088400000, 0x0000000088500000|  0%| F|  |TAMS 0x0000000088400000, 0x0000000088400000| Untracked 
| 133|0x0000000088500000, 0x0000000088500000, 0x0000000088600000|  0%| F|  |TAMS 0x0000000088500000, 0x0000000088500000| Untracked 
| 134|0x0000000088600000, 0x0000000088600000, 0x0000000088700000|  0%| F|  |TAMS 0x0000000088600000, 0x0000000088600000| Untracked 
| 135|0x0000000088700000, 0x0000000088700000, 0x0000000088800000|  0%| F|  |TAMS 0x0000000088700000, 0x0000000088700000| Untracked 
| 136|0x0000000088800000, 0x0000000088800000, 0x0000000088900000|  0%| F|  |TAMS 0x0000000088800000, 0x0000000088800000| Untracked 
| 137|0x0000000088900000, 0x0000000088900000, 0x0000000088a00000|  0%| F|  |TAMS 0x0000000088900000, 0x0000000088900000| Untracked 
| 138|0x0000000088a00000, 0x0000000088a00000, 0x0000000088b00000|  0%| F|  |TAMS 0x0000000088a00000, 0x0000000088a00000| Untracked 
| 139|0x0000000088b00000, 0x0000000088b00000, 0x0000000088c00000|  0%| F|  |TAMS 0x0000000088b00000, 0x0000000088b00000| Untracked 
| 140|0x0000000088c00000, 0x0000000088c00000, 0x0000000088d00000|  0%| F|  |TAMS 0x0000000088c00000, 0x0000000088c00000| Untracked 
| 141|0x0000000088d00000, 0x0000000088d00000, 0x0000000088e00000|  0%| F|  |TAMS 0x0000000088d00000, 0x0000000088d00000| Untracked 
| 142|0x0000000088e00000, 0x0000000088e00000, 0x0000000088f00000|  0%| F|  |TAMS 0x0000000088e00000, 0x0000000088e00000| Untracked 
| 143|0x0000000088f00000, 0x0000000088f00000, 0x0000000089000000|  0%| F|  |TAMS 0x0000000088f00000, 0x0000000088f00000| Untracked 
| 144|0x0000000089000000, 0x0000000089000000, 0x0000000089100000|  0%| F|  |TAMS 0x0000000089000000, 0x0000000089000000| Untracked 
| 145|0x0000000089100000, 0x0000000089100000, 0x0000000089200000|  0%| F|  |TAMS 0x0000000089100000, 0x0000000089100000| Untracked 
| 146|0x0000000089200000, 0x0000000089200000, 0x0000000089300000|  0%| F|  |TAMS 0x0000000089200000, 0x0000000089200000| Untracked 
| 147|0x0000000089300000, 0x0000000089300000, 0x0000000089400000|  0%| F|  |TAMS 0x0000000089300000, 0x0000000089300000| Untracked 
| 148|0x0000000089400000, 0x0000000089400000, 0x0000000089500000|  0%| F|  |TAMS 0x0000000089400000, 0x0000000089400000| Untracked 
| 149|0x0000000089500000, 0x0000000089500000, 0x0000000089600000|  0%| F|  |TAMS 0x0000000089500000, 0x0000000089500000| Untracked 
| 150|0x0000000089600000, 0x0000000089600000, 0x0000000089700000|  0%| F|  |TAMS 0x0000000089600000, 0x0000000089600000| Untracked 
| 151|0x0000000089700000, 0x0000000089700000, 0x0000000089800000|  0%| F|  |TAMS 0x0000000089700000, 0x0000000089700000| Untracked 
| 152|0x0000000089800000, 0x00000000898be658, 0x0000000089900000| 74%| S|CS|TAMS 0x0000000089800000, 0x0000000089800000| Complete 
| 153|0x0000000089900000, 0x0000000089a00000, 0x0000000089a00000|100%| S|CS|TAMS 0x0000000089900000, 0x0000000089900000| Complete 
| 154|0x0000000089a00000, 0x0000000089b00000, 0x0000000089b00000|100%| S|CS|TAMS 0x0000000089a00000, 0x0000000089a00000| Complete 
| 155|0x0000000089b00000, 0x0000000089c00000, 0x0000000089c00000|100%| S|CS|TAMS 0x0000000089b00000, 0x0000000089b00000| Complete 
| 156|0x0000000089c00000, 0x0000000089d00000, 0x0000000089d00000|100%| S|CS|TAMS 0x0000000089c00000, 0x0000000089c00000| Complete 
| 157|0x0000000089d00000, 0x0000000089d00000, 0x0000000089e00000|  0%| F|  |TAMS 0x0000000089d00000, 0x0000000089d00000| Untracked 
| 158|0x0000000089e00000, 0x0000000089e00000, 0x0000000089f00000|  0%| F|  |TAMS 0x0000000089e00000, 0x0000000089e00000| Untracked 
| 159|0x0000000089f00000, 0x0000000089f00000, 0x000000008a000000|  0%| F|  |TAMS 0x0000000089f00000, 0x0000000089f00000| Untracked 
| 160|0x000000008a000000, 0x000000008a000000, 0x000000008a100000|  0%| F|  |TAMS 0x000000008a000000, 0x000000008a000000| Untracked 
| 161|0x000000008a100000, 0x000000008a100000, 0x000000008a200000|  0%| F|  |TAMS 0x000000008a100000, 0x000000008a100000| Untracked 
| 162|0x000000008a200000, 0x000000008a200000, 0x000000008a300000|  0%| F|  |TAMS 0x000000008a200000, 0x000000008a200000| Untracked 
| 163|0x000000008a300000, 0x000000008a300000, 0x000000008a400000|  0%| F|  |TAMS 0x000000008a300000, 0x000000008a300000| Untracked 
| 164|0x000000008a400000, 0x000000008a400000, 0x000000008a500000|  0%| F|  |TAMS 0x000000008a400000, 0x000000008a400000| Untracked 
| 165|0x000000008a500000, 0x000000008a500000, 0x000000008a600000|  0%| F|  |TAMS 0x000000008a500000, 0x000000008a500000| Untracked 
| 166|0x000000008a600000, 0x000000008a600000, 0x000000008a700000|  0%| F|  |TAMS 0x000000008a600000, 0x000000008a600000| Untracked 
| 167|0x000000008a700000, 0x000000008a700000, 0x000000008a800000|  0%| F|  |TAMS 0x000000008a700000, 0x000000008a700000| Untracked 
| 168|0x000000008a800000, 0x000000008a800000, 0x000000008a900000|  0%| F|  |TAMS 0x000000008a800000, 0x000000008a800000| Untracked 
| 169|0x000000008a900000, 0x000000008a900000, 0x000000008aa00000|  0%| F|  |TAMS 0x000000008a900000, 0x000000008a900000| Untracked 
| 170|0x000000008aa00000, 0x000000008aa00000, 0x000000008ab00000|  0%| F|  |TAMS 0x000000008aa00000, 0x000000008aa00000| Untracked 
| 171|0x000000008ab00000, 0x000000008ab00000, 0x000000008ac00000|  0%| F|  |TAMS 0x000000008ab00000, 0x000000008ab00000| Untracked 
| 172|0x000000008ac00000, 0x000000008ac00000, 0x000000008ad00000|  0%| F|  |TAMS 0x000000008ac00000, 0x000000008ac00000| Untracked 
| 173|0x000000008ad00000, 0x000000008ad00000, 0x000000008ae00000|  0%| F|  |TAMS 0x000000008ad00000, 0x000000008ad00000| Untracked 
| 174|0x000000008ae00000, 0x000000008ae00000, 0x000000008af00000|  0%| F|  |TAMS 0x000000008ae00000, 0x000000008ae00000| Untracked 
| 175|0x000000008af00000, 0x000000008af00000, 0x000000008b000000|  0%| F|  |TAMS 0x000000008af00000, 0x000000008af00000| Untracked 
| 176|0x000000008b000000, 0x000000008b000000, 0x000000008b100000|  0%| F|  |TAMS 0x000000008b000000, 0x000000008b000000| Untracked 
| 177|0x000000008b100000, 0x000000008b100000, 0x000000008b200000|  0%| F|  |TAMS 0x000000008b100000, 0x000000008b100000| Untracked 
| 178|0x000000008b200000, 0x000000008b200000, 0x000000008b300000|  0%| F|  |TAMS 0x000000008b200000, 0x000000008b200000| Untracked 
| 179|0x000000008b300000, 0x000000008b300000, 0x000000008b400000|  0%| F|  |TAMS 0x000000008b300000, 0x000000008b300000| Untracked 
| 180|0x000000008b400000, 0x000000008b400000, 0x000000008b500000|  0%| F|  |TAMS 0x000000008b400000, 0x000000008b400000| Untracked 
| 181|0x000000008b500000, 0x000000008b500000, 0x000000008b600000|  0%| F|  |TAMS 0x000000008b500000, 0x000000008b500000| Untracked 
| 182|0x000000008b600000, 0x000000008b600000, 0x000000008b700000|  0%| F|  |TAMS 0x000000008b600000, 0x000000008b600000| Untracked 
| 183|0x000000008b700000, 0x000000008b700000, 0x000000008b800000|  0%| F|  |TAMS 0x000000008b700000, 0x000000008b700000| Untracked 
| 184|0x000000008b800000, 0x000000008b800000, 0x000000008b900000|  0%| F|  |TAMS 0x000000008b800000, 0x000000008b800000| Untracked 
| 185|0x000000008b900000, 0x000000008b900000, 0x000000008ba00000|  0%| F|  |TAMS 0x000000008b900000, 0x000000008b900000| Untracked 
| 186|0x000000008ba00000, 0x000000008ba00000, 0x000000008bb00000|  0%| F|  |TAMS 0x000000008ba00000, 0x000000008ba00000| Untracked 
| 187|0x000000008bb00000, 0x000000008bb00000, 0x000000008bc00000|  0%| F|  |TAMS 0x000000008bb00000, 0x000000008bb00000| Untracked 
| 188|0x000000008bc00000, 0x000000008bc00000, 0x000000008bd00000|  0%| F|  |TAMS 0x000000008bc00000, 0x000000008bc00000| Untracked 
| 189|0x000000008bd00000, 0x000000008bd00000, 0x000000008be00000|  0%| F|  |TAMS 0x000000008bd00000, 0x000000008bd00000| Untracked 
| 190|0x000000008be00000, 0x000000008be00000, 0x000000008bf00000|  0%| F|  |TAMS 0x000000008be00000, 0x000000008be00000| Untracked 
| 191|0x000000008bf00000, 0x000000008bf00000, 0x000000008c000000|  0%| F|  |TAMS 0x000000008bf00000, 0x000000008bf00000| Untracked 
| 192|0x000000008c000000, 0x000000008c000000, 0x000000008c100000|  0%| F|  |TAMS 0x000000008c000000, 0x000000008c000000| Untracked 
| 193|0x000000008c100000, 0x000000008c100000, 0x000000008c200000|  0%| F|  |TAMS 0x000000008c100000, 0x000000008c100000| Untracked 
| 194|0x000000008c200000, 0x000000008c200000, 0x000000008c300000|  0%| F|  |TAMS 0x000000008c200000, 0x000000008c200000| Untracked 
| 195|0x000000008c300000, 0x000000008c300000, 0x000000008c400000|  0%| F|  |TAMS 0x000000008c300000, 0x000000008c300000| Untracked 
| 196|0x000000008c400000, 0x000000008c400000, 0x000000008c500000|  0%| F|  |TAMS 0x000000008c400000, 0x000000008c400000| Untracked 
| 197|0x000000008c500000, 0x000000008c500000, 0x000000008c600000|  0%| F|  |TAMS 0x000000008c500000, 0x000000008c500000| Untracked 
| 198|0x000000008c600000, 0x000000008c600000, 0x000000008c700000|  0%| F|  |TAMS 0x000000008c600000, 0x000000008c600000| Untracked 
| 199|0x000000008c700000, 0x000000008c700000, 0x000000008c800000|  0%| F|  |TAMS 0x000000008c700000, 0x000000008c700000| Untracked 
| 200|0x000000008c800000, 0x000000008c800000, 0x000000008c900000|  0%| F|  |TAMS 0x000000008c800000, 0x000000008c800000| Untracked 
| 201|0x000000008c900000, 0x000000008c900000, 0x000000008ca00000|  0%| F|  |TAMS 0x000000008c900000, 0x000000008c900000| Untracked 
| 202|0x000000008ca00000, 0x000000008ca00000, 0x000000008cb00000|  0%| F|  |TAMS 0x000000008ca00000, 0x000000008ca00000| Untracked 
| 203|0x000000008cb00000, 0x000000008cb00000, 0x000000008cc00000|  0%| F|  |TAMS 0x000000008cb00000, 0x000000008cb00000| Untracked 
| 204|0x000000008cc00000, 0x000000008cc00000, 0x000000008cd00000|  0%| F|  |TAMS 0x000000008cc00000, 0x000000008cc00000| Untracked 
| 205|0x000000008cd00000, 0x000000008cd00000, 0x000000008ce00000|  0%| F|  |TAMS 0x000000008cd00000, 0x000000008cd00000| Untracked 
| 206|0x000000008ce00000, 0x000000008ce00000, 0x000000008cf00000|  0%| F|  |TAMS 0x000000008ce00000, 0x000000008ce00000| Untracked 
| 207|0x000000008cf00000, 0x000000008cf00000, 0x000000008d000000|  0%| F|  |TAMS 0x000000008cf00000, 0x000000008cf00000| Untracked 
| 208|0x000000008d000000, 0x000000008d000000, 0x000000008d100000|  0%| F|  |TAMS 0x000000008d000000, 0x000000008d000000| Untracked 
| 209|0x000000008d100000, 0x000000008d100000, 0x000000008d200000|  0%| F|  |TAMS 0x000000008d100000, 0x000000008d100000| Untracked 
| 210|0x000000008d200000, 0x000000008d200000, 0x000000008d300000|  0%| F|  |TAMS 0x000000008d200000, 0x000000008d200000| Untracked 
| 211|0x000000008d300000, 0x000000008d300000, 0x000000008d400000|  0%| F|  |TAMS 0x000000008d300000, 0x000000008d300000| Untracked 
| 212|0x000000008d400000, 0x000000008d400000, 0x000000008d500000|  0%| F|  |TAMS 0x000000008d400000, 0x000000008d400000| Untracked 
| 213|0x000000008d500000, 0x000000008d500000, 0x000000008d600000|  0%| F|  |TAMS 0x000000008d500000, 0x000000008d500000| Untracked 
| 214|0x000000008d600000, 0x000000008d600000, 0x000000008d700000|  0%| F|  |TAMS 0x000000008d600000, 0x000000008d600000| Untracked 
| 215|0x000000008d700000, 0x000000008d700000, 0x000000008d800000|  0%| F|  |TAMS 0x000000008d700000, 0x000000008d700000| Untracked 
| 216|0x000000008d800000, 0x000000008d800000, 0x000000008d900000|  0%| F|  |TAMS 0x000000008d800000, 0x000000008d800000| Untracked 
| 217|0x000000008d900000, 0x000000008d900000, 0x000000008da00000|  0%| F|  |TAMS 0x000000008d900000, 0x000000008d900000| Untracked 
| 218|0x000000008da00000, 0x000000008da00000, 0x000000008db00000|  0%| F|  |TAMS 0x000000008da00000, 0x000000008da00000| Untracked 
| 219|0x000000008db00000, 0x000000008db00000, 0x000000008dc00000|  0%| F|  |TAMS 0x000000008db00000, 0x000000008db00000| Untracked 
| 220|0x000000008dc00000, 0x000000008dc00000, 0x000000008dd00000|  0%| F|  |TAMS 0x000000008dc00000, 0x000000008dc00000| Untracked 
| 221|0x000000008dd00000, 0x000000008dd00000, 0x000000008de00000|  0%| F|  |TAMS 0x000000008dd00000, 0x000000008dd00000| Untracked 
| 222|0x000000008de00000, 0x000000008de710f8, 0x000000008df00000| 44%| E|  |TAMS 0x000000008de00000, 0x000000008de00000| Complete 
| 223|0x000000008df00000, 0x000000008e000000, 0x000000008e000000|100%| E|CS|TAMS 0x000000008df00000, 0x000000008df00000| Complete 
| 224|0x000000008e000000, 0x000000008e100000, 0x000000008e100000|100%| E|CS|TAMS 0x000000008e000000, 0x000000008e000000| Complete 
| 225|0x000000008e100000, 0x000000008e200000, 0x000000008e200000|100%| E|CS|TAMS 0x000000008e100000, 0x000000008e100000| Complete 
| 226|0x000000008e200000, 0x000000008e300000, 0x000000008e300000|100%| E|CS|TAMS 0x000000008e200000, 0x000000008e200000| Complete 
| 227|0x000000008e300000, 0x000000008e400000, 0x000000008e400000|100%| E|CS|TAMS 0x000000008e300000, 0x000000008e300000| Complete 
| 228|0x000000008e400000, 0x000000008e500000, 0x000000008e500000|100%| E|CS|TAMS 0x000000008e400000, 0x000000008e400000| Complete 
| 229|0x000000008e500000, 0x000000008e600000, 0x000000008e600000|100%| E|CS|TAMS 0x000000008e500000, 0x000000008e500000| Complete 
| 230|0x000000008e600000, 0x000000008e700000, 0x000000008e700000|100%| E|CS|TAMS 0x000000008e600000, 0x000000008e600000| Complete 
| 231|0x000000008e700000, 0x000000008e800000, 0x000000008e800000|100%| E|  |TAMS 0x000000008e700000, 0x000000008e700000| Complete 
| 232|0x000000008e800000, 0x000000008e900000, 0x000000008e900000|100%| E|CS|TAMS 0x000000008e800000, 0x000000008e800000| Complete 
| 233|0x000000008e900000, 0x000000008ea00000, 0x000000008ea00000|100%| E|CS|TAMS 0x000000008e900000, 0x000000008e900000| Complete 
| 234|0x000000008ea00000, 0x000000008eb00000, 0x000000008eb00000|100%| E|CS|TAMS 0x000000008ea00000, 0x000000008ea00000| Complete 
| 235|0x000000008eb00000, 0x000000008ec00000, 0x000000008ec00000|100%| E|CS|TAMS 0x000000008eb00000, 0x000000008eb00000| Complete 
| 236|0x000000008ec00000, 0x000000008ed00000, 0x000000008ed00000|100%| E|CS|TAMS 0x000000008ec00000, 0x000000008ec00000| Complete 
| 237|0x000000008ed00000, 0x000000008ee00000, 0x000000008ee00000|100%| E|CS|TAMS 0x000000008ed00000, 0x000000008ed00000| Complete 
| 238|0x000000008ee00000, 0x000000008ef00000, 0x000000008ef00000|100%| E|CS|TAMS 0x000000008ee00000, 0x000000008ee00000| Complete 
| 239|0x000000008ef00000, 0x000000008f000000, 0x000000008f000000|100%| E|CS|TAMS 0x000000008ef00000, 0x000000008ef00000| Complete 
| 240|0x000000008f000000, 0x000000008f100000, 0x000000008f100000|100%| E|CS|TAMS 0x000000008f000000, 0x000000008f000000| Complete 
| 241|0x000000008f100000, 0x000000008f200000, 0x000000008f200000|100%| E|CS|TAMS 0x000000008f100000, 0x000000008f100000| Complete 
| 242|0x000000008f200000, 0x000000008f300000, 0x000000008f300000|100%| E|CS|TAMS 0x000000008f200000, 0x000000008f200000| Complete 
| 243|0x000000008f300000, 0x000000008f400000, 0x000000008f400000|100%| E|CS|TAMS 0x000000008f300000, 0x000000008f300000| Complete 
| 244|0x000000008f400000, 0x000000008f500000, 0x000000008f500000|100%| E|CS|TAMS 0x000000008f400000, 0x000000008f400000| Complete 
| 245|0x000000008f500000, 0x000000008f600000, 0x000000008f600000|100%| E|CS|TAMS 0x000000008f500000, 0x000000008f500000| Complete 
| 246|0x000000008f600000, 0x000000008f700000, 0x000000008f700000|100%| E|CS|TAMS 0x000000008f600000, 0x000000008f600000| Complete 
| 247|0x000000008f700000, 0x000000008f800000, 0x000000008f800000|100%| E|CS|TAMS 0x000000008f700000, 0x000000008f700000| Complete 
| 248|0x000000008f800000, 0x000000008f900000, 0x000000008f900000|100%| E|CS|TAMS 0x000000008f800000, 0x000000008f800000| Complete 
| 249|0x000000008f900000, 0x000000008fa00000, 0x000000008fa00000|100%| E|CS|TAMS 0x000000008f900000, 0x000000008f900000| Complete 
| 250|0x000000008fa00000, 0x000000008fb00000, 0x000000008fb00000|100%| E|CS|TAMS 0x000000008fa00000, 0x000000008fa00000| Complete 
| 251|0x000000008fb00000, 0x000000008fc00000, 0x000000008fc00000|100%| E|CS|TAMS 0x000000008fb00000, 0x000000008fb00000| Complete 
| 252|0x000000008fc00000, 0x000000008fd00000, 0x000000008fd00000|100%| E|CS|TAMS 0x000000008fc00000, 0x000000008fc00000| Complete 
| 253|0x000000008fd00000, 0x000000008fe00000, 0x000000008fe00000|100%| E|CS|TAMS 0x000000008fd00000, 0x000000008fd00000| Complete 

Card table byte_map: [0x0000021d37af0000,0x0000021d37ef0000] _byte_map_base: 0x0000021d376f0000

Marking Bits (Prev, Next): (CMBitMap*) 0x0000021d248e99c8, (CMBitMap*) 0x0000021d248e9a00
 Prev Bits: [0x0000021d382f0000, 0x0000021d3a2f0000)
 Next Bits: [0x0000021d3a2f0000, 0x0000021d3c2f0000)

Polling page: 0x0000021d22850000

Metaspace:

Usage:
  Non-class:     91.12 MB capacity,    89.25 MB ( 98%) used,     1.52 MB (  2%) free+waste,   357.69 KB ( <1%) overhead. 
      Class:     14.38 MB capacity,    13.26 MB ( 92%) used,   984.87 KB (  7%) free+waste,   164.44 KB (  1%) overhead. 
       Both:    105.50 MB capacity,   102.51 MB ( 97%) used,     2.48 MB (  2%) free+waste,   522.13 KB ( <1%) overhead. 

Virtual space:
  Non-class space:       96.00 MB reserved,      91.17 MB ( 95%) committed 
      Class space:        1.00 GB reserved,      14.50 MB (  1%) committed 
             Both:        1.09 GB reserved,     105.67 MB (  9%) committed 

Chunk freelists:
   Non-Class:  0 bytes
       Class:  0 bytes
        Both:  0 bytes

MaxMetaspaceSize: 17179869184.00 GB
CompressedClassSpaceSize: 1.00 GB
Initial GC threshold: 20.80 MB
Current GC threshold: 164.25 MB
CDS: off

CodeHeap 'non-profiled nmethods': size=120000Kb used=9035Kb max_used=9035Kb free=110964Kb
 bounds [0x0000021d2fe90000, 0x0000021d30770000, 0x0000021d373c0000]
CodeHeap 'profiled nmethods': size=120000Kb used=27410Kb max_used=27410Kb free=92589Kb
 bounds [0x0000021d28960000, 0x0000021d2a430000, 0x0000021d2fe90000]
CodeHeap 'non-nmethods': size=5760Kb used=2411Kb max_used=2455Kb free=3348Kb
 bounds [0x0000021d283c0000, 0x0000021d28630000, 0x0000021d28960000]
 total_blobs=13750 nmethods=12806 adapters=856
 compilation: enabled
              stopped_count=0, restarted_count=0
 full_count=0

Compilation events (20 events):
Event: 76.888 Thread 0x0000021d3f62d800 12850       1       com.android.tools.r8.internal.b8::G (2 bytes)
Event: 76.889 Thread 0x0000021d3f62d800 nmethod 12850 0x0000021d300bb990 code [0x0000021d300bbb40, 0x0000021d300bbbf8]
Event: 76.889 Thread 0x0000021d3f62d800 12852       1       com.android.tools.r8.internal.b8::F (2 bytes)
Event: 76.889 Thread 0x0000021d3f62d800 nmethod 12852 0x0000021d300bb690 code [0x0000021d300bb840, 0x0000021d300bb8f8]
Event: 76.916 Thread 0x0000021d4a80e000 nmethod 12821 0x0000021d30757510 code [0x0000021d30757740, 0x0000021d30758d70]
Event: 76.916 Thread 0x0000021d4a80e000 12822       4       com.android.tools.r8.graph.i::equals (22 bytes)
Event: 76.917 Thread 0x0000021d4a80e000 nmethod 12822 0x0000021d300bb390 code [0x0000021d300bb520, 0x0000021d300bb5b8]
Event: 76.917 Thread 0x0000021d4a80e000 12768       4       com.android.tools.r8.graph.i::hashCode (107 bytes)
Event: 76.917 Thread 0x0000021d4a80e000 nmethod 12768 0x0000021d300baf90 code [0x0000021d300bb120, 0x0000021d300bb1d8]
Event: 76.918 Thread 0x0000021d4a80e000 12806       4       com.android.tools.r8.internal.rp::c (85 bytes)
Event: 76.918 Thread 0x0000021d4a80e000 nmethod 12806 0x0000021d30759890 code [0x0000021d30759a20, 0x0000021d30759b38]
Event: 76.918 Thread 0x0000021d4a80e000 12807       4       com.android.tools.r8.internal.rp::d (140 bytes)
Event: 76.919 Thread 0x0000021d4a80e000 nmethod 12807 0x0000021d30759c10 code [0x0000021d30759da0, 0x0000021d30759e98]
Event: 76.919 Thread 0x0000021d4a80e000 12759       4       com.android.tools.r8.internal.Ab::g (26 bytes)
Event: 76.920 Thread 0x0000021d4a80e000 nmethod 12759 0x0000021d30759f10 code [0x0000021d3075a0a0, 0x0000021d3075a178]
Event: 76.920 Thread 0x0000021d4a80e000 12756       4       jdk.internal.org.objectweb.asm.MethodVisitor::<init> (35 bytes)
Event: 76.921 Thread 0x0000021d4a80e000 nmethod 12756 0x0000021d3075a290 code [0x0000021d3075a420, 0x0000021d3075a578]
Event: 76.921 Thread 0x0000021d4a80e000 12786       4       com.android.tools.r8.graph.e1::q0 (8 bytes)
Event: 76.921 Thread 0x0000021d3f627000 nmethod 12762 0x0000021d3075a610 code [0x0000021d3075aa40, 0x0000021d3075f860]
Event: 76.922 Thread 0x0000021d4a80e000 nmethod 12786 0x0000021d30761b90 code [0x0000021d30761d20, 0x0000021d30761db8]

GC Heap History (20 events):
Event: 14.997 GC heap before
{Heap before GC invocations=3 (full 0):
 garbage-first heap   total 260096K, used 83403K [0x0000000080000000, 0x0000000100000000)
  region size 1024K, 77 young (78848K), 11 survivors (11264K)
 Metaspace       used 27672K, capacity 28428K, committed 28720K, reserved 1075200K
  class space    used 3623K, capacity 3875K, committed 3968K, reserved 1048576K
}
Event: 15.006 GC heap after
{Heap after GC invocations=4 (full 0):
 garbage-first heap   total 260096K, used 19473K [0x0000000080000000, 0x0000000100000000)
  region size 1024K, 3 young (3072K), 3 survivors (3072K)
 Metaspace       used 27672K, capacity 28428K, committed 28720K, reserved 1075200K
  class space    used 3623K, capacity 3875K, committed 3968K, reserved 1048576K
}
Event: 21.887 GC heap before
{Heap before GC invocations=4 (full 0):
 garbage-first heap   total 260096K, used 72721K [0x0000000080000000, 0x0000000100000000)
  region size 1024K, 56 young (57344K), 3 survivors (3072K)
 Metaspace       used 34847K, capacity 35738K, committed 35888K, reserved 1081344K
  class space    used 4559K, capacity 4887K, committed 4992K, reserved 1048576K
}
Event: 21.898 GC heap after
{Heap after GC invocations=5 (full 0):
 garbage-first heap   total 260096K, used 22111K [0x0000000080000000, 0x0000000100000000)
  region size 1024K, 6 young (6144K), 6 survivors (6144K)
 Metaspace       used 34847K, capacity 35738K, committed 35888K, reserved 1081344K
  class space    used 4559K, capacity 4887K, committed 4992K, reserved 1048576K
}
Event: 28.542 GC heap before
{Heap before GC invocations=6 (full 0):
 garbage-first heap   total 260096K, used 142943K [0x0000000080000000, 0x0000000100000000)
  region size 1024K, 121 young (123904K), 6 survivors (6144K)
 Metaspace       used 45802K, capacity 46875K, committed 46896K, reserved 1089536K
  class space    used 5821K, capacity 6258K, committed 6272K, reserved 1048576K
}
Event: 28.551 GC heap after
{Heap after GC invocations=7 (full 0):
 garbage-first heap   total 260096K, used 30414K [0x0000000080000000, 0x0000000100000000)
  region size 1024K, 14 young (14336K), 14 survivors (14336K)
 Metaspace       used 45802K, capacity 46875K, committed 46896K, reserved 1089536K
  class space    used 5821K, capacity 6258K, committed 6272K, reserved 1048576K
}
Event: 42.251 GC heap before
{Heap before GC invocations=7 (full 0):
 garbage-first heap   total 260096K, used 173774K [0x0000000080000000, 0x0000000100000000)
  region size 1024K, 152 young (155648K), 14 survivors (14336K)
 Metaspace       used 56891K, capacity 58349K, committed 58672K, reserved 1099776K
  class space    used 7127K, capacity 7701K, committed 7808K, reserved 1048576K
}
Event: 42.267 GC heap after
{Heap after GC invocations=8 (full 0):
 garbage-first heap   total 260096K, used 41582K [0x0000000080000000, 0x0000000100000000)
  region size 1024K, 18 young (18432K), 18 survivors (18432K)
 Metaspace       used 56891K, capacity 58349K, committed 58672K, reserved 1099776K
  class space    used 7127K, capacity 7701K, committed 7808K, reserved 1048576K
}
Event: 43.010 GC heap before
{Heap before GC invocations=8 (full 0):
 garbage-first heap   total 260096K, used 55918K [0x0000000080000000, 0x0000000100000000)
  region size 1024K, 33 young (33792K), 18 survivors (18432K)
 Metaspace       used 58616K, capacity 60108K, committed 60208K, reserved 1101824K
  class space    used 7400K, capacity 8016K, committed 8064K, reserved 1048576K
}
Event: 43.026 GC heap after
{Heap after GC invocations=9 (full 0):
 garbage-first heap   total 260096K, used 42105K [0x0000000080000000, 0x0000000100000000)
  region size 1024K, 11 young (11264K), 11 survivors (11264K)
 Metaspace       used 58616K, capacity 60108K, committed 60208K, reserved 1101824K
  class space    used 7400K, capacity 8016K, committed 8064K, reserved 1048576K
}
Event: 49.756 GC heap before
{Heap before GC invocations=10 (full 0):
 garbage-first heap   total 260096K, used 194681K [0x0000000080000000, 0x0000000100000000)
  region size 1024K, 152 young (155648K), 11 survivors (11264K)
 Metaspace       used 68287K, capacity 69986K, committed 70192K, reserved 1110016K
  class space    used 8633K, capacity 9321K, committed 9344K, reserved 1048576K
}
Event: 49.771 GC heap after
{Heap after GC invocations=11 (full 0):
 garbage-first heap   total 260096K, used 52542K [0x0000000080000000, 0x0000000100000000)
  region size 1024K, 19 young (19456K), 19 survivors (19456K)
 Metaspace       used 68287K, capacity 69986K, committed 70192K, reserved 1110016K
  class space    used 8633K, capacity 9321K, committed 9344K, reserved 1048576K
}
Event: 56.362 GC heap before
{Heap before GC invocations=11 (full 0):
 garbage-first heap   total 260096K, used 188734K [0x0000000080000000, 0x0000000100000000)
  region size 1024K, 152 young (155648K), 19 survivors (19456K)
 Metaspace       used 81322K, capacity 83317K, committed 83504K, reserved 1122304K
  class space    used 10593K, capacity 11353K, committed 11392K, reserved 1048576K
}
Event: 56.380 GC heap after
{Heap after GC invocations=12 (full 0):
 garbage-first heap   total 260096K, used 62249K [0x0000000080000000, 0x0000000100000000)
  region size 1024K, 19 young (19456K), 19 survivors (19456K)
 Metaspace       used 81322K, capacity 83317K, committed 83504K, reserved 1122304K
  class space    used 10593K, capacity 11353K, committed 11392K, reserved 1048576K
}
Event: 61.664 GC heap before
{Heap before GC invocations=12 (full 0):
 garbage-first heap   total 260096K, used 197417K [0x0000000080000000, 0x0000000100000000)
  region size 1024K, 152 young (155648K), 19 survivors (19456K)
 Metaspace       used 86007K, capacity 88456K, committed 88624K, reserved 1126400K
  class space    used 11187K, capacity 12108K, committed 12160K, reserved 1048576K
}
Event: 61.688 GC heap after
{Heap after GC invocations=13 (full 0):
 garbage-first heap   total 260096K, used 76376K [0x0000000080000000, 0x0000000100000000)
  region size 1024K, 19 young (19456K), 19 survivors (19456K)
 Metaspace       used 86007K, capacity 88456K, committed 88624K, reserved 1126400K
  class space    used 11187K, capacity 12108K, committed 12160K, reserved 1048576K
}
Event: 68.045 GC heap before
{Heap before GC invocations=13 (full 0):
 garbage-first heap   total 260096K, used 202328K [0x0000000080000000, 0x0000000100000000)
  region size 1024K, 141 young (144384K), 19 survivors (19456K)
 Metaspace       used 94032K, capacity 96847K, committed 97200K, reserved 1132544K
  class space    used 12155K, capacity 13204K, committed 13312K, reserved 1048576K
}
Event: 68.063 GC heap after
{Heap after GC invocations=14 (full 0):
 garbage-first heap   total 260096K, used 94221K [0x0000000080000000, 0x0000000100000000)
  region size 1024K, 15 young (15360K), 15 survivors (15360K)
 Metaspace       used 94032K, capacity 96847K, committed 97200K, reserved 1132544K
  class space    used 12155K, capacity 13204K, committed 13312K, reserved 1048576K
}
Event: 74.220 GC heap before
{Heap before GC invocations=14 (full 0):
 garbage-first heap   total 260096K, used 191501K [0x0000000080000000, 0x0000000100000000)
  region size 1024K, 112 young (114688K), 15 survivors (15360K)
 Metaspace       used 97658K, capacity 100593K, committed 100656K, reserved 1136640K
  class space    used 12564K, capacity 13655K, committed 13696K, reserved 1048576K
}
Event: 74.229 GC heap after
{Heap after GC invocations=15 (full 0):
 garbage-first heap   total 260096K, used 94374K [0x0000000080000000, 0x0000000100000000)
  region size 1024K, 5 young (5120K), 5 survivors (5120K)
 Metaspace       used 97658K, capacity 100593K, committed 100656K, reserved 1136640K
  class space    used 12564K, capacity 13655K, committed 13696K, reserved 1048576K
}

Deoptimization events (20 events):
Event: 75.429 Thread 0x0000021d432b1000 DEOPT PACKING pc=0x0000021d305ee078 sp=0x0000002e803fca70
Event: 75.429 Thread 0x0000021d432b1000 DEOPT UNPACKING pc=0x0000021d2840a1af sp=0x0000002e803fc9b8 mode 2
Event: 75.430 Thread 0x0000021d432b1000 Uncommon trap: trap_request=0xffffff4d fr.pc=0x0000021d305ee5d0 relative=0x00000000000001b0
Event: 75.430 Thread 0x0000021d432b1000 Uncommon trap: reason=unstable_if action=reinterpret pc=0x0000021d305ee5d0 method=jdk.internal.util.ArraysSupport.mismatch([B[BI)I @ 60 c2
Event: 75.430 Thread 0x0000021d432b1000 DEOPT PACKING pc=0x0000021d305ee5d0 sp=0x0000002e803fc9e0
Event: 75.430 Thread 0x0000021d432b1000 DEOPT UNPACKING pc=0x0000021d2840a1af sp=0x0000002e803fc9a0 mode 2
Event: 75.597 Thread 0x0000021d432b1000 DEOPT PACKING pc=0x0000021d2a3444d5 sp=0x0000002e803fcea0
Event: 75.597 Thread 0x0000021d432b1000 DEOPT UNPACKING pc=0x0000021d2840a95e sp=0x0000002e803fc3c0 mode 0
Event: 75.798 Thread 0x0000021d432b1000 Uncommon trap: trap_request=0xffffff4d fr.pc=0x0000021d30479b2c relative=0x000000000000038c
Event: 75.798 Thread 0x0000021d432b1000 Uncommon trap: reason=unstable_if action=reinterpret pc=0x0000021d30479b2c method=java.util.stream.StreamOpFlag.getMask(I)I @ 1 c2
Event: 75.798 Thread 0x0000021d432b1000 DEOPT PACKING pc=0x0000021d30479b2c sp=0x0000002e803fcfa0
Event: 75.798 Thread 0x0000021d432b1000 DEOPT UNPACKING pc=0x0000021d2840a1af sp=0x0000002e803fce90 mode 2
Event: 76.182 Thread 0x0000021d432b1000 DEOPT PACKING pc=0x0000021d28dfc77d sp=0x0000002e803fb210
Event: 76.182 Thread 0x0000021d432b1000 DEOPT UNPACKING pc=0x0000021d2840a95e sp=0x0000002e803fa700 mode 0
Event: 76.842 Thread 0x0000021d432b1000 Uncommon trap: trap_request=0xffffff4d fr.pc=0x0000021d3073cf24 relative=0x0000000000000084
Event: 76.842 Thread 0x0000021d432b1000 Uncommon trap: reason=unstable_if action=reinterpret pc=0x0000021d3073cf24 method=com.android.tools.r8.graph.e1.a(C[BI)I @ 7 c2
Event: 76.842 Thread 0x0000021d432b1000 DEOPT PACKING pc=0x0000021d3073cf24 sp=0x0000002e803fb9f0
Event: 76.842 Thread 0x0000021d432b1000 DEOPT UNPACKING pc=0x0000021d2840a1af sp=0x0000002e803fb970 mode 2
Event: 76.866 Thread 0x0000021d432b1000 DEOPT PACKING pc=0x0000021d2a3444d5 sp=0x0000002e803fb780
Event: 76.866 Thread 0x0000021d432b1000 DEOPT UNPACKING pc=0x0000021d2840a95e sp=0x0000002e803faca0 mode 0

Classes redefined (0 events):
No events

Internal exceptions (20 events):
Event: 69.332 Thread 0x0000021d3fd50000 Exception <a 'sun/nio/fs/WindowsException'{0x000000008d73ddf8}> (0x000000008d73ddf8) thrown at [src/hotspot/share/prims/jni.cpp, line 617]
Event: 70.069 Thread 0x0000021d3fd50000 Implicit null exception at 0x0000021d30232105 to 0x0000021d30232d48
Event: 70.069 Thread 0x0000021d3fd50000 Implicit null exception at 0x0000021d303a7ccd to 0x0000021d303a80d4
Event: 70.069 Thread 0x0000021d3fd50000 Implicit null exception at 0x0000021d303d28f0 to 0x0000021d303d2939
Event: 70.751 Thread 0x0000021d3fd50000 Exception <a 'java/lang/NoSuchMethodError'{0x000000008d214f40}: 'java.lang.Object java.lang.invoke.DirectMethodHandle$Holder.newInvokeSpecial(java.lang.Object, java.lang.Object, java.lang.Object, java.lang.Object)'> (0x000000008d214f40) thrown at [src/hotspot/share/interpreter/linkResolver.cpp, line 773]
Event: 70.756 Thread 0x0000021d410cf000 Exception <a 'java/lang/NoSuchMethodError'{0x000000008d14adf0}: <clinit>> (0x000000008d14adf0) thrown at [src/hotspot/share/prims/jni.cpp, line 1367]
Event: 70.757 Thread 0x0000021d410cf000 Exception <a 'java/lang/NoSuchMethodError'{0x000000008d165620}: <clinit>> (0x000000008d165620) thrown at [src/hotspot/share/prims/jni.cpp, line 1367]
Event: 70.833 Thread 0x0000021d3fd50000 Implicit null exception at 0x0000021d3056422d to 0x0000021d30564788
Event: 71.365 Thread 0x0000021d3fd50000 Implicit null exception at 0x0000021d30564f93 to 0x0000021d305655e0
Event: 74.008 Thread 0x0000021d3fd50000 Exception <a 'java/lang/NoSuchMethodError'{0x000000008a03b088}: <clinit>> (0x000000008a03b088) thrown at [src/hotspot/share/prims/jni.cpp, line 1367]
Event: 74.778 Thread 0x0000021d432b1000 Exception <a 'sun/nio/fs/WindowsException'{0x000000008f923368}> (0x000000008f923368) thrown at [src/hotspot/share/prims/jni.cpp, line 617]
Event: 75.342 Thread 0x0000021d432b1000 Exception <a 'java/lang/NoSuchMethodError'{0x000000008f8d57f0}: 'java.lang.Object java.lang.invoke.DirectMethodHandle$Holder.newInvokeSpecial(java.lang.Object, int)'> (0x000000008f8d57f0) thrown at [src/hotspot/share/interpreter/linkResolver.cpp, line 773]
Event: 76.182 Thread 0x0000021d432b1000 Exception <a 'java/lang/NoSuchMethodError'{0x000000008f3a30f8}: 'java.lang.Object java.lang.invoke.DirectMethodHandle$Holder.invokeStaticInit(java.lang.Object, java.lang.Object, java.lang.Object, java.lang.Object, java.lang.Object, java.lang.Object, java.lang.Object, java.lang.Object, java.lang.Object, java.lang.Object, java.lang.Object, java.lang.Object, java.lang.Object, java.lang.Object, java.lang.Object, java.lang.Object, java.lang.Object, java.lang.Object, java.lang.Object, int, java.lang.Object, java
Event: 76.303 Thread 0x0000021d432b1000 Exception <a 'java/lang/IncompatibleClassChangeError'{0x000000008f2b30e0}: Found class java.lang.Object, but interface was expected> (0x000000008f2b30e0) thrown at [src/hotspot/share/interpreter/linkResolver.cpp, line 839]
Event: 76.477 Thread 0x0000021d432b1000 Exception <a 'java/lang/NoSuchMethodError'{0x000000008f0f3140}: 'java.lang.Object java.lang.invoke.DirectMethodHandle$Holder.invokeStatic(java.lang.Object, long)'> (0x000000008f0f3140) thrown at [src/hotspot/share/interpreter/linkResolver.cpp, line 773]
Event: 76.477 Thread 0x0000021d432b1000 Exception <a 'java/lang/NoSuchMethodError'{0x000000008f0f6710}: 'java.lang.Object java.lang.invoke.DirectMethodHandle$Holder.invokeSpecial(java.lang.Object, java.lang.Object, long)'> (0x000000008f0f6710) thrown at [src/hotspot/share/interpreter/linkResolver.cpp, line 773]
Event: 76.477 Thread 0x0000021d432b1000 Exception <a 'java/lang/NoSuchMethodError'{0x000000008f0f9978}: 'java.lang.Object java.lang.invoke.Invokers$Holder.linkToTargetMethod(long, java.lang.Object)'> (0x000000008f0f9978) thrown at [src/hotspot/share/interpreter/linkResolver.cpp, line 773]
Event: 76.632 Thread 0x0000021d432b1000 Exception <a 'java/lang/NoSuchMethodError'{0x000000008ecd4de0}: 'void java.lang.invoke.DirectMethodHandle$Holder.invokeStatic(java.lang.Object, java.lang.Object, java.lang.Object, int)'> (0x000000008ecd4de0) thrown at [src/hotspot/share/interpreter/linkResolver.cpp, line 773]
Event: 76.633 Thread 0x0000021d432b1000 Exception <a 'java/lang/IncompatibleClassChangeError'{0x000000008ecdd1c8}: Found class java.lang.Object, but interface was expected> (0x000000008ecdd1c8) thrown at [src/hotspot/share/interpreter/linkResolver.cpp, line 839]
Event: 76.684 Thread 0x0000021d432b1000 Exception <a 'java/lang/NoSuchMethodError'{0x000000008e80ee60}: 'java.lang.Object java.lang.invoke.DirectMethodHandle$Holder.invokeStatic(java.lang.Object, int, java.lang.Object, java.lang.Object)'> (0x000000008e80ee60) thrown at [src/hotspot/share/interpreter/linkResolver.cpp, line 773]

Events (20 events):
Event: 76.891 loading class com/android/tools/r8/internal/J40
Event: 76.891 loading class com/android/tools/r8/internal/J40 done
Event: 76.891 loading class com/android/tools/r8/internal/N7
Event: 76.891 loading class com/android/tools/r8/internal/N7 done
Event: 76.891 loading class com/android/tools/r8/internal/U6
Event: 76.891 loading class com/android/tools/r8/internal/U6 done
Event: 76.892 loading class com/android/tools/r8/internal/P7
Event: 76.892 loading class com/android/tools/r8/internal/P7 done
Event: 76.892 loading class com/android/tools/r8/internal/g7
Event: 76.892 loading class com/android/tools/r8/internal/g7 done
Event: 76.892 loading class com/android/tools/r8/internal/d7
Event: 76.892 loading class com/android/tools/r8/internal/d7 done
Event: 76.893 loading class com/android/tools/r8/internal/e7
Event: 76.893 loading class com/android/tools/r8/internal/e7 done
Event: 76.893 loading class com/android/tools/r8/internal/f7
Event: 76.893 loading class com/android/tools/r8/internal/f7 done
Event: 76.894 loading class com/android/tools/r8/internal/T5
Event: 76.894 loading class com/android/tools/r8/internal/T5 done
Event: 76.895 loading class com/android/tools/r8/internal/L40
Event: 76.895 loading class com/android/tools/r8/internal/L40 done


Dynamic libraries:
0x00007ff64a500000 - 0x00007ff64a50a000 	D:\PRG\ANDROID\Android Studio\jbr\bin\java.exe
0x00007ffd63140000 - 0x00007ffd63330000 	C:\Windows\SYSTEM32\ntdll.dll
0x00007ffd61320000 - 0x00007ffd613d2000 	C:\Windows\System32\KERNEL32.DLL
0x00007ffd602c0000 - 0x00007ffd60563000 	C:\Windows\System32\KERNELBASE.dll
0x00007ffd600a0000 - 0x00007ffd6019a000 	C:\Windows\System32\ucrtbase.dll
0x00007ffd57020000 - 0x00007ffd57037000 	D:\PRG\ANDROID\Android Studio\jbr\bin\jli.dll
0x00007ffd614d0000 - 0x00007ffd61664000 	C:\Windows\System32\USER32.dll
0x00007ffd61190000 - 0x00007ffd611b1000 	C:\Windows\System32\win32u.dll
0x00007ffd49bb0000 - 0x00007ffd49e35000 	C:\Windows\WinSxS\amd64_microsoft.windows.common-controls_6595b64144ccf1df_6.0.18362.592_none_e6c0b1911312be02\COMCTL32.dll
0x00007ffd622b0000 - 0x00007ffd622d6000 	C:\Windows\System32\GDI32.dll
0x00007ffd62f60000 - 0x00007ffd62ffe000 	C:\Windows\System32\msvcrt.dll
0x00007ffd60650000 - 0x00007ffd607e4000 	C:\Windows\System32\gdi32full.dll
0x00007ffd622e0000 - 0x00007ffd62616000 	C:\Windows\System32\combase.dll
0x00007ffd60220000 - 0x00007ffd602be000 	C:\Windows\System32\msvcp_win.dll
0x00007ffd62ad0000 - 0x00007ffd62bf0000 	C:\Windows\System32\RPCRT4.dll
0x00007ffd601a0000 - 0x00007ffd60220000 	C:\Windows\System32\bcryptPrimitives.dll
0x00007ffd54530000 - 0x00007ffd5454b000 	D:\PRG\ANDROID\Android Studio\jbr\bin\VCRUNTIME140.dll
0x00007ffd62270000 - 0x00007ffd6229e000 	C:\Windows\System32\IMM32.DLL
0x00007ffd47230000 - 0x00007ffd472bd000 	D:\PRG\ANDROID\Android Studio\jbr\bin\msvcp140.dll
0x00007ffd43b80000 - 0x00007ffd43b8c000 	C:\Windows\SYSTEM32\VCRUNTIME140_1.dll
0x00007ffd0ac40000 - 0x00007ffd0b7fc000 	D:\PRG\ANDROID\Android Studio\jbr\bin\server\jvm.dll
0x00007ffd61270000 - 0x00007ffd61313000 	C:\Windows\System32\ADVAPI32.dll
0x00007ffd62620000 - 0x00007ffd626b7000 	C:\Windows\System32\sechost.dll
0x00007ffd61450000 - 0x00007ffd61458000 	C:\Windows\System32\PSAPI.DLL
0x00007ffd582e0000 - 0x00007ffd582e9000 	C:\Windows\SYSTEM32\WSOCK32.dll
0x00007ffd58600000 - 0x00007ffd58624000 	C:\Windows\SYSTEM32\WINMM.dll
0x00007ffd54300000 - 0x00007ffd5430a000 	C:\Windows\SYSTEM32\VERSION.dll
0x00007ffd629b0000 - 0x00007ffd62a1f000 	C:\Windows\System32\WS2_32.dll
0x00007ffd585d0000 - 0x00007ffd585fd000 	C:\Windows\SYSTEM32\WINMMBASE.dll
0x00007ffd607f0000 - 0x00007ffd6083a000 	C:\Windows\System32\cfgmgr32.dll
0x00007ffd60060000 - 0x00007ffd60071000 	C:\Windows\System32\kernel.appcore.dll
0x00007ffd56620000 - 0x00007ffd56630000 	D:\PRG\ANDROID\Android Studio\jbr\bin\verify.dll
0x00007ffd5e4a0000 - 0x00007ffd5e694000 	C:\Windows\SYSTEM32\DBGHELP.DLL
0x00007ffd51790000 - 0x00007ffd517ba000 	C:\Windows\SYSTEM32\dbgcore.DLL
0x00007ffd490d0000 - 0x00007ffd490f8000 	D:\PRG\ANDROID\Android Studio\jbr\bin\java.dll
0x00007ffd55ed0000 - 0x00007ffd55eda000 	D:\PRG\ANDROID\Android Studio\jbr\bin\jimage.dll
0x00007ffd540a0000 - 0x00007ffd540b8000 	D:\PRG\ANDROID\Android Studio\jbr\bin\zip.dll
0x00007ffd61b80000 - 0x00007ffd62265000 	C:\Windows\System32\SHELL32.dll
0x00007ffd62a20000 - 0x00007ffd62ac9000 	C:\Windows\System32\shcore.dll
0x00007ffd60990000 - 0x00007ffd6110f000 	C:\Windows\System32\windows.storage.dll
0x00007ffd60080000 - 0x00007ffd6009f000 	C:\Windows\System32\profapi.dll
0x00007ffd5fff0000 - 0x00007ffd6003a000 	C:\Windows\System32\powrprof.dll
0x00007ffd5ffe0000 - 0x00007ffd5fff0000 	C:\Windows\System32\UMPDC.dll
0x00007ffd626c0000 - 0x00007ffd62712000 	C:\Windows\System32\shlwapi.dll
0x00007ffd61110000 - 0x00007ffd61127000 	C:\Windows\System32\cryptsp.dll
0x0000000057070000 - 0x0000000057081000 	C:\Program Files\Common Files\Crypto Pro\AppCompat\cpadvai.dll
0x0000000057090000 - 0x0000000057097000 	C:\Program Files\Common Files\Crypto Pro\AppCompat\detoured.dll
0x00007ffd51820000 - 0x00007ffd51839000 	D:\PRG\ANDROID\Android Studio\jbr\bin\net.dll
0x00007ffd575d0000 - 0x00007ffd576c0000 	C:\Windows\SYSTEM32\WINHTTP.dll
0x00007ffd5f3d0000 - 0x00007ffd5f437000 	C:\Windows\system32\mswsock.dll
0x00007ffd4a1a0000 - 0x00007ffd4a1b3000 	D:\PRG\ANDROID\Android Studio\jbr\bin\nio.dll
0x00007ffd58310000 - 0x00007ffd58337000 	D:\PRG\ANDROID\native\e1d6ef7f7dcc3fd88c89a11ec53ec762bb8ba0a96d01ffa2cd45eb1d1d8dd5c5\windows-amd64\native-platform.dll
0x00007ffd1f930000 - 0x00007ffd1fa74000 	D:\PRG\ANDROID\native\0d407fdbe67a94daf76414ababcb853783967236a71b16ec16e742cd7a986fd3\windows-amd64\native-platform-file-events.dll
0x00007ffd55ec0000 - 0x00007ffd55eca000 	D:\PRG\ANDROID\Android Studio\jbr\bin\management.dll
0x00007ffd54590000 - 0x00007ffd5459b000 	D:\PRG\ANDROID\Android Studio\jbr\bin\management_ext.dll
0x00007ffd5ef40000 - 0x00007ffd5ef73000 	C:\Windows\system32\rsaenh.dll
0x00007ffd60620000 - 0x00007ffd60646000 	C:\Windows\System32\bcrypt.dll
0x00007ffd5ff00000 - 0x00007ffd5ff25000 	C:\Windows\SYSTEM32\USERENV.dll
0x00007ffd5fa20000 - 0x00007ffd5fa2c000 	C:\Windows\SYSTEM32\CRYPTBASE.dll
0x00007ffd5f0e0000 - 0x00007ffd5f11a000 	C:\Windows\SYSTEM32\IPHLPAPI.DLL
0x00007ffd613e0000 - 0x00007ffd613e8000 	C:\Windows\System32\NSI.dll
0x00007ffd56910000 - 0x00007ffd56926000 	C:\Windows\SYSTEM32\dhcpcsvc6.DLL
0x00007ffd568f0000 - 0x00007ffd5690c000 	C:\Windows\SYSTEM32\dhcpcsvc.DLL
0x00007ffd5f120000 - 0x00007ffd5f1ea000 	C:\Windows\SYSTEM32\DNSAPI.dll

dbghelp: loaded successfully - version: 4.0.5 - missing functions: none
symbol engine: initialized successfully - sym options: 0x614 - pdb path: .;D:\PRG\ANDROID\Android Studio\jbr\bin;C:\Windows\SYSTEM32;C:\Windows\WinSxS\amd64_microsoft.windows.common-controls_6595b64144ccf1df_6.0.18362.592_none_e6c0b1911312be02;D:\PRG\ANDROID\Android Studio\jbr\bin\server;C:\Program Files\Common Files\Crypto Pro\AppCompat;D:\PRG\ANDROID\native\e1d6ef7f7dcc3fd88c89a11ec53ec762bb8ba0a96d01ffa2cd45eb1d1d8dd5c5\windows-amd64;D:\PRG\ANDROID\native\0d407fdbe67a94daf76414ababcb853783967236a71b16ec16e742cd7a986fd3\windows-amd64

VM Arguments:
jvm_args: --add-opens=java.base/java.util=ALL-UNNAMED --add-opens=java.base/java.lang=ALL-UNNAMED --add-opens=java.base/java.lang.invoke=ALL-UNNAMED --add-opens=java.base/java.util=ALL-UNNAMED --add-opens=java.prefs/java.util.prefs=ALL-UNNAMED --add-opens=java.prefs/java.util.prefs=ALL-UNNAMED --add-opens=java.base/java.nio.charset=ALL-UNNAMED --add-opens=java.base/java.net=ALL-UNNAMED --add-opens=java.base/java.util.concurrent.atomic=ALL-UNNAMED -Xmx2048m -Dfile.encoding=UTF-8 -Duser.country=RU -Duser.language=ru -Duser.variant 
java_command: org.gradle.launcher.daemon.bootstrap.GradleDaemon 7.5
java_class_path (initial): D:\PRG\ANDROID\wrapper\dists\gradle-7.5-bin\f1w0cc9nuo0eivz97x2xlu9sv\gradle-7.5\lib\gradle-launcher-7.5.jar
Launcher Type: SUN_STANDARD

[Global flags]
     intx CICompilerCount                          = 4                                         {product} {ergonomic}
     uint ConcGCThreads                            = 2                                         {product} {ergonomic}
     uint G1ConcRefinementThreads                  = 8                                         {product} {ergonomic}
   size_t G1HeapRegionSize                         = 1048576                                   {product} {ergonomic}
    uintx GCDrainStackTargetSize                   = 64                                        {product} {ergonomic}
   size_t InitialHeapSize                          = 266338304                                 {product} {ergonomic}
   size_t MarkStackSize                            = 4194304                                   {product} {ergonomic}
   size_t MaxHeapSize                              = 2147483648                                {product} {command line}
   size_t MaxNewSize                               = 1287651328                                {product} {ergonomic}
   size_t MinHeapDeltaBytes                        = 1048576                                   {product} {ergonomic}
    uintx NonNMethodCodeHeapSize                   = 5836300                                {pd product} {ergonomic}
    uintx NonProfiledCodeHeapSize                  = 122910970                              {pd product} {ergonomic}
    uintx ProfiledCodeHeapSize                     = 122910970                              {pd product} {ergonomic}
    uintx ReservedCodeCacheSize                    = 251658240                              {pd product} {ergonomic}
     bool SegmentedCodeCache                       = true                                      {product} {ergonomic}
     bool UseCompressedClassPointers               = true                                 {lp64_product} {ergonomic}
     bool UseCompressedOops                        = true                                 {lp64_product} {ergonomic}
     bool UseG1GC                                  = true                                      {product} {ergonomic}
     bool UseLargePagesIndividualAllocation        = false                                  {pd product} {ergonomic}

Logging:
Log output configuration:
 #0: stdout all=warning uptime,level,tags
 #1: stderr all=off uptime,level,tags

Environment Variables:
JAVA_HOME=C:\jdk-17.0.2+8
PATH=C:\Program Files\Common Files\Oracle\Java\javapath;C:\Windows\system32;C:\Windows;C:\Windows\System32\Wbem;C:\Windows\System32\WindowsPowerShell\v1.0\;C:\Windows\System32\OpenSSH\;C:\Program Files\7-Zip;C:\Program Files (x86)\NVIDIA Corporation\PhysX\Common;C:\jdk-17.0.2+8\bin;C:\Program Files\Git\cmd;C:\Program Files\OpenVPN\bin;C:\Users\monahovvv\AppData\Local\Microsoft\WindowsApps;C:\Program Files\JetBrains\IntelliJ IDEA Community Edition 2022.2\bin;C:\Users\monahovvv\AppData\Local\GitHubDesktop\bin
USERNAME=monahovvv
OS=Windows_NT
PROCESSOR_IDENTIFIER=Intel64 Family 6 Model 158 Stepping 10, GenuineIntel



---------------  S Y S T E M  ---------------

OS: Windows 10 , 64 bit Build 18362 (10.0.18362.329)
OS uptime: 0 days 9:08 hours

CPU:total 8 (initial active 8) (4 cores per cpu, 2 threads per core) family 6 model 158 stepping 10 microcode 0xec, cmov, cx8, fxsr, mmx, sse, sse2, sse3, ssse3, sse4.1, sse4.2, popcnt, avx, avx2, aes, clmul, erms, 3dnowpref, lzcnt, ht, tsc, tscinvbit, bmi1, bmi2, adx, fma

Memory: 4k page, system-wide physical 16228M (3161M free)
TotalPageFile size 18128M (AvailPageFile size 3M)
current process WorkingSet (physical memory assigned to process): 550M, peak: 550M
current process commit charge ("private bytes"): 591M, peak: 591M

vm_info: OpenJDK 64-Bit Server VM (11.0.15+0-b2043.56-8887301) for windows-amd64 JRE (11.0.15+0-b2043.56-8887301), built on Jul 29 2022 23:19:47 by "builduser" with unknown MS VC++:1929

END.
