#
# There is insufficient memory for the Java Runtime Environment to continue.
# Native memory allocation (malloc) failed to allocate 1870576 bytes for Chunk::new
# Possible reasons:
#   The system is out of physical RAM or swap space
#   The process is running with CompressedOops enabled, and the Java Heap may be blocking the growth of the native heap
# Possible solutions:
#   Reduce memory load on the system
#   Increase physical memory or swap space
#   Check if swap backing store is full
#   Decrease Java heap size (-Xmx/-Xms)
#   Decrease number of Java threads
#   Decrease Java thread stack sizes (-Xss)
#   Set larger code cache with -XX:ReservedCodeCacheSize=
#   JVM is running with Unscaled Compressed Oops mode in which the Java heap is
#     placed in the first 4GB address space. The Java Heap base address is the
#     maximum limit for the native heap growth. Please use -XX:HeapBaseMinAddress
#     to set the Java Heap base and to place the Java Heap above 4GB virtual address.
# This output file may be truncated or incomplete.
#
#  Out of Memory Error (src/hotspot/share/memory/arena.cpp:197), pid=14572, tid=2992
#
# JRE version: OpenJDK Runtime Environment (11.0.15) (build 11.0.15+0-b2043.56-8887301)
# Java VM: OpenJDK 64-Bit Server VM (11.0.15+0-b2043.56-8887301, mixed mode, tiered, compressed oops, g1 gc, windows-amd64)
# No core dump will be written. Minidumps are not enabled by default on client versions of Windows
#

---------------  S U M M A R Y ------------

Command Line: --add-opens=java.base/java.util=ALL-UNNAMED --add-opens=java.base/java.lang=ALL-UNNAMED --add-opens=java.base/java.lang.invoke=ALL-UNNAMED --add-opens=java.base/java.util=ALL-UNNAMED --add-opens=java.prefs/java.util.prefs=ALL-UNNAMED --add-opens=java.prefs/java.util.prefs=ALL-UNNAMED --add-opens=java.base/java.nio.charset=ALL-UNNAMED --add-opens=java.base/java.net=ALL-UNNAMED --add-opens=java.base/java.util.concurrent.atomic=ALL-UNNAMED -Xmx2048m -Dfile.encoding=UTF-8 -Duser.country=RU -Duser.language=ru -Duser.variant org.gradle.launcher.daemon.bootstrap.GradleDaemon 7.5

Host: Intel(R) Core(TM) i5-9300H CPU @ 2.40GHz, 8 cores, 15G,  Windows 10 , 64 bit Build 18362 (10.0.18362.329)
Time: Thu Mar 23 14:30:58 2023 RTZ 2 (зима) elapsed time: 4.723674 seconds (0d 0h 0m 4s)

---------------  T H R E A D  ---------------

Current thread (0x00000248bc2f4800):  JavaThread "C2 CompilerThread1" daemon [_thread_in_native, id=2992, stack(0x000000c112e00000,0x000000c112f00000)]


Current CompileTask:
C2:   4723 3076       4       java.lang.invoke.MethodType::makeImpl (108 bytes)

Stack: [0x000000c112e00000,0x000000c112f00000]
Native frames: (J=compiled Java code, j=interpreted, Vv=VM code, C=native code)
V  [jvm.dll+0x64135a]
V  [jvm.dll+0x7d39f9]
V  [jvm.dll+0x7d51b9]
V  [jvm.dll+0x7d58a3]
V  [jvm.dll+0x2691c5]
V  [jvm.dll+0xc1a5c]
V  [jvm.dll+0xc200c]
V  [jvm.dll+0x377462]
V  [jvm.dll+0x342495]
V  [jvm.dll+0x34186a]
V  [jvm.dll+0x2214bd]
V  [jvm.dll+0x220498]
V  [jvm.dll+0x19e851]
V  [jvm.dll+0x230479]
V  [jvm.dll+0x22e5ef]
V  [jvm.dll+0x794de1]
V  [jvm.dll+0x78dc24]
V  [jvm.dll+0x6400f6]
C  [ucrtbase.dll+0x20e72]
C  [KERNEL32.DLL+0x17bd4]
C  [ntdll.dll+0x6ced1]


---------------  P R O C E S S  ---------------

Threads class SMR info:
_java_thread_list=0x00000248bcb72170, length=41, elements={
0x000002489e14b800, 0x00000248b8e6b000, 0x00000248b8e76000, 0x00000248b8ecf000,
0x00000248b8ed0000, 0x00000248b8ed1000, 0x00000248b8ed4000, 0x00000248b8ed9800,
0x00000248b8eda800, 0x00000248b9056000, 0x00000248ba338800, 0x00000248bb2d8800,
0x00000248b9369000, 0x00000248b91f5000, 0x00000248ba9ac000, 0x00000248ba1ac800,
0x00000248ba307800, 0x00000248bb540000, 0x00000248bb76a800, 0x00000248bb77a800,
0x00000248bbf5f800, 0x00000248bbf62000, 0x00000248bbf66000, 0x00000248bbf61000,
0x00000248bbf62800, 0x00000248bbf63800, 0x00000248bbf65000, 0x00000248bbf64800,
0x00000248bbf60000, 0x00000248be8a8000, 0x00000248be8a7000, 0x00000248be8a5800,
0x00000248be8a9000, 0x00000248bc2f4800, 0x00000248be8a6800, 0x00000248be8a9800,
0x00000248be8aa800, 0x00000248be8a5000, 0x00000248be8ae800, 0x00000248be8ad000,
0x00000248be54c800
}

Java Threads: ( => current thread )
  0x000002489e14b800 JavaThread "main" [_thread_blocked, id=13620, stack(0x000000c110800000,0x000000c110900000)]
  0x00000248b8e6b000 JavaThread "Reference Handler" daemon [_thread_blocked, id=12900, stack(0x000000c110f00000,0x000000c111000000)]
  0x00000248b8e76000 JavaThread "Finalizer" daemon [_thread_blocked, id=17672, stack(0x000000c111000000,0x000000c111100000)]
  0x00000248b8ecf000 JavaThread "Signal Dispatcher" daemon [_thread_blocked, id=12960, stack(0x000000c111100000,0x000000c111200000)]
  0x00000248b8ed0000 JavaThread "Attach Listener" daemon [_thread_blocked, id=11600, stack(0x000000c111200000,0x000000c111300000)]
  0x00000248b8ed1000 JavaThread "Service Thread" daemon [_thread_blocked, id=10076, stack(0x000000c111300000,0x000000c111400000)]
  0x00000248b8ed4000 JavaThread "C2 CompilerThread0" daemon [_thread_in_native, id=15728, stack(0x000000c111400000,0x000000c111500000)]
  0x00000248b8ed9800 JavaThread "C1 CompilerThread0" daemon [_thread_blocked, id=13548, stack(0x000000c111500000,0x000000c111600000)]
  0x00000248b8eda800 JavaThread "Sweeper thread" daemon [_thread_blocked, id=17212, stack(0x000000c111600000,0x000000c111700000)]
  0x00000248b9056000 JavaThread "Common-Cleaner" daemon [_thread_blocked, id=18008, stack(0x000000c111700000,0x000000c111800000)]
  0x00000248ba338800 JavaThread "Daemon health stats" [_thread_blocked, id=16356, stack(0x000000c112000000,0x000000c112100000)]
  0x00000248bb2d8800 JavaThread "Incoming local TCP Connector on port 49221" [_thread_in_native, id=17792, stack(0x000000c111900000,0x000000c111a00000)]
  0x00000248b9369000 JavaThread "Daemon periodic checks" [_thread_blocked, id=18108, stack(0x000000c111a00000,0x000000c111b00000)]
  0x00000248b91f5000 JavaThread "Daemon" [_thread_blocked, id=7072, stack(0x000000c112100000,0x000000c112200000)]
  0x00000248ba9ac000 JavaThread "Handler for socket connection from /127.0.0.1:49221 to /127.0.0.1:49222" [_thread_in_native, id=15944, stack(0x000000c112200000,0x000000c112300000)]
  0x00000248ba1ac800 JavaThread "Cancel handler" [_thread_blocked, id=3648, stack(0x000000c112300000,0x000000c112400000)]
  0x00000248ba307800 JavaThread "Daemon worker" [_thread_in_vm, id=12132, stack(0x000000c112400000,0x000000c112500000)]
  0x00000248bb540000 JavaThread "Asynchronous log dispatcher for DefaultDaemonConnection: socket connection from /127.0.0.1:49221 to /127.0.0.1:49222" [_thread_blocked, id=9680, stack(0x000000c112500000,0x000000c112600000)]
  0x00000248bb76a800 JavaThread "Stdin handler" [_thread_blocked, id=12392, stack(0x000000c112600000,0x000000c112700000)]
  0x00000248bb77a800 JavaThread "Daemon client event forwarder" [_thread_blocked, id=12924, stack(0x000000c112700000,0x000000c112800000)]
  0x00000248bbf5f800 JavaThread "Cache worker for journal cache (C:\Users\monahovvv\.gradle\caches\journal-1)" [_thread_blocked, id=11804, stack(0x000000c112800000,0x000000c112900000)]
  0x00000248bbf62000 JavaThread "File lock request listener" [_thread_in_native, id=12620, stack(0x000000c112900000,0x000000c112a00000)]
  0x00000248bbf66000 JavaThread "Cache worker for file hash cache (C:\Users\monahovvv\.gradle\caches\7.5\fileHashes)" [_thread_blocked, id=11196, stack(0x000000c112d00000,0x000000c112e00000)]
  0x00000248bbf61000 JavaThread "File watcher server" daemon [_thread_in_native, id=14012, stack(0x000000c112f00000,0x000000c113000000)]
  0x00000248bbf62800 JavaThread "File watcher consumer" daemon [_thread_blocked, id=6148, stack(0x000000c113000000,0x000000c113100000)]
  0x00000248bbf63800 JavaThread "jar transforms" [_thread_blocked, id=1892, stack(0x000000c113200000,0x000000c113300000)]
  0x00000248bbf65000 JavaThread "jar transforms Thread 2" [_thread_blocked, id=12848, stack(0x000000c113300000,0x000000c113400000)]
  0x00000248bbf64800 JavaThread "jar transforms Thread 3" [_thread_blocked, id=15652, stack(0x000000c113400000,0x000000c113500000)]
  0x00000248bbf60000 JavaThread "jar transforms Thread 4" [_thread_blocked, id=10572, stack(0x000000c113500000,0x000000c113600000)]
  0x00000248be8a8000 JavaThread "jar transforms Thread 5" [_thread_blocked, id=17868, stack(0x000000c113600000,0x000000c113700000)]
  0x00000248be8a7000 JavaThread "jar transforms Thread 6" [_thread_blocked, id=5932, stack(0x000000c113700000,0x000000c113800000)]
  0x00000248be8a5800 JavaThread "jar transforms Thread 7" [_thread_blocked, id=17472, stack(0x000000c113800000,0x000000c113900000)]
  0x00000248be8a9000 JavaThread "jar transforms Thread 8" [_thread_blocked, id=13828, stack(0x000000c113900000,0x000000c113a00000)]
=>0x00000248bc2f4800 JavaThread "C2 CompilerThread1" daemon [_thread_in_native, id=2992, stack(0x000000c112e00000,0x000000c112f00000)]
  0x00000248be8a6800 JavaThread "Cache worker for checksums cache (D:\PRG\ANDROID\PROEKT\KalkVad_2_6\.gradle\7.5\checksums)" [_thread_blocked, id=8132, stack(0x000000c113100000,0x000000c113200000)]
  0x00000248be8a9800 JavaThread "Cache worker for cache directory md-rule (C:\Users\monahovvv\.gradle\caches\7.5\md-rule)" [_thread_blocked, id=7400, stack(0x000000c113a00000,0x000000c113b00000)]
  0x00000248be8aa800 JavaThread "Cache worker for file content cache (C:\Users\monahovvv\.gradle\caches\7.5\fileContent)" [_thread_blocked, id=10780, stack(0x000000c113b00000,0x000000c113c00000)]
  0x00000248be8a5000 JavaThread "Cache worker for file hash cache (D:\PRG\ANDROID\PROEKT\KalkVad_2_6\.gradle\7.5\fileHashes)" [_thread_blocked, id=2456, stack(0x000000c113c00000,0x000000c113d00000)]
  0x00000248be8ae800 JavaThread "Cache worker for cache directory md-supplier (C:\Users\monahovvv\.gradle\caches\7.5\md-supplier)" [_thread_blocked, id=8420, stack(0x000000c113d00000,0x000000c113e00000)]
  0x00000248be8ad000 JavaThread "Cache worker for execution history cache (C:\Users\monahovvv\.gradle\caches\7.5\executionHistory)" [_thread_blocked, id=16288, stack(0x000000c113e00000,0x000000c113f00000)]
  0x00000248be54c800 JavaThread "C2 CompilerThread2" daemon [_thread_in_native, id=16296, stack(0x000000c113f00000,0x000000c114000000)]

Other Threads:
  0x00000248b8e67000 VMThread "VM Thread" [stack: 0x000000c110e00000,0x000000c110f00000] [id=8960]
  0x00000248b9073000 WatcherThread [stack: 0x000000c111800000,0x000000c111900000] [id=14180]
  0x000002489e15f800 GCTaskThread "GC Thread#0" [stack: 0x000000c110900000,0x000000c110a00000] [id=17452]
  0x00000248b978b000 GCTaskThread "GC Thread#1" [stack: 0x000000c111b00000,0x000000c111c00000] [id=16724]
  0x00000248ba18f000 GCTaskThread "GC Thread#2" [stack: 0x000000c111c00000,0x000000c111d00000] [id=18344]
  0x00000248b9970800 GCTaskThread "GC Thread#3" [stack: 0x000000c111d00000,0x000000c111e00000] [id=18352]
  0x00000248b9a30800 GCTaskThread "GC Thread#4" [stack: 0x000000c111e00000,0x000000c111f00000] [id=5360]
  0x00000248ba2bc000 GCTaskThread "GC Thread#5" [stack: 0x000000c111f00000,0x000000c112000000] [id=15828]
  0x00000248bb44e800 GCTaskThread "GC Thread#6" [stack: 0x000000c112a00000,0x000000c112b00000] [id=3192]
  0x00000248bb1a0800 GCTaskThread "GC Thread#7" [stack: 0x000000c112b00000,0x000000c112c00000] [id=14588]
  0x000002489e190800 ConcurrentGCThread "G1 Main Marker" [stack: 0x000000c110a00000,0x000000c110b00000] [id=2696]
  0x000002489e192000 ConcurrentGCThread "G1 Conc#0" [stack: 0x000000c110b00000,0x000000c110c00000] [id=14532]
  0x00000248b9f8d000 ConcurrentGCThread "G1 Conc#1" [stack: 0x000000c112c00000,0x000000c112d00000] [id=2092]
  0x00000248b84af000 ConcurrentGCThread "G1 Refine#0" [stack: 0x000000c110c00000,0x000000c110d00000] [id=16620]
  0x00000248b84b0000 ConcurrentGCThread "G1 Young RemSet Sampling" [stack: 0x000000c110d00000,0x000000c110e00000] [id=8472]

Threads with active compile tasks:
C2 CompilerThread0     4889 3529       4       java.util.stream.ReferencePipeline$2$1::accept (27 bytes)
C1 CompilerThread0     4889 3531       3       sun.nio.fs.WindowsPathParser::normalize (233 bytes)
C2 CompilerThread1     4889 3076       4       java.lang.invoke.MethodType::makeImpl (108 bytes)
C2 CompilerThread2     4889 3434       4       jdk.internal.jimage.ImageStringsReader::stringFromByteBuffer (28 bytes)

VM state:not at safepoint (normal execution)

VM Mutex/Monitor currently owned by a thread: None

Heap address: 0x0000000080000000, size: 2048 MB, Compressed Oops mode: 32-bit
Narrow klass base: 0x0000000000000000, Narrow klass shift: 3
Compressed class space size: 1073741824 Address: 0x0000000100000000

Heap:
 garbage-first heap   total 260096K, used 93791K [0x0000000080000000, 0x0000000100000000)
  region size 1024K, 51 young (52224K), 10 survivors (10240K)
 Metaspace       used 40083K, capacity 41244K, committed 41296K, reserved 1085440K
  class space    used 5183K, capacity 5596K, committed 5632K, reserved 1048576K
Heap Regions: E=young(eden), S=young(survivor), O=old, HS=humongous(starts), HC=humongous(continues), CS=collection set, F=free, A=archive, TAMS=top-at-mark-start (previous, next)
|   0|0x0000000080000000, 0x0000000080100000, 0x0000000080100000|100%| O|  |TAMS 0x0000000080100000, 0x0000000080000000| Untracked 
|   1|0x0000000080100000, 0x0000000080200000, 0x0000000080200000|100%| O|  |TAMS 0x0000000080200000, 0x0000000080100000| Untracked 
|   2|0x0000000080200000, 0x0000000080300000, 0x0000000080300000|100%| O|  |TAMS 0x0000000080300000, 0x0000000080200000| Untracked 
|   3|0x0000000080300000, 0x0000000080400000, 0x0000000080400000|100%|HS|  |TAMS 0x0000000080400000, 0x0000000080300000| Complete 
|   4|0x0000000080400000, 0x0000000080500000, 0x0000000080500000|100%|HC|  |TAMS 0x0000000080500000, 0x0000000080400000| Complete 
|   5|0x0000000080500000, 0x0000000080600000, 0x0000000080600000|100%|HC|  |TAMS 0x0000000080600000, 0x0000000080500000| Complete 
|   6|0x0000000080600000, 0x0000000080700000, 0x0000000080700000|100%| O|  |TAMS 0x0000000080700000, 0x0000000080600000| Untracked 
|   7|0x0000000080700000, 0x0000000080800000, 0x0000000080800000|100%| O|  |TAMS 0x0000000080800000, 0x0000000080700000| Untracked 
|   8|0x0000000080800000, 0x0000000080900000, 0x0000000080900000|100%| O|  |TAMS 0x0000000080900000, 0x0000000080800000| Untracked 
|   9|0x0000000080900000, 0x0000000080a00000, 0x0000000080a00000|100%| O|  |TAMS 0x0000000080a00000, 0x0000000080900000| Untracked 
|  10|0x0000000080a00000, 0x0000000080b00000, 0x0000000080b00000|100%| O|  |TAMS 0x0000000080b00000, 0x0000000080a00000| Untracked 
|  11|0x0000000080b00000, 0x0000000080c00000, 0x0000000080c00000|100%| O|  |TAMS 0x0000000080c00000, 0x0000000080b00000| Untracked 
|  12|0x0000000080c00000, 0x0000000080d00000, 0x0000000080d00000|100%| O|  |TAMS 0x0000000080d00000, 0x0000000080c00000| Untracked 
|  13|0x0000000080d00000, 0x0000000080e00000, 0x0000000080e00000|100%| O|  |TAMS 0x0000000080e00000, 0x0000000080d00000| Untracked 
|  14|0x0000000080e00000, 0x0000000080f00000, 0x0000000080f00000|100%| O|  |TAMS 0x0000000080f00000, 0x0000000080e00000| Untracked 
|  15|0x0000000080f00000, 0x0000000081000000, 0x0000000081000000|100%| O|  |TAMS 0x0000000081000000, 0x0000000080f00000| Untracked 
|  16|0x0000000081000000, 0x0000000081065a00, 0x0000000081100000| 39%| O|  |TAMS 0x0000000081065a00, 0x0000000081000000| Untracked 
|  17|0x0000000081100000, 0x0000000081200000, 0x0000000081200000|100%|HS|  |TAMS 0x0000000081200000, 0x0000000081100000| Complete 
|  18|0x0000000081200000, 0x0000000081300000, 0x0000000081300000|100%|HC|  |TAMS 0x0000000081300000, 0x0000000081200000| Complete 
|  19|0x0000000081300000, 0x0000000081400000, 0x0000000081400000|100%|HS|  |TAMS 0x0000000081400000, 0x0000000081300000| Complete 
|  20|0x0000000081400000, 0x0000000081500000, 0x0000000081500000|100%|HC|  |TAMS 0x0000000081500000, 0x0000000081400000| Complete 
|  21|0x0000000081500000, 0x0000000081600000, 0x0000000081600000|100%|HC|  |TAMS 0x0000000081600000, 0x0000000081500000| Complete 
|  22|0x0000000081600000, 0x0000000081700000, 0x0000000081700000|100%|HS|  |TAMS 0x0000000081700000, 0x0000000081600000| Complete 
|  23|0x0000000081700000, 0x0000000081800000, 0x0000000081800000|100%|HC|  |TAMS 0x0000000081800000, 0x0000000081700000| Complete 
|  24|0x0000000081800000, 0x0000000081900000, 0x0000000081900000|100%|HC|  |TAMS 0x0000000081900000, 0x0000000081800000| Complete 
|  25|0x0000000081900000, 0x0000000081a00000, 0x0000000081a00000|100%|HS|  |TAMS 0x0000000081a00000, 0x0000000081900000| Complete 
|  26|0x0000000081a00000, 0x0000000081b00000, 0x0000000081b00000|100%|HC|  |TAMS 0x0000000081b00000, 0x0000000081a00000| Complete 
|  27|0x0000000081b00000, 0x0000000081c00000, 0x0000000081c00000|100%|HS|  |TAMS 0x0000000081c00000, 0x0000000081b00000| Complete 
|  28|0x0000000081c00000, 0x0000000081d00000, 0x0000000081d00000|100%|HC|  |TAMS 0x0000000081d00000, 0x0000000081c00000| Complete 
|  29|0x0000000081d00000, 0x0000000081e00000, 0x0000000081e00000|100%|HC|  |TAMS 0x0000000081e00000, 0x0000000081d00000| Complete 
|  30|0x0000000081e00000, 0x0000000081f00000, 0x0000000081f00000|100%|HC|  |TAMS 0x0000000081f00000, 0x0000000081e00000| Complete 
|  31|0x0000000081f00000, 0x0000000082000000, 0x0000000082000000|100%|HC|  |TAMS 0x0000000082000000, 0x0000000081f00000| Complete 
|  32|0x0000000082000000, 0x0000000082100000, 0x0000000082100000|100%|HC|  |TAMS 0x0000000082100000, 0x0000000082000000| Complete 
|  33|0x0000000082100000, 0x0000000082200000, 0x0000000082200000|100%|HC|  |TAMS 0x0000000082200000, 0x0000000082100000| Complete 
|  34|0x0000000082200000, 0x0000000082300000, 0x0000000082300000|100%|HC|  |TAMS 0x0000000082300000, 0x0000000082200000| Complete 
|  35|0x0000000082300000, 0x0000000082400000, 0x0000000082400000|100%|HC|  |TAMS 0x0000000082400000, 0x0000000082300000| Complete 
|  36|0x0000000082400000, 0x0000000082500000, 0x0000000082500000|100%|HC|  |TAMS 0x0000000082500000, 0x0000000082400000| Complete 
|  37|0x0000000082500000, 0x0000000082600000, 0x0000000082600000|100%|HS|  |TAMS 0x0000000082600000, 0x0000000082500000| Complete 
|  38|0x0000000082600000, 0x0000000082700000, 0x0000000082700000|100%|HC|  |TAMS 0x0000000082700000, 0x0000000082600000| Complete 
|  39|0x0000000082700000, 0x0000000082800000, 0x0000000082800000|100%|HS|  |TAMS 0x0000000082800000, 0x0000000082700000| Complete 
|  40|0x0000000082800000, 0x0000000082900000, 0x0000000082900000|100%|HC|  |TAMS 0x0000000082900000, 0x0000000082800000| Complete 
|  41|0x0000000082900000, 0x0000000082a00000, 0x0000000082a00000|100%|HC|  |TAMS 0x0000000082a00000, 0x0000000082900000| Complete 
|  42|0x0000000082a00000, 0x0000000082b00000, 0x0000000082b00000|100%|HC|  |TAMS 0x0000000082b00000, 0x0000000082a00000| Complete 
|  43|0x0000000082b00000, 0x0000000082c00000, 0x0000000082c00000|100%|HC|  |TAMS 0x0000000082c00000, 0x0000000082b00000| Complete 
|  44|0x0000000082c00000, 0x0000000082c00000, 0x0000000082d00000|  0%| F|  |TAMS 0x0000000082c00000, 0x0000000082c00000| Untracked 
|  45|0x0000000082d00000, 0x0000000082d00000, 0x0000000082e00000|  0%| F|  |TAMS 0x0000000082d00000, 0x0000000082d00000| Untracked 
|  46|0x0000000082e00000, 0x0000000082e00000, 0x0000000082f00000|  0%| F|  |TAMS 0x0000000082e00000, 0x0000000082e00000| Untracked 
|  47|0x0000000082f00000, 0x0000000082f00000, 0x0000000083000000|  0%| F|  |TAMS 0x0000000082f00000, 0x0000000082f00000| Untracked 
|  48|0x0000000083000000, 0x0000000083000000, 0x0000000083100000|  0%| F|  |TAMS 0x0000000083000000, 0x0000000083000000| Untracked 
|  49|0x0000000083100000, 0x0000000083100000, 0x0000000083200000|  0%| F|  |TAMS 0x0000000083100000, 0x0000000083100000| Untracked 
|  50|0x0000000083200000, 0x0000000083200000, 0x0000000083300000|  0%| F|  |TAMS 0x0000000083200000, 0x0000000083200000| Untracked 
|  51|0x0000000083300000, 0x0000000083300000, 0x0000000083400000|  0%| F|  |TAMS 0x0000000083300000, 0x0000000083300000| Untracked 
|  52|0x0000000083400000, 0x0000000083400000, 0x0000000083500000|  0%| F|  |TAMS 0x0000000083400000, 0x0000000083400000| Untracked 
|  53|0x0000000083500000, 0x0000000083500000, 0x0000000083600000|  0%| F|  |TAMS 0x0000000083500000, 0x0000000083500000| Untracked 
|  54|0x0000000083600000, 0x0000000083600000, 0x0000000083700000|  0%| F|  |TAMS 0x0000000083600000, 0x0000000083600000| Untracked 
|  55|0x0000000083700000, 0x0000000083700000, 0x0000000083800000|  0%| F|  |TAMS 0x0000000083700000, 0x0000000083700000| Untracked 
|  56|0x0000000083800000, 0x0000000083800000, 0x0000000083900000|  0%| F|  |TAMS 0x0000000083800000, 0x0000000083800000| Untracked 
|  57|0x0000000083900000, 0x0000000083900000, 0x0000000083a00000|  0%| F|  |TAMS 0x0000000083900000, 0x0000000083900000| Untracked 
|  58|0x0000000083a00000, 0x0000000083a00000, 0x0000000083b00000|  0%| F|  |TAMS 0x0000000083a00000, 0x0000000083a00000| Untracked 
|  59|0x0000000083b00000, 0x0000000083b00000, 0x0000000083c00000|  0%| F|  |TAMS 0x0000000083b00000, 0x0000000083b00000| Untracked 
|  60|0x0000000083c00000, 0x0000000083c00000, 0x0000000083d00000|  0%| F|  |TAMS 0x0000000083c00000, 0x0000000083c00000| Untracked 
|  61|0x0000000083d00000, 0x0000000083d00000, 0x0000000083e00000|  0%| F|  |TAMS 0x0000000083d00000, 0x0000000083d00000| Untracked 
|  62|0x0000000083e00000, 0x0000000083e00000, 0x0000000083f00000|  0%| F|  |TAMS 0x0000000083e00000, 0x0000000083e00000| Untracked 
|  63|0x0000000083f00000, 0x0000000083f00000, 0x0000000084000000|  0%| F|  |TAMS 0x0000000083f00000, 0x0000000083f00000| Untracked 
|  64|0x0000000084000000, 0x0000000084000000, 0x0000000084100000|  0%| F|  |TAMS 0x0000000084000000, 0x0000000084000000| Untracked 
|  65|0x0000000084100000, 0x0000000084100000, 0x0000000084200000|  0%| F|  |TAMS 0x0000000084100000, 0x0000000084100000| Untracked 
|  66|0x0000000084200000, 0x0000000084200000, 0x0000000084300000|  0%| F|  |TAMS 0x0000000084200000, 0x0000000084200000| Untracked 
|  67|0x0000000084300000, 0x0000000084300000, 0x0000000084400000|  0%| F|  |TAMS 0x0000000084300000, 0x0000000084300000| Untracked 
|  68|0x0000000084400000, 0x0000000084400000, 0x0000000084500000|  0%| F|  |TAMS 0x0000000084400000, 0x0000000084400000| Untracked 
|  69|0x0000000084500000, 0x0000000084500000, 0x0000000084600000|  0%| F|  |TAMS 0x0000000084500000, 0x0000000084500000| Untracked 
|  70|0x0000000084600000, 0x0000000084600000, 0x0000000084700000|  0%| F|  |TAMS 0x0000000084600000, 0x0000000084600000| Untracked 
|  71|0x0000000084700000, 0x0000000084700000, 0x0000000084800000|  0%| F|  |TAMS 0x0000000084700000, 0x0000000084700000| Untracked 
|  72|0x0000000084800000, 0x0000000084800000, 0x0000000084900000|  0%| F|  |TAMS 0x0000000084800000, 0x0000000084800000| Untracked 
|  73|0x0000000084900000, 0x0000000084900000, 0x0000000084a00000|  0%| F|  |TAMS 0x0000000084900000, 0x0000000084900000| Untracked 
|  74|0x0000000084a00000, 0x0000000084a00000, 0x0000000084b00000|  0%| F|  |TAMS 0x0000000084a00000, 0x0000000084a00000| Untracked 
|  75|0x0000000084b00000, 0x0000000084b00000, 0x0000000084c00000|  0%| F|  |TAMS 0x0000000084b00000, 0x0000000084b00000| Untracked 
|  76|0x0000000084c00000, 0x0000000084c00000, 0x0000000084d00000|  0%| F|  |TAMS 0x0000000084c00000, 0x0000000084c00000| Untracked 
|  77|0x0000000084d00000, 0x0000000084d00000, 0x0000000084e00000|  0%| F|  |TAMS 0x0000000084d00000, 0x0000000084d00000| Untracked 
|  78|0x0000000084e00000, 0x0000000084e00000, 0x0000000084f00000|  0%| F|  |TAMS 0x0000000084e00000, 0x0000000084e00000| Untracked 
|  79|0x0000000084f00000, 0x0000000084f00000, 0x0000000085000000|  0%| F|  |TAMS 0x0000000084f00000, 0x0000000084f00000| Untracked 
|  80|0x0000000085000000, 0x0000000085000000, 0x0000000085100000|  0%| F|  |TAMS 0x0000000085000000, 0x0000000085000000| Untracked 
|  81|0x0000000085100000, 0x0000000085100000, 0x0000000085200000|  0%| F|  |TAMS 0x0000000085100000, 0x0000000085100000| Untracked 
|  82|0x0000000085200000, 0x0000000085200000, 0x0000000085300000|  0%| F|  |TAMS 0x0000000085200000, 0x0000000085200000| Untracked 
|  83|0x0000000085300000, 0x0000000085300000, 0x0000000085400000|  0%| F|  |TAMS 0x0000000085300000, 0x0000000085300000| Untracked 
|  84|0x0000000085400000, 0x0000000085400000, 0x0000000085500000|  0%| F|  |TAMS 0x0000000085400000, 0x0000000085400000| Untracked 
|  85|0x0000000085500000, 0x0000000085500000, 0x0000000085600000|  0%| F|  |TAMS 0x0000000085500000, 0x0000000085500000| Untracked 
|  86|0x0000000085600000, 0x0000000085600000, 0x0000000085700000|  0%| F|  |TAMS 0x0000000085600000, 0x0000000085600000| Untracked 
|  87|0x0000000085700000, 0x0000000085700000, 0x0000000085800000|  0%| F|  |TAMS 0x0000000085700000, 0x0000000085700000| Untracked 
|  88|0x0000000085800000, 0x0000000085800000, 0x0000000085900000|  0%| F|  |TAMS 0x0000000085800000, 0x0000000085800000| Untracked 
|  89|0x0000000085900000, 0x0000000085900000, 0x0000000085a00000|  0%| F|  |TAMS 0x0000000085900000, 0x0000000085900000| Untracked 
|  90|0x0000000085a00000, 0x0000000085a00000, 0x0000000085b00000|  0%| F|  |TAMS 0x0000000085a00000, 0x0000000085a00000| Untracked 
|  91|0x0000000085b00000, 0x0000000085b00000, 0x0000000085c00000|  0%| F|  |TAMS 0x0000000085b00000, 0x0000000085b00000| Untracked 
|  92|0x0000000085c00000, 0x0000000085c00000, 0x0000000085d00000|  0%| F|  |TAMS 0x0000000085c00000, 0x0000000085c00000| Untracked 
|  93|0x0000000085d00000, 0x0000000085d00000, 0x0000000085e00000|  0%| F|  |TAMS 0x0000000085d00000, 0x0000000085d00000| Untracked 
|  94|0x0000000085e00000, 0x0000000085e00000, 0x0000000085f00000|  0%| F|  |TAMS 0x0000000085e00000, 0x0000000085e00000| Untracked 
|  95|0x0000000085f00000, 0x0000000085f00000, 0x0000000086000000|  0%| F|  |TAMS 0x0000000085f00000, 0x0000000085f00000| Untracked 
|  96|0x0000000086000000, 0x0000000086000000, 0x0000000086100000|  0%| F|  |TAMS 0x0000000086000000, 0x0000000086000000| Untracked 
|  97|0x0000000086100000, 0x0000000086100000, 0x0000000086200000|  0%| F|  |TAMS 0x0000000086100000, 0x0000000086100000| Untracked 
|  98|0x0000000086200000, 0x0000000086200000, 0x0000000086300000|  0%| F|  |TAMS 0x0000000086200000, 0x0000000086200000| Untracked 
|  99|0x0000000086300000, 0x0000000086300000, 0x0000000086400000|  0%| F|  |TAMS 0x0000000086300000, 0x0000000086300000| Untracked 
| 100|0x0000000086400000, 0x0000000086400000, 0x0000000086500000|  0%| F|  |TAMS 0x0000000086400000, 0x0000000086400000| Untracked 
| 101|0x0000000086500000, 0x0000000086500000, 0x0000000086600000|  0%| F|  |TAMS 0x0000000086500000, 0x0000000086500000| Untracked 
| 102|0x0000000086600000, 0x0000000086600000, 0x0000000086700000|  0%| F|  |TAMS 0x0000000086600000, 0x0000000086600000| Untracked 
| 103|0x0000000086700000, 0x0000000086700000, 0x0000000086800000|  0%| F|  |TAMS 0x0000000086700000, 0x0000000086700000| Untracked 
| 104|0x0000000086800000, 0x0000000086800000, 0x0000000086900000|  0%| F|  |TAMS 0x0000000086800000, 0x0000000086800000| Untracked 
| 105|0x0000000086900000, 0x0000000086900000, 0x0000000086a00000|  0%| F|  |TAMS 0x0000000086900000, 0x0000000086900000| Untracked 
| 106|0x0000000086a00000, 0x0000000086a00000, 0x0000000086b00000|  0%| F|  |TAMS 0x0000000086a00000, 0x0000000086a00000| Untracked 
| 107|0x0000000086b00000, 0x0000000086b00000, 0x0000000086c00000|  0%| F|  |TAMS 0x0000000086b00000, 0x0000000086b00000| Untracked 
| 108|0x0000000086c00000, 0x0000000086c00000, 0x0000000086d00000|  0%| F|  |TAMS 0x0000000086c00000, 0x0000000086c00000| Untracked 
| 109|0x0000000086d00000, 0x0000000086d00000, 0x0000000086e00000|  0%| F|  |TAMS 0x0000000086d00000, 0x0000000086d00000| Untracked 
| 110|0x0000000086e00000, 0x0000000086e00000, 0x0000000086f00000|  0%| F|  |TAMS 0x0000000086e00000, 0x0000000086e00000| Untracked 
| 111|0x0000000086f00000, 0x0000000086f00000, 0x0000000087000000|  0%| F|  |TAMS 0x0000000086f00000, 0x0000000086f00000| Untracked 
| 112|0x0000000087000000, 0x0000000087000000, 0x0000000087100000|  0%| F|  |TAMS 0x0000000087000000, 0x0000000087000000| Untracked 
| 113|0x0000000087100000, 0x0000000087100000, 0x0000000087200000|  0%| F|  |TAMS 0x0000000087100000, 0x0000000087100000| Untracked 
| 114|0x0000000087200000, 0x0000000087200000, 0x0000000087300000|  0%| F|  |TAMS 0x0000000087200000, 0x0000000087200000| Untracked 
| 115|0x0000000087300000, 0x0000000087300000, 0x0000000087400000|  0%| F|  |TAMS 0x0000000087300000, 0x0000000087300000| Untracked 
| 116|0x0000000087400000, 0x0000000087400000, 0x0000000087500000|  0%| F|  |TAMS 0x0000000087400000, 0x0000000087400000| Untracked 
| 117|0x0000000087500000, 0x0000000087500000, 0x0000000087600000|  0%| F|  |TAMS 0x0000000087500000, 0x0000000087500000| Untracked 
| 118|0x0000000087600000, 0x0000000087600000, 0x0000000087700000|  0%| F|  |TAMS 0x0000000087600000, 0x0000000087600000| Untracked 
| 119|0x0000000087700000, 0x0000000087700000, 0x0000000087800000|  0%| F|  |TAMS 0x0000000087700000, 0x0000000087700000| Untracked 
| 120|0x0000000087800000, 0x0000000087800000, 0x0000000087900000|  0%| F|  |TAMS 0x0000000087800000, 0x0000000087800000| Untracked 
| 121|0x0000000087900000, 0x0000000087900000, 0x0000000087a00000|  0%| F|  |TAMS 0x0000000087900000, 0x0000000087900000| Untracked 
| 122|0x0000000087a00000, 0x0000000087a00000, 0x0000000087b00000|  0%| F|  |TAMS 0x0000000087a00000, 0x0000000087a00000| Untracked 
| 123|0x0000000087b00000, 0x0000000087b00000, 0x0000000087c00000|  0%| F|  |TAMS 0x0000000087b00000, 0x0000000087b00000| Untracked 
| 124|0x0000000087c00000, 0x0000000087c00000, 0x0000000087d00000|  0%| F|  |TAMS 0x0000000087c00000, 0x0000000087c00000| Untracked 
| 125|0x0000000087d00000, 0x0000000087d00000, 0x0000000087e00000|  0%| F|  |TAMS 0x0000000087d00000, 0x0000000087d00000| Untracked 
| 126|0x0000000087e00000, 0x0000000087e00000, 0x0000000087f00000|  0%| F|  |TAMS 0x0000000087e00000, 0x0000000087e00000| Untracked 
| 127|0x0000000087f00000, 0x0000000087f00000, 0x0000000088000000|  0%| F|  |TAMS 0x0000000087f00000, 0x0000000087f00000| Untracked 
| 128|0x0000000088000000, 0x0000000088000000, 0x0000000088100000|  0%| F|  |TAMS 0x0000000088000000, 0x0000000088000000| Untracked 
| 129|0x0000000088100000, 0x0000000088100000, 0x0000000088200000|  0%| F|  |TAMS 0x0000000088100000, 0x0000000088100000| Untracked 
| 130|0x0000000088200000, 0x0000000088200000, 0x0000000088300000|  0%| F|  |TAMS 0x0000000088200000, 0x0000000088200000| Untracked 
| 131|0x0000000088300000, 0x0000000088300000, 0x0000000088400000|  0%| F|  |TAMS 0x0000000088300000, 0x0000000088300000| Untracked 
| 132|0x0000000088400000, 0x0000000088400000, 0x0000000088500000|  0%| F|  |TAMS 0x0000000088400000, 0x0000000088400000| Untracked 
| 133|0x0000000088500000, 0x0000000088500000, 0x0000000088600000|  0%| F|  |TAMS 0x0000000088500000, 0x0000000088500000| Untracked 
| 134|0x0000000088600000, 0x0000000088600000, 0x0000000088700000|  0%| F|  |TAMS 0x0000000088600000, 0x0000000088600000| Untracked 
| 135|0x0000000088700000, 0x0000000088700000, 0x0000000088800000|  0%| F|  |TAMS 0x0000000088700000, 0x0000000088700000| Untracked 
| 136|0x0000000088800000, 0x0000000088800000, 0x0000000088900000|  0%| F|  |TAMS 0x0000000088800000, 0x0000000088800000| Untracked 
| 137|0x0000000088900000, 0x0000000088900000, 0x0000000088a00000|  0%| F|  |TAMS 0x0000000088900000, 0x0000000088900000| Untracked 
| 138|0x0000000088a00000, 0x0000000088a00000, 0x0000000088b00000|  0%| F|  |TAMS 0x0000000088a00000, 0x0000000088a00000| Untracked 
| 139|0x0000000088b00000, 0x0000000088b00000, 0x0000000088c00000|  0%| F|  |TAMS 0x0000000088b00000, 0x0000000088b00000| Untracked 
| 140|0x0000000088c00000, 0x0000000088c00000, 0x0000000088d00000|  0%| F|  |TAMS 0x0000000088c00000, 0x0000000088c00000| Untracked 
| 141|0x0000000088d00000, 0x0000000088d00000, 0x0000000088e00000|  0%| F|  |TAMS 0x0000000088d00000, 0x0000000088d00000| Untracked 
| 142|0x0000000088e00000, 0x0000000088e00000, 0x0000000088f00000|  0%| F|  |TAMS 0x0000000088e00000, 0x0000000088e00000| Untracked 
| 143|0x0000000088f00000, 0x0000000088f00000, 0x0000000089000000|  0%| F|  |TAMS 0x0000000088f00000, 0x0000000088f00000| Untracked 
| 144|0x0000000089000000, 0x0000000089000000, 0x0000000089100000|  0%| F|  |TAMS 0x0000000089000000, 0x0000000089000000| Untracked 
| 145|0x0000000089100000, 0x0000000089100000, 0x0000000089200000|  0%| F|  |TAMS 0x0000000089100000, 0x0000000089100000| Untracked 
| 146|0x0000000089200000, 0x0000000089200000, 0x0000000089300000|  0%| F|  |TAMS 0x0000000089200000, 0x0000000089200000| Untracked 
| 147|0x0000000089300000, 0x0000000089300000, 0x0000000089400000|  0%| F|  |TAMS 0x0000000089300000, 0x0000000089300000| Untracked 
| 148|0x0000000089400000, 0x0000000089400000, 0x0000000089500000|  0%| F|  |TAMS 0x0000000089400000, 0x0000000089400000| Untracked 
| 149|0x0000000089500000, 0x0000000089500000, 0x0000000089600000|  0%| F|  |TAMS 0x0000000089500000, 0x0000000089500000| Untracked 
| 150|0x0000000089600000, 0x0000000089600000, 0x0000000089700000|  0%| F|  |TAMS 0x0000000089600000, 0x0000000089600000| Untracked 
| 151|0x0000000089700000, 0x0000000089700000, 0x0000000089800000|  0%| F|  |TAMS 0x0000000089700000, 0x0000000089700000| Untracked 
| 152|0x0000000089800000, 0x0000000089800000, 0x0000000089900000|  0%| F|  |TAMS 0x0000000089800000, 0x0000000089800000| Untracked 
| 153|0x0000000089900000, 0x0000000089900000, 0x0000000089a00000|  0%| F|  |TAMS 0x0000000089900000, 0x0000000089900000| Untracked 
| 154|0x0000000089a00000, 0x0000000089a00000, 0x0000000089b00000|  0%| F|  |TAMS 0x0000000089a00000, 0x0000000089a00000| Untracked 
| 155|0x0000000089b00000, 0x0000000089b00000, 0x0000000089c00000|  0%| F|  |TAMS 0x0000000089b00000, 0x0000000089b00000| Untracked 
| 156|0x0000000089c00000, 0x0000000089c00000, 0x0000000089d00000|  0%| F|  |TAMS 0x0000000089c00000, 0x0000000089c00000| Untracked 
| 157|0x0000000089d00000, 0x0000000089d00000, 0x0000000089e00000|  0%| F|  |TAMS 0x0000000089d00000, 0x0000000089d00000| Untracked 
| 158|0x0000000089e00000, 0x0000000089e00000, 0x0000000089f00000|  0%| F|  |TAMS 0x0000000089e00000, 0x0000000089e00000| Untracked 
| 159|0x0000000089f00000, 0x0000000089f00000, 0x000000008a000000|  0%| F|  |TAMS 0x0000000089f00000, 0x0000000089f00000| Untracked 
| 160|0x000000008a000000, 0x000000008a000000, 0x000000008a100000|  0%| F|  |TAMS 0x000000008a000000, 0x000000008a000000| Untracked 
| 161|0x000000008a100000, 0x000000008a100000, 0x000000008a200000|  0%| F|  |TAMS 0x000000008a100000, 0x000000008a100000| Untracked 
| 162|0x000000008a200000, 0x000000008a200000, 0x000000008a300000|  0%| F|  |TAMS 0x000000008a200000, 0x000000008a200000| Untracked 
| 163|0x000000008a300000, 0x000000008a300000, 0x000000008a400000|  0%| F|  |TAMS 0x000000008a300000, 0x000000008a300000| Untracked 
| 164|0x000000008a400000, 0x000000008a400000, 0x000000008a500000|  0%| F|  |TAMS 0x000000008a400000, 0x000000008a400000| Untracked 
| 165|0x000000008a500000, 0x000000008a500000, 0x000000008a600000|  0%| F|  |TAMS 0x000000008a500000, 0x000000008a500000| Untracked 
| 166|0x000000008a600000, 0x000000008a600000, 0x000000008a700000|  0%| F|  |TAMS 0x000000008a600000, 0x000000008a600000| Untracked 
| 167|0x000000008a700000, 0x000000008a700000, 0x000000008a800000|  0%| F|  |TAMS 0x000000008a700000, 0x000000008a700000| Untracked 
| 168|0x000000008a800000, 0x000000008a800000, 0x000000008a900000|  0%| F|  |TAMS 0x000000008a800000, 0x000000008a800000| Untracked 
| 169|0x000000008a900000, 0x000000008a900000, 0x000000008aa00000|  0%| F|  |TAMS 0x000000008a900000, 0x000000008a900000| Untracked 
| 170|0x000000008aa00000, 0x000000008aa00000, 0x000000008ab00000|  0%| F|  |TAMS 0x000000008aa00000, 0x000000008aa00000| Untracked 
| 171|0x000000008ab00000, 0x000000008ab00000, 0x000000008ac00000|  0%| F|  |TAMS 0x000000008ab00000, 0x000000008ab00000| Untracked 
| 172|0x000000008ac00000, 0x000000008ac00000, 0x000000008ad00000|  0%| F|  |TAMS 0x000000008ac00000, 0x000000008ac00000| Untracked 
| 173|0x000000008ad00000, 0x000000008ad00000, 0x000000008ae00000|  0%| F|  |TAMS 0x000000008ad00000, 0x000000008ad00000| Untracked 
| 174|0x000000008ae00000, 0x000000008ae00000, 0x000000008af00000|  0%| F|  |TAMS 0x000000008ae00000, 0x000000008ae00000| Untracked 
| 175|0x000000008af00000, 0x000000008af00000, 0x000000008b000000|  0%| F|  |TAMS 0x000000008af00000, 0x000000008af00000| Untracked 
| 176|0x000000008b000000, 0x000000008b000000, 0x000000008b100000|  0%| F|  |TAMS 0x000000008b000000, 0x000000008b000000| Untracked 
| 177|0x000000008b100000, 0x000000008b100000, 0x000000008b200000|  0%| F|  |TAMS 0x000000008b100000, 0x000000008b100000| Untracked 
| 178|0x000000008b200000, 0x000000008b200000, 0x000000008b300000|  0%| F|  |TAMS 0x000000008b200000, 0x000000008b200000| Untracked 
| 179|0x000000008b300000, 0x000000008b300000, 0x000000008b400000|  0%| F|  |TAMS 0x000000008b300000, 0x000000008b300000| Untracked 
| 180|0x000000008b400000, 0x000000008b400000, 0x000000008b500000|  0%| F|  |TAMS 0x000000008b400000, 0x000000008b400000| Untracked 
| 181|0x000000008b500000, 0x000000008b500000, 0x000000008b600000|  0%| F|  |TAMS 0x000000008b500000, 0x000000008b500000| Untracked 
| 182|0x000000008b600000, 0x000000008b600000, 0x000000008b700000|  0%| F|  |TAMS 0x000000008b600000, 0x000000008b600000| Untracked 
| 183|0x000000008b700000, 0x000000008b700000, 0x000000008b800000|  0%| F|  |TAMS 0x000000008b700000, 0x000000008b700000| Untracked 
| 184|0x000000008b800000, 0x000000008b800000, 0x000000008b900000|  0%| F|  |TAMS 0x000000008b800000, 0x000000008b800000| Untracked 
| 185|0x000000008b900000, 0x000000008b900000, 0x000000008ba00000|  0%| F|  |TAMS 0x000000008b900000, 0x000000008b900000| Untracked 
| 186|0x000000008ba00000, 0x000000008ba00000, 0x000000008bb00000|  0%| F|  |TAMS 0x000000008ba00000, 0x000000008ba00000| Untracked 
| 187|0x000000008bb00000, 0x000000008bb00000, 0x000000008bc00000|  0%| F|  |TAMS 0x000000008bb00000, 0x000000008bb00000| Untracked 
| 188|0x000000008bc00000, 0x000000008bc00000, 0x000000008bd00000|  0%| F|  |TAMS 0x000000008bc00000, 0x000000008bc00000| Untracked 
| 189|0x000000008bd00000, 0x000000008bd00000, 0x000000008be00000|  0%| F|  |TAMS 0x000000008bd00000, 0x000000008bd00000| Untracked 
| 190|0x000000008be00000, 0x000000008be00000, 0x000000008bf00000|  0%| F|  |TAMS 0x000000008be00000, 0x000000008be00000| Untracked 
| 191|0x000000008bf00000, 0x000000008bf00000, 0x000000008c000000|  0%| F|  |TAMS 0x000000008bf00000, 0x000000008bf00000| Untracked 
| 192|0x000000008c000000, 0x000000008c000000, 0x000000008c100000|  0%| F|  |TAMS 0x000000008c000000, 0x000000008c000000| Untracked 
| 193|0x000000008c100000, 0x000000008c100000, 0x000000008c200000|  0%| F|  |TAMS 0x000000008c100000, 0x000000008c100000| Untracked 
| 194|0x000000008c200000, 0x000000008c200000, 0x000000008c300000|  0%| F|  |TAMS 0x000000008c200000, 0x000000008c200000| Untracked 
| 195|0x000000008c300000, 0x000000008c300000, 0x000000008c400000|  0%| F|  |TAMS 0x000000008c300000, 0x000000008c300000| Untracked 
| 196|0x000000008c400000, 0x000000008c400000, 0x000000008c500000|  0%| F|  |TAMS 0x000000008c400000, 0x000000008c400000| Untracked 
| 197|0x000000008c500000, 0x000000008c500000, 0x000000008c600000|  0%| F|  |TAMS 0x000000008c500000, 0x000000008c500000| Untracked 
| 198|0x000000008c600000, 0x000000008c600000, 0x000000008c700000|  0%| F|  |TAMS 0x000000008c600000, 0x000000008c600000| Untracked 
| 199|0x000000008c700000, 0x000000008c700000, 0x000000008c800000|  0%| F|  |TAMS 0x000000008c700000, 0x000000008c700000| Untracked 
| 200|0x000000008c800000, 0x000000008c800000, 0x000000008c900000|  0%| F|  |TAMS 0x000000008c800000, 0x000000008c800000| Untracked 
| 201|0x000000008c900000, 0x000000008c900000, 0x000000008ca00000|  0%| F|  |TAMS 0x000000008c900000, 0x000000008c900000| Untracked 
| 202|0x000000008ca00000, 0x000000008cb00000, 0x000000008cb00000|100%| E|  |TAMS 0x000000008ca00000, 0x000000008ca00000| Complete 
| 203|0x000000008cb00000, 0x000000008cc00000, 0x000000008cc00000|100%| E|CS|TAMS 0x000000008cb00000, 0x000000008cb00000| Complete 
| 204|0x000000008cc00000, 0x000000008cd00000, 0x000000008cd00000|100%| E|CS|TAMS 0x000000008cc00000, 0x000000008cc00000| Complete 
| 205|0x000000008cd00000, 0x000000008ce00000, 0x000000008ce00000|100%| E|CS|TAMS 0x000000008cd00000, 0x000000008cd00000| Complete 
| 206|0x000000008ce00000, 0x000000008cf00000, 0x000000008cf00000|100%| E|CS|TAMS 0x000000008ce00000, 0x000000008ce00000| Complete 
| 207|0x000000008cf00000, 0x000000008d000000, 0x000000008d000000|100%| E|CS|TAMS 0x000000008cf00000, 0x000000008cf00000| Complete 
| 208|0x000000008d000000, 0x000000008d100000, 0x000000008d100000|100%| E|CS|TAMS 0x000000008d000000, 0x000000008d000000| Complete 
| 209|0x000000008d100000, 0x000000008d200000, 0x000000008d200000|100%| E|CS|TAMS 0x000000008d100000, 0x000000008d100000| Complete 
| 210|0x000000008d200000, 0x000000008d300000, 0x000000008d300000|100%| E|CS|TAMS 0x000000008d200000, 0x000000008d200000| Complete 
| 211|0x000000008d300000, 0x000000008d400000, 0x000000008d400000|100%| E|CS|TAMS 0x000000008d300000, 0x000000008d300000| Complete 
| 212|0x000000008d400000, 0x000000008d500000, 0x000000008d500000|100%| E|CS|TAMS 0x000000008d400000, 0x000000008d400000| Complete 
| 213|0x000000008d500000, 0x000000008d600000, 0x000000008d600000|100%| E|CS|TAMS 0x000000008d500000, 0x000000008d500000| Complete 
| 214|0x000000008d600000, 0x000000008d700000, 0x000000008d700000|100%| E|CS|TAMS 0x000000008d600000, 0x000000008d600000| Complete 
| 215|0x000000008d700000, 0x000000008d800000, 0x000000008d800000|100%| E|CS|TAMS 0x000000008d700000, 0x000000008d700000| Complete 
| 216|0x000000008d800000, 0x000000008d900000, 0x000000008d900000|100%| E|CS|TAMS 0x000000008d800000, 0x000000008d800000| Complete 
| 217|0x000000008d900000, 0x000000008da00000, 0x000000008da00000|100%| E|CS|TAMS 0x000000008d900000, 0x000000008d900000| Complete 
| 218|0x000000008da00000, 0x000000008db00000, 0x000000008db00000|100%| E|CS|TAMS 0x000000008da00000, 0x000000008da00000| Complete 
| 219|0x000000008db00000, 0x000000008dc00000, 0x000000008dc00000|100%| E|CS|TAMS 0x000000008db00000, 0x000000008db00000| Complete 
| 220|0x000000008dc00000, 0x000000008dd00000, 0x000000008dd00000|100%| E|CS|TAMS 0x000000008dc00000, 0x000000008dc00000| Complete 
| 221|0x000000008dd00000, 0x000000008de00000, 0x000000008de00000|100%| E|CS|TAMS 0x000000008dd00000, 0x000000008dd00000| Complete 
| 222|0x000000008de00000, 0x000000008df00000, 0x000000008df00000|100%| E|CS|TAMS 0x000000008de00000, 0x000000008de00000| Complete 
| 223|0x000000008df00000, 0x000000008e000000, 0x000000008e000000|100%| E|CS|TAMS 0x000000008df00000, 0x000000008df00000| Complete 
| 224|0x000000008e000000, 0x000000008e100000, 0x000000008e100000|100%| E|CS|TAMS 0x000000008e000000, 0x000000008e000000| Complete 
| 225|0x000000008e100000, 0x000000008e200000, 0x000000008e200000|100%| E|CS|TAMS 0x000000008e100000, 0x000000008e100000| Complete 
| 226|0x000000008e200000, 0x000000008e300000, 0x000000008e300000|100%| E|CS|TAMS 0x000000008e200000, 0x000000008e200000| Complete 
| 227|0x000000008e300000, 0x000000008e400000, 0x000000008e400000|100%| E|CS|TAMS 0x000000008e300000, 0x000000008e300000| Complete 
| 228|0x000000008e400000, 0x000000008e500000, 0x000000008e500000|100%| E|CS|TAMS 0x000000008e400000, 0x000000008e400000| Complete 
| 229|0x000000008e500000, 0x000000008e600000, 0x000000008e600000|100%| E|CS|TAMS 0x000000008e500000, 0x000000008e500000| Complete 
| 230|0x000000008e600000, 0x000000008e700000, 0x000000008e700000|100%| E|CS|TAMS 0x000000008e600000, 0x000000008e600000| Complete 
| 231|0x000000008e700000, 0x000000008e800000, 0x000000008e800000|100%| E|  |TAMS 0x000000008e700000, 0x000000008e700000| Complete 
| 232|0x000000008e800000, 0x000000008e900000, 0x000000008e900000|100%| E|CS|TAMS 0x000000008e800000, 0x000000008e800000| Complete 
| 233|0x000000008e900000, 0x000000008ea00000, 0x000000008ea00000|100%| E|CS|TAMS 0x000000008e900000, 0x000000008e900000| Complete 
| 234|0x000000008ea00000, 0x000000008eb00000, 0x000000008eb00000|100%| E|CS|TAMS 0x000000008ea00000, 0x000000008ea00000| Complete 
| 235|0x000000008eb00000, 0x000000008ec00000, 0x000000008ec00000|100%| E|CS|TAMS 0x000000008eb00000, 0x000000008eb00000| Complete 
| 236|0x000000008ec00000, 0x000000008ec322e0, 0x000000008ed00000| 19%| S|CS|TAMS 0x000000008ec00000, 0x000000008ec00000| Complete 
| 237|0x000000008ed00000, 0x000000008ee00000, 0x000000008ee00000|100%| S|CS|TAMS 0x000000008ed00000, 0x000000008ed00000| Complete 
| 238|0x000000008ee00000, 0x000000008ef00000, 0x000000008ef00000|100%| S|CS|TAMS 0x000000008ee00000, 0x000000008ee00000| Complete 
| 239|0x000000008ef00000, 0x000000008f000000, 0x000000008f000000|100%| S|CS|TAMS 0x000000008ef00000, 0x000000008ef00000| Complete 
| 240|0x000000008f000000, 0x000000008f100000, 0x000000008f100000|100%| S|CS|TAMS 0x000000008f000000, 0x000000008f000000| Complete 
| 241|0x000000008f100000, 0x000000008f200000, 0x000000008f200000|100%| S|CS|TAMS 0x000000008f100000, 0x000000008f100000| Complete 
| 242|0x000000008f200000, 0x000000008f300000, 0x000000008f300000|100%| S|CS|TAMS 0x000000008f200000, 0x000000008f200000| Complete 
| 243|0x000000008f300000, 0x000000008f400000, 0x000000008f400000|100%| S|CS|TAMS 0x000000008f300000, 0x000000008f300000| Complete 
| 244|0x000000008f400000, 0x000000008f500000, 0x000000008f500000|100%| S|CS|TAMS 0x000000008f400000, 0x000000008f400000| Complete 
| 245|0x000000008f500000, 0x000000008f600000, 0x000000008f600000|100%| S|CS|TAMS 0x000000008f500000, 0x000000008f500000| Complete 
| 246|0x000000008f600000, 0x000000008f700000, 0x000000008f700000|100%| E|CS|TAMS 0x000000008f600000, 0x000000008f600000| Complete 
| 247|0x000000008f700000, 0x000000008f800000, 0x000000008f800000|100%| E|CS|TAMS 0x000000008f700000, 0x000000008f700000| Complete 
| 248|0x000000008f800000, 0x000000008f900000, 0x000000008f900000|100%| E|CS|TAMS 0x000000008f800000, 0x000000008f800000| Complete 
| 249|0x000000008f900000, 0x000000008fa00000, 0x000000008fa00000|100%| E|CS|TAMS 0x000000008f900000, 0x000000008f900000| Complete 
| 250|0x000000008fa00000, 0x000000008fb00000, 0x000000008fb00000|100%| E|CS|TAMS 0x000000008fa00000, 0x000000008fa00000| Complete 
| 251|0x000000008fb00000, 0x000000008fc00000, 0x000000008fc00000|100%| E|CS|TAMS 0x000000008fb00000, 0x000000008fb00000| Complete 
| 252|0x000000008fc00000, 0x000000008fd00000, 0x000000008fd00000|100%| E|CS|TAMS 0x000000008fc00000, 0x000000008fc00000| Complete 
| 253|0x000000008fd00000, 0x000000008fe00000, 0x000000008fe00000|100%| E|CS|TAMS 0x000000008fd00000, 0x000000008fd00000| Complete 

Card table byte_map: [0x00000248b1390000,0x00000248b1790000] _byte_map_base: 0x00000248b0f90000

Marking Bits (Prev, Next): (CMBitMap*) 0x000002489e187e18, (CMBitMap*) 0x000002489e187e50
 Prev Bits: [0x00000248b1b90000, 0x00000248b3b90000)
 Next Bits: [0x00000248b3b90000, 0x00000248b5b90000)

Polling page: 0x000002489bff0000

Metaspace:

Usage:
  Non-class:     34.81 MB capacity,    34.09 MB ( 98%) used,   631.27 KB (  2%) free+waste,   104.19 KB ( <1%) overhead. 
      Class:      5.46 MB capacity,     5.06 MB ( 93%) used,   362.18 KB (  6%) free+waste,    50.81 KB ( <1%) overhead. 
       Both:     40.28 MB capacity,    39.16 MB ( 97%) used,   993.45 KB (  2%) free+waste,   155.00 KB ( <1%) overhead. 

Virtual space:
  Non-class space:       36.00 MB reserved,      34.83 MB ( 97%) committed 
      Class space:        1.00 GB reserved,       5.50 MB ( <1%) committed 
             Both:        1.04 GB reserved,      40.33 MB (  4%) committed 

Chunk freelists:
   Non-Class:  16.00 KB
       Class:  4.00 KB
        Both:  20.00 KB

MaxMetaspaceSize: 17179869184.00 GB
CompressedClassSpaceSize: 1.00 GB
Initial GC threshold: 20.80 MB
Current GC threshold: 58.88 MB
CDS: off

CodeHeap 'non-profiled nmethods': size=120000Kb used=1896Kb max_used=1896Kb free=118103Kb
 bounds [0x00000248a9730000, 0x00000248a99a0000, 0x00000248b0c60000]
CodeHeap 'profiled nmethods': size=120000Kb used=7285Kb max_used=7285Kb free=112714Kb
 bounds [0x00000248a2200000, 0x00000248a2920000, 0x00000248a9730000]
CodeHeap 'non-nmethods': size=5760Kb used=1585Kb max_used=1644Kb free=4174Kb
 bounds [0x00000248a1c60000, 0x00000248a1ed0000, 0x00000248a2200000]
 total_blobs=4168 nmethods=3540 adapters=540
 compilation: enabled
              stopped_count=0, restarted_count=0
 full_count=0

Compilation events (20 events):
Event: 4.616 Thread 0x00000248b8ed9800 3158       3       java.lang.StringConcatHelper::mixLen (10 bytes)
Event: 4.617 Thread 0x00000248b8ed9800 nmethod 3158 0x00000248a2868e90 code [0x00000248a2869080, 0x00000248a28693c8]
Event: 4.617 Thread 0x00000248b8ed9800 3159       3       java.lang.StringConcatHelper::checkOverflow (16 bytes)
Event: 4.617 Thread 0x00000248b8ed9800 nmethod 3159 0x00000248a2869590 code [0x00000248a2869760, 0x00000248a2869948]
Event: 4.650 Thread 0x00000248b8ed4000 nmethod 3077 0x00000248a98e0310 code [0x00000248a98e0680, 0x00000248a98e34e0]
Event: 4.651 Thread 0x00000248b8ed4000 3128   !   4       jdk.internal.loader.URLClassPath$JarLoader::getResource (353 bytes)
Event: 4.656 Thread 0x00000248b8ed9800 3160       3       java.util.AbstractCollection::toArray (70 bytes)
Event: 4.656 Thread 0x00000248b8ed9800 nmethod 3160 0x00000248a2869a10 code [0x00000248a2869c60, 0x00000248a286a588]
Event: 4.661 Thread 0x00000248b8ed9800 3161       3       sun.nio.fs.WindowsPathParser::isSlash (18 bytes)
Event: 4.661 Thread 0x00000248b8ed9800 nmethod 3161 0x00000248a286a810 code [0x00000248a286a9c0, 0x00000248a286ab38]
Event: 4.664 Thread 0x00000248b8ed4000 

Event: 4.664 Thread 0x00000248b8ed4000 3092       4       java.util.Arrays::equals (57 bytes)
Event: 4.666 Thread 0x00000248b8ed4000 nmethod 3092 0x00000248a98e4490 code [0x00000248a98e4620, 0x00000248a98e4778]
Event: 4.666 Thread 0x00000248b8ed4000 3079       4       org.codehaus.groovy.reflection.CachedMethod::getName (8 bytes)
Event: 4.666 Thread 0x00000248b8ed4000 nmethod 3079 0x00000248a98e4890 code [0x00000248a98e4a20, 0x00000248a98e4a98]
Event: 4.666 Thread 0x00000248b8ed4000 3126       4       java.lang.String::<init> (15 bytes)
Event: 4.667 Thread 0x00000248b8ed4000 nmethod 3126 0x00000248a98e4b90 code [0x00000248a98e4d20, 0x00000248a98e4e58]
Event: 4.667 Thread 0x00000248b8ed4000 3099       4       java.lang.StringBuilder::append (8 bytes)
Event: 4.667 Thread 0x00000248b8ed4000 nmethod 3099 0x00000248a98e4f10 code [0x00000248a98e50a0, 0x00000248a98e5128]
Event: 4.671 Thread 0x00000248be54c800 


GC Heap History (10 events):
Event: 0.632 GC heap before
{Heap before GC invocations=0 (full 0):
 garbage-first heap   total 260096K, used 29696K [0x0000000080000000, 0x0000000100000000)
  region size 1024K, 24 young (24576K), 0 survivors (0K)
 Metaspace       used 10084K, capacity 10339K, committed 10624K, reserved 1058816K
  class space    used 1030K, capacity 1106K, committed 1152K, reserved 1048576K
}
Event: 0.636 GC heap after
{Heap after GC invocations=1 (full 0):
 garbage-first heap   total 260096K, used 9202K [0x0000000080000000, 0x0000000100000000)
  region size 1024K, 3 young (3072K), 3 survivors (3072K)
 Metaspace       used 10084K, capacity 10339K, committed 10624K, reserved 1058816K
  class space    used 1030K, capacity 1106K, committed 1152K, reserved 1048576K
}
Event: 2.201 GC heap before
{Heap before GC invocations=1 (full 0):
 garbage-first heap   total 260096K, used 102386K [0x0000000080000000, 0x0000000100000000)
  region size 1024K, 95 young (97280K), 3 survivors (3072K)
 Metaspace       used 20645K, capacity 21136K, committed 21296K, reserved 1069056K
  class space    used 2487K, capacity 2635K, committed 2688K, reserved 1048576K
}
Event: 2.209 GC heap after
{Heap after GC invocations=2 (full 0):
 garbage-first heap   total 260096K, used 16892K [0x0000000080000000, 0x0000000100000000)
  region size 1024K, 11 young (11264K), 11 survivors (11264K)
 Metaspace       used 20645K, capacity 21136K, committed 21296K, reserved 1069056K
  class space    used 2487K, capacity 2635K, committed 2688K, reserved 1048576K
}
Event: 2.473 GC heap before
{Heap before GC invocations=3 (full 0):
 garbage-first heap   total 260096K, used 52732K [0x0000000080000000, 0x0000000100000000)
  region size 1024K, 46 young (47104K), 11 survivors (11264K)
 Metaspace       used 24088K, capacity 24744K, committed 25008K, reserved 1071104K
  class space    used 3055K, capacity 3291K, committed 3328K, reserved 1048576K
}
Event: 2.479 GC heap after
{Heap after GC invocations=4 (full 0):
 garbage-first heap   total 260096K, used 18732K [0x0000000080000000, 0x0000000100000000)
  region size 1024K, 2 young (2048K), 2 survivors (2048K)
 Metaspace       used 24088K, capacity 24744K, committed 25008K, reserved 1071104K
  class space    used 3055K, capacity 3291K, committed 3328K, reserved 1048576K
}
Event: 4.237 GC heap before
{Heap before GC invocations=4 (full 0):
 garbage-first heap   total 260096K, used 144684K [0x0000000080000000, 0x0000000100000000)
  region size 1024K, 99 young (101376K), 2 survivors (2048K)
 Metaspace       used 33212K, capacity 34311K, committed 34480K, reserved 1079296K
  class space    used 4478K, capacity 4844K, committed 4864K, reserved 1048576K
}
Event: 4.241 GC heap after
{Heap after GC invocations=5 (full 0):
 garbage-first heap   total 260096K, used 52333K [0x0000000080000000, 0x0000000100000000)
  region size 1024K, 8 young (8192K), 8 survivors (8192K)
 Metaspace       used 33212K, capacity 34311K, committed 34480K, reserved 1079296K
  class space    used 4478K, capacity 4844K, committed 4864K, reserved 1048576K
}
Event: 4.368 GC heap before
{Heap before GC invocations=5 (full 0):
 garbage-first heap   total 260096K, used 59501K [0x0000000080000000, 0x0000000100000000)
  region size 1024K, 16 young (16384K), 8 survivors (8192K)
 Metaspace       used 34675K, capacity 35799K, committed 35920K, reserved 1081344K
  class space    used 4666K, capacity 5084K, committed 5120K, reserved 1048576K
}
Event: 4.373 GC heap after
{Heap after GC invocations=6 (full 0):
 garbage-first heap   total 260096K, used 53855K [0x0000000080000000, 0x0000000100000000)
  region size 1024K, 10 young (10240K), 10 survivors (10240K)
 Metaspace       used 34675K, capacity 35799K, committed 35920K, reserved 1081344K
  class space    used 4666K, capacity 5084K, committed 5120K, reserved 1048576K
}

Deoptimization events (20 events):
Event: 4.305 Thread 0x00000248ba307800 Uncommon trap: trap_request=0xffffffc6 fr.pc=0x00000248a985bda8 relative=0x00000000000005a8
Event: 4.305 Thread 0x00000248ba307800 Uncommon trap: reason=bimorphic_or_optimized_type_check action=maybe_recompile pc=0x00000248a985bda8 method=java.io.BufferedInputStream.read([BII)I @ 101 c2
Event: 4.305 Thread 0x00000248ba307800 DEOPT PACKING pc=0x00000248a985bda8 sp=0x000000c1124f7570
Event: 4.305 Thread 0x00000248ba307800 DEOPT UNPACKING pc=0x00000248a1caa1af sp=0x000000c1124f7528 mode 2
Event: 4.592 Thread 0x00000248ba307800 Uncommon trap: trap_request=0xffffff5c fr.pc=0x00000248a97cc2cc relative=0x000000000000118c
Event: 4.592 Thread 0x00000248ba307800 Uncommon trap: reason=speculate_null_assert action=make_not_entrant pc=0x00000248a97cc2cc method=jdk.internal.loader.URLClassPath$JarLoader.getResource(Ljava/lang/String;ZLjava/util/Set;)Ljdk/internal/loader/Resource; @ 17 c2
Event: 4.592 Thread 0x00000248ba307800 DEOPT PACKING pc=0x00000248a97cc2cc sp=0x000000c1124f3160
Event: 4.592 Thread 0x00000248ba307800 DEOPT UNPACKING pc=0x00000248a1caa1af sp=0x000000c1124f3108 mode 2
Event: 4.655 Thread 0x00000248ba307800 Uncommon trap: trap_request=0xffffff4d fr.pc=0x00000248a97c46a8 relative=0x0000000000001528
Event: 4.655 Thread 0x00000248ba307800 Uncommon trap: reason=unstable_if action=reinterpret pc=0x00000248a97c46a8 method=sun.nio.fs.WindowsPathParser.isSlash(C)Z @ 9 c2
Event: 4.655 Thread 0x00000248ba307800 DEOPT PACKING pc=0x00000248a97c46a8 sp=0x000000c1124f7310
Event: 4.655 Thread 0x00000248ba307800 DEOPT UNPACKING pc=0x00000248a1caa1af sp=0x000000c1124f72a0 mode 2
Event: 4.655 Thread 0x00000248ba307800 Uncommon trap: trap_request=0xffffff4d fr.pc=0x00000248a975145c relative=0x000000000000003c
Event: 4.655 Thread 0x00000248ba307800 Uncommon trap: reason=unstable_if action=reinterpret pc=0x00000248a975145c method=sun.nio.fs.WindowsPathParser.isSlash(C)Z @ 9 c2
Event: 4.655 Thread 0x00000248ba307800 DEOPT PACKING pc=0x00000248a975145c sp=0x000000c1124f7310
Event: 4.655 Thread 0x00000248ba307800 DEOPT UNPACKING pc=0x00000248a1caa1af sp=0x000000c1124f7298 mode 2
Event: 4.660 Thread 0x00000248ba307800 Uncommon trap: trap_request=0xffffffc6 fr.pc=0x00000248a9887794 relative=0x0000000000005074
Event: 4.660 Thread 0x00000248ba307800 Uncommon trap: reason=bimorphic_or_optimized_type_check action=maybe_recompile pc=0x00000248a9887794 method=java.net.URL.<init>(Ljava/net/URL;Ljava/lang/String;Ljava/net/URLStreamHandler;)V @ 504 c2
Event: 4.660 Thread 0x00000248ba307800 DEOPT PACKING pc=0x00000248a9887794 sp=0x000000c1124f5470
Event: 4.660 Thread 0x00000248ba307800 DEOPT UNPACKING pc=0x00000248a1caa1af sp=0x000000c1124f5410 mode 2

Classes redefined (0 events):
No events

Internal exceptions (20 events):
Event: 4.031 Thread 0x00000248ba307800 Exception <a 'java/lang/NoSuchMethodError'{0x000000008b385e28}: 'java.lang.Object java.lang.invoke.Invokers$Holder.linkToTargetMethod(java.lang.Object, java.lang.Object, java.lang.Object, java.lang.Object, java.lang.Object, java.lang.Object, java.lang.Object, java.lang.Object, java.lang.Object, java.lang.Object, java.lang.Object, java.lang.Object)'> (0x000000008b385e28) thrown at [src/hotspot/share/interpreter/linkResolver.cpp, line 773]
Event: 4.038 Thread 0x00000248ba307800 Exception <a 'java/lang/NoSuchMethodError'{0x000000008b2705c0}: 'java.lang.Object java.lang.invoke.DirectMethodHandle$Holder.invokeStaticInit(java.lang.Object, java.lang.Object, java.lang.Object, java.lang.Object)'> (0x000000008b2705c0) thrown at [src/hotspot/share/interpreter/linkResolver.cpp, line 773]
Event: 4.106 Thread 0x00000248ba307800 Exception <a 'java/lang/NoSuchMethodError'{0x000000008a98ed48}: 'java.lang.Object java.lang.invoke.Invokers$Holder.linkToTargetMethod(java.lang.Object, java.lang.Object, java.lang.Object, java.lang.Object, java.lang.Object, java.lang.Object, java.lang.Object, java.lang.Object)'> (0x000000008a98ed48) thrown at [src/hotspot/share/interpreter/linkResolver.cpp, line 773]
Event: 4.112 Thread 0x00000248ba307800 Exception <a 'java/lang/IncompatibleClassChangeError'{0x000000008a823368}: Found class java.lang.Object, but interface was expected> (0x000000008a823368) thrown at [src/hotspot/share/interpreter/linkResolver.cpp, line 839]
Event: 4.237 Thread 0x00000248ba307800 Exception <a 'java/lang/NoSuchMethodError'{0x0000000089bf39b0}: 'java.lang.Object java.lang.invoke.Invokers$Holder.linkToTargetMethod(java.lang.Object, long, java.lang.Object)'> (0x0000000089bf39b0) thrown at [src/hotspot/share/interpreter/linkResolver.cpp, line 773]
Event: 4.246 Thread 0x00000248ba307800 Exception <a 'java/lang/NoSuchMethodError'{0x000000008fd432e8}: 'int java.lang.invoke.DirectMethodHandle$Holder.invokeStatic(java.lang.Object, java.lang.Object, java.lang.Object, java.lang.Object, java.lang.Object)'> (0x000000008fd432e8) thrown at [src/hotspot/share/interpreter/linkResolver.cpp, line 773]
Event: 4.344 Thread 0x00000248ba307800 Exception <a 'java/lang/NoSuchMethodError'{0x000000008f632bc8}: 'void java.lang.invoke.DirectMethodHandle$Holder.invokeStaticInit(java.lang.Object, java.lang.Object, java.lang.Object)'> (0x000000008f632bc8) thrown at [src/hotspot/share/interpreter/linkResolver.cpp, line 773]
Event: 4.344 Thread 0x00000248ba307800 Exception <a 'java/lang/NoSuchMethodError'{0x000000008f63a0c8}: 'void java.lang.invoke.DirectMethodHandle$Holder.invokeStaticInit(java.lang.Object, java.lang.Object, java.lang.Object, java.lang.Object)'> (0x000000008f63a0c8) thrown at [src/hotspot/share/interpreter/linkResolver.cpp, line 773]
Event: 4.346 Thread 0x00000248ba307800 Exception <a 'java/lang/NoSuchMethodError'{0x000000008f65caa8}: 'void java.lang.invoke.DirectMethodHandle$Holder.invokeStaticInit(java.lang.Object, java.lang.Object, java.lang.Object, java.lang.Object, java.lang.Object)'> (0x000000008f65caa8) thrown at [src/hotspot/share/interpreter/linkResolver.cpp, line 773]
Event: 4.367 Thread 0x00000248ba307800 Exception <a 'java/lang/NoSuchMethodError'{0x000000008f6d5148}: 'int java.lang.invoke.DirectMethodHandle$Holder.invokeStaticInit(java.lang.Object, java.lang.Object, java.lang.Object, java.lang.Object)'> (0x000000008f6d5148) thrown at [src/hotspot/share/interpreter/linkResolver.cpp, line 773]
Event: 4.587 Thread 0x00000248ba307800 Exception <a 'java/lang/NoSuchMethodError'{0x000000008ebeee10}: 'java.lang.Object java.lang.invoke.DirectMethodHandle$Holder.invokeStatic(java.lang.Object, java.lang.Object, java.lang.Object, java.lang.Object, java.lang.Object, java.lang.Object, java.lang.Object, java.lang.Object, java.lang.Object, java.lang.Object, java.lang.Object, int)'> (0x000000008ebeee10) thrown at [src/hotspot/share/interpreter/linkResolver.cpp, line 773]
Event: 4.588 Thread 0x00000248ba307800 Exception <a 'java/lang/NoSuchMethodError'{0x000000008ea0e198}: 'java.lang.Object java.lang.invoke.DirectMethodHandle$Holder.invokeStatic(java.lang.Object, java.lang.Object, java.lang.Object, java.lang.Object, java.lang.Object, java.lang.Object, java.lang.Object, java.lang.Object, java.lang.Object, java.lang.Object, java.lang.Object, int, int)'> (0x000000008ea0e198) thrown at [src/hotspot/share/interpreter/linkResolver.cpp, line 773]
Event: 4.590 Thread 0x00000248ba307800 Exception <a 'java/lang/NoSuchMethodError'{0x000000008ea2df18}: 'java.lang.Object java.lang.invoke.DirectMethodHandle$Holder.invokeStatic(java.lang.Object, java.lang.Object, java.lang.Object, java.lang.Object, java.lang.Object, java.lang.Object, java.lang.Object, java.lang.Object, java.lang.Object, java.lang.Object, java.lang.Object, int, int, java.lang.Object)'> (0x000000008ea2df18) thrown at [src/hotspot/share/interpreter/linkResolver.cpp, line 773]
Event: 4.591 Thread 0x00000248ba307800 Exception <a 'java/lang/NoSuchMethodError'{0x000000008ea4f560}: 'java.lang.Object java.lang.invoke.DirectMethodHandle$Holder.invokeStatic(java.lang.Object, java.lang.Object, java.lang.Object, java.lang.Object, java.lang.Object, java.lang.Object, java.lang.Object, java.lang.Object, java.lang.Object, java.lang.Object, java.lang.Object, int, int, java.lang.Object, java.lang.Object)'> (0x000000008ea4f560) thrown at [src/hotspot/share/interpreter/linkResolver.cpp, line 773]
Event: 4.594 Thread 0x00000248ba307800 Exception <a 'java/lang/ClassNotFoundException'{0x000000008ea811e8}: groovy/lang/ExpandoMetaClassBeanInfo> (0x000000008ea811e8) thrown at [src/hotspot/share/classfile/systemDictionary.cpp, line 230]
Event: 4.595 Thread 0x00000248ba307800 Exception <a 'java/lang/ClassNotFoundException'{0x000000008eaa2d98}: groovy/lang/MetaClassImplBeanInfo> (0x000000008eaa2d98) thrown at [src/hotspot/share/classfile/systemDictionary.cpp, line 230]
Event: 4.595 Thread 0x00000248ba307800 Exception <a 'java/lang/ClassNotFoundException'{0x000000008eaacd90}: java/lang/ObjectBeanInfo> (0x000000008eaacd90) thrown at [src/hotspot/share/classfile/systemDictionary.cpp, line 230]
Event: 4.596 Thread 0x00000248ba307800 Exception <a 'java/lang/ClassNotFoundException'{0x000000008eab91f8}: java/lang/ObjectCustomizer> (0x000000008eab91f8) thrown at [src/hotspot/share/classfile/systemDictionary.cpp, line 230]
Event: 4.601 Thread 0x00000248ba307800 Exception <a 'java/lang/ClassNotFoundException'{0x000000008eae1bb8}: groovy/lang/MetaClassImplCustomizer> (0x000000008eae1bb8) thrown at [src/hotspot/share/classfile/systemDictionary.cpp, line 230]
Event: 4.604 Thread 0x00000248ba307800 Exception <a 'java/lang/ClassNotFoundException'{0x000000008e9236c8}: groovy/lang/ExpandoMetaClassCustomizer> (0x000000008e9236c8) thrown at [src/hotspot/share/classfile/systemDictionary.cpp, line 230]

Events (20 events):
Event: 4.658 loading class java/nio/file/ProviderMismatchException
Event: 4.659 loading class java/nio/file/ProviderMismatchException done
Event: 4.659 loading class java/nio/channels/AsynchronousFileChannel
Event: 4.659 loading class java/nio/channels/AsynchronousChannel
Event: 4.659 loading class java/nio/channels/AsynchronousChannel done
Event: 4.659 loading class java/nio/channels/AsynchronousFileChannel done
Event: 4.659 loading class java/nio/file/FileStore
Event: 4.659 loading class java/nio/file/FileStore done
Event: 4.659 loading class jdk/internal/jrtfs/JrtFileSystemProvider
Event: 4.659 loading class jdk/internal/jrtfs/JrtFileSystemProvider done
Event: 4.659 loading class sun/net/www/protocol/jrt/JavaRuntimeURLConnection
Event: 4.660 loading class sun/net/www/protocol/jrt/JavaRuntimeURLConnection done
Event: 4.660 loading class sun/net/www/protocol/jrt/JavaRuntimeURLConnection$1
Event: 4.660 loading class sun/net/www/protocol/jrt/JavaRuntimeURLConnection$1 done
Event: 4.660 Executing VM operation: Deoptimize
Event: 4.660 Executing VM operation: Deoptimize done
Event: 4.661 loading class sun/nio/fs/WindowsLinkSupport
Event: 4.661 loading class sun/nio/fs/WindowsLinkSupport done
Event: 4.662 loading class java/nio/file/ClosedFileSystemException
Event: 4.662 loading class java/nio/file/ClosedFileSystemException done


Dynamic libraries:
0x00007ff7c3360000 - 0x00007ff7c336a000 	D:\PRG\ANDROID\Android Studio\jbr\bin\java.exe
0x00007ffdb9f60000 - 0x00007ffdba150000 	C:\Windows\SYSTEM32\ntdll.dll
0x00007ffdb85e0000 - 0x00007ffdb8692000 	C:\Windows\System32\KERNEL32.DLL
0x00007ffdb7a90000 - 0x00007ffdb7d33000 	C:\Windows\System32\KERNELBASE.dll
0x00007ffdb7790000 - 0x00007ffdb788a000 	C:\Windows\System32\ucrtbase.dll
0x00007ffd9e560000 - 0x00007ffd9e57b000 	D:\PRG\ANDROID\Android Studio\jbr\bin\VCRUNTIME140.dll
0x00007ffd9e5a0000 - 0x00007ffd9e5b7000 	D:\PRG\ANDROID\Android Studio\jbr\bin\jli.dll
0x00007ffdb8340000 - 0x00007ffdb84d4000 	C:\Windows\System32\USER32.dll
0x00007ffda0310000 - 0x00007ffda0595000 	C:\Windows\WinSxS\amd64_microsoft.windows.common-controls_6595b64144ccf1df_6.0.18362.592_none_e6c0b1911312be02\COMCTL32.dll
0x00007ffdb6ef0000 - 0x00007ffdb6f11000 	C:\Windows\System32\win32u.dll
0x00007ffdb8a10000 - 0x00007ffdb8aae000 	C:\Windows\System32\msvcrt.dll
0x00007ffdb9670000 - 0x00007ffdb9696000 	C:\Windows\System32\GDI32.dll
0x00007ffdb9250000 - 0x00007ffdb9586000 	C:\Windows\System32\combase.dll
0x00007ffdb7890000 - 0x00007ffdb7a24000 	C:\Windows\System32\gdi32full.dll
0x00007ffdb8890000 - 0x00007ffdb89b0000 	C:\Windows\System32\RPCRT4.dll
0x00007ffdb7df0000 - 0x00007ffdb7e8e000 	C:\Windows\System32\msvcp_win.dll
0x00007ffdb6f90000 - 0x00007ffdb7010000 	C:\Windows\System32\bcryptPrimitives.dll
0x00007ffdb7fe0000 - 0x00007ffdb800e000 	C:\Windows\System32\IMM32.DLL
0x00007ffd755f0000 - 0x00007ffd7567d000 	D:\PRG\ANDROID\Android Studio\jbr\bin\msvcp140.dll
0x00007ffd9dcd0000 - 0x00007ffd9dcdc000 	C:\Windows\SYSTEM32\VCRUNTIME140_1.dll
0x00007ffd723b0000 - 0x00007ffd72f6c000 	D:\PRG\ANDROID\Android Studio\jbr\bin\server\jvm.dll
0x00007ffdb95a0000 - 0x00007ffdb9643000 	C:\Windows\System32\ADVAPI32.dll
0x00007ffdb84e0000 - 0x00007ffdb8577000 	C:\Windows\System32\sechost.dll
0x00007ffdb8fa0000 - 0x00007ffdb8fa8000 	C:\Windows\System32\PSAPI.DLL
0x00007ffdaf280000 - 0x00007ffdaf289000 	C:\Windows\SYSTEM32\WSOCK32.dll
0x00007ffdaf410000 - 0x00007ffdaf434000 	C:\Windows\SYSTEM32\WINMM.dll
0x00007ffdb8820000 - 0x00007ffdb888f000 	C:\Windows\System32\WS2_32.dll
0x00007ffdac0e0000 - 0x00007ffdac0ea000 	C:\Windows\SYSTEM32\VERSION.dll
0x00007ffdaf3e0000 - 0x00007ffdaf40d000 	C:\Windows\SYSTEM32\WINMMBASE.dll
0x00007ffdb6f40000 - 0x00007ffdb6f8a000 	C:\Windows\System32\cfgmgr32.dll
0x00007ffdb6e10000 - 0x00007ffdb6e21000 	C:\Windows\System32\kernel.appcore.dll
0x00007ffdaf1c0000 - 0x00007ffdaf1d0000 	D:\PRG\ANDROID\Android Studio\jbr\bin\verify.dll
0x00007ffdb52c0000 - 0x00007ffdb54b4000 	C:\Windows\SYSTEM32\DBGHELP.DLL
0x00007ffda1050000 - 0x00007ffda107a000 	C:\Windows\SYSTEM32\dbgcore.DLL
0x00007ffdacf20000 - 0x00007ffdacf48000 	D:\PRG\ANDROID\Android Studio\jbr\bin\java.dll
0x00007ffdade90000 - 0x00007ffdade9a000 	D:\PRG\ANDROID\Android Studio\jbr\bin\jimage.dll
0x00007ffdacbf0000 - 0x00007ffdacc08000 	D:\PRG\ANDROID\Android Studio\jbr\bin\zip.dll
0x00007ffdb9800000 - 0x00007ffdb9ee5000 	C:\Windows\System32\SHELL32.dll
0x00007ffdb8770000 - 0x00007ffdb8819000 	C:\Windows\System32\shcore.dll
0x00007ffdb7010000 - 0x00007ffdb778f000 	C:\Windows\System32\windows.storage.dll
0x00007ffdb6ea0000 - 0x00007ffdb6ebf000 	C:\Windows\System32\profapi.dll
0x00007ffdb6e30000 - 0x00007ffdb6e7a000 	C:\Windows\System32\powrprof.dll
0x00007ffdb6e00000 - 0x00007ffdb6e10000 	C:\Windows\System32\UMPDC.dll
0x00007ffdb89b0000 - 0x00007ffdb8a02000 	C:\Windows\System32\shlwapi.dll
0x00007ffdb6f20000 - 0x00007ffdb6f37000 	C:\Windows\System32\cryptsp.dll
0x0000000072480000 - 0x0000000072491000 	C:\Program Files\Common Files\Crypto Pro\AppCompat\cpadvai.dll
0x00000000724a0000 - 0x00000000724a7000 	C:\Program Files\Common Files\Crypto Pro\AppCompat\detoured.dll
0x00007ffdabd50000 - 0x00007ffdabd69000 	D:\PRG\ANDROID\Android Studio\jbr\bin\net.dll
0x00007ffdae730000 - 0x00007ffdae820000 	C:\Windows\SYSTEM32\WINHTTP.dll
0x00007ffdb61f0000 - 0x00007ffdb6257000 	C:\Windows\system32\mswsock.dll
0x00007ffdaa9a0000 - 0x00007ffdaa9b3000 	D:\PRG\ANDROID\Android Studio\jbr\bin\nio.dll
0x00007ffd9f7d0000 - 0x00007ffd9f7f7000 	C:\Users\monahovvv\.gradle\native\e1d6ef7f7dcc3fd88c89a11ec53ec762bb8ba0a96d01ffa2cd45eb1d1d8dd5c5\windows-amd64\native-platform.dll
0x00007ffd77400000 - 0x00007ffd77544000 	C:\Users\monahovvv\.gradle\native\0d407fdbe67a94daf76414ababcb853783967236a71b16ec16e742cd7a986fd3\windows-amd64\native-platform-file-events.dll
0x00007ffdacbe0000 - 0x00007ffdacbea000 	D:\PRG\ANDROID\Android Studio\jbr\bin\management.dll
0x00007ffdacaf0000 - 0x00007ffdacafb000 	D:\PRG\ANDROID\Android Studio\jbr\bin\management_ext.dll
0x00007ffdb5d60000 - 0x00007ffdb5d93000 	C:\Windows\system32\rsaenh.dll
0x000002489c2c0000 - 0x000002489c2e6000 	C:\Windows\System32\bcrypt.dll
0x00007ffdb6d20000 - 0x00007ffdb6d45000 	C:\Windows\SYSTEM32\USERENV.dll
0x00007ffdb6840000 - 0x00007ffdb684c000 	C:\Windows\SYSTEM32\CRYPTBASE.dll
0x00007ffdb5f00000 - 0x00007ffdb5f3a000 	C:\Windows\SYSTEM32\IPHLPAPI.DLL
0x00007ffdb8010000 - 0x00007ffdb8018000 	C:\Windows\System32\NSI.dll
0x00007ffdadd50000 - 0x00007ffdadd66000 	C:\Windows\SYSTEM32\dhcpcsvc6.DLL
0x00007ffdadcb0000 - 0x00007ffdadccc000 	C:\Windows\SYSTEM32\dhcpcsvc.DLL
0x00007ffdb5f40000 - 0x00007ffdb600a000 	C:\Windows\SYSTEM32\DNSAPI.dll

dbghelp: loaded successfully - version: 4.0.5 - missing functions: none
symbol engine: initialized successfully - sym options: 0x614 - pdb path: .;D:\PRG\ANDROID\Android Studio\jbr\bin;C:\Windows\SYSTEM32;C:\Windows\WinSxS\amd64_microsoft.windows.common-controls_6595b64144ccf1df_6.0.18362.592_none_e6c0b1911312be02;D:\PRG\ANDROID\Android Studio\jbr\bin\server;C:\Program Files\Common Files\Crypto Pro\AppCompat;C:\Users\monahovvv\.gradle\native\e1d6ef7f7dcc3fd88c89a11ec53ec762bb8ba0a96d01ffa2cd45eb1d1d8dd5c5\windows-amd64;C:\Users\monahovvv\.gradle\native\0d407fdbe67a94daf76414ababcb853783967236a71b16ec16e742cd7a986fd3\windows-amd64

VM Arguments:
jvm_args: --add-opens=java.base/java.util=ALL-UNNAMED --add-opens=java.base/java.lang=ALL-UNNAMED --add-opens=java.base/java.lang.invoke=ALL-UNNAMED --add-opens=java.base/java.util=ALL-UNNAMED --add-opens=java.prefs/java.util.prefs=ALL-UNNAMED --add-opens=java.prefs/java.util.prefs=ALL-UNNAMED --add-opens=java.base/java.nio.charset=ALL-UNNAMED --add-opens=java.base/java.net=ALL-UNNAMED --add-opens=java.base/java.util.concurrent.atomic=ALL-UNNAMED -Xmx2048m -Dfile.encoding=UTF-8 -Duser.country=RU -Duser.language=ru -Duser.variant 
java_command: org.gradle.launcher.daemon.bootstrap.GradleDaemon 7.5
java_class_path (initial): C:\Users\monahovvv\.gradle\wrapper\dists\gradle-7.5-bin\f1w0cc9nuo0eivz97x2xlu9sv\gradle-7.5\lib\gradle-launcher-7.5.jar
Launcher Type: SUN_STANDARD

[Global flags]
     intx CICompilerCount                          = 4                                         {product} {ergonomic}
     uint ConcGCThreads                            = 2                                         {product} {ergonomic}
     uint G1ConcRefinementThreads                  = 8                                         {product} {ergonomic}
   size_t G1HeapRegionSize                         = 1048576                                   {product} {ergonomic}
    uintx GCDrainStackTargetSize                   = 64                                        {product} {ergonomic}
   size_t InitialHeapSize                          = 266338304                                 {product} {ergonomic}
   size_t MarkStackSize                            = 4194304                                   {product} {ergonomic}
   size_t MaxHeapSize                              = 2147483648                                {product} {command line}
   size_t MaxNewSize                               = 1287651328                                {product} {ergonomic}
   size_t MinHeapDeltaBytes                        = 1048576                                   {product} {ergonomic}
    uintx NonNMethodCodeHeapSize                   = 5836300                                {pd product} {ergonomic}
    uintx NonProfiledCodeHeapSize                  = 122910970                              {pd product} {ergonomic}
    uintx ProfiledCodeHeapSize                     = 122910970                              {pd product} {ergonomic}
    uintx ReservedCodeCacheSize                    = 251658240                              {pd product} {ergonomic}
     bool SegmentedCodeCache                       = true                                      {product} {ergonomic}
     bool UseCompressedClassPointers               = true                                 {lp64_product} {ergonomic}
     bool UseCompressedOops                        = true                                 {lp64_product} {ergonomic}
     bool UseG1GC                                  = true                                      {product} {ergonomic}
     bool UseLargePagesIndividualAllocation        = false                                  {pd product} {ergonomic}

Logging:
Log output configuration:
 #0: stdout all=warning uptime,level,tags
 #1: stderr all=off uptime,level,tags

Environment Variables:
JAVA_HOME=C:\jdk-17.0.2+8
PATH=C:\Program Files\Common Files\Oracle\Java\javapath;C:\Windows\system32;C:\Windows;C:\Windows\System32\Wbem;C:\Windows\System32\WindowsPowerShell\v1.0\;C:\Windows\System32\OpenSSH\;C:\Program Files\7-Zip;C:\Program Files (x86)\NVIDIA Corporation\PhysX\Common;C:\jdk-17.0.2+8\bin;C:\Program Files\Git\cmd;C:\Program Files\OpenVPN\bin;C:\Users\monahovvv\AppData\Local\Microsoft\WindowsApps;C:\Program Files\JetBrains\IntelliJ IDEA Community Edition 2022.2\bin;;C:\Users\monahovvv\AppData\Local\GitHubDesktop\bin
USERNAME=monahovvv
OS=Windows_NT
PROCESSOR_IDENTIFIER=Intel64 Family 6 Model 158 Stepping 10, GenuineIntel



---------------  S Y S T E M  ---------------

OS: Windows 10 , 64 bit Build 18362 (10.0.18362.329)
OS uptime: 0 days 6:52 hours

CPU:total 8 (initial active 8) (4 cores per cpu, 2 threads per core) family 6 model 158 stepping 10 microcode 0xec, cmov, cx8, fxsr, mmx, sse, sse2, sse3, ssse3, sse4.1, sse4.2, popcnt, avx, avx2, aes, clmul, erms, 3dnowpref, lzcnt, ht, tsc, tscinvbit, bmi1, bmi2, adx, fma

Memory: 4k page, system-wide physical 16228M (3085M free)
TotalPageFile size 18128M (AvailPageFile size 9M)
current process WorkingSet (physical memory assigned to process): 309M, peak: 313M
current process commit charge ("private bytes"): 454M, peak: 460M

vm_info: OpenJDK 64-Bit Server VM (11.0.15+0-b2043.56-8887301) for windows-amd64 JRE (11.0.15+0-b2043.56-8887301), built on Jul 29 2022 23:19:47 by "builduser" with unknown MS VC++:1929

END.
